/Users/tristanaddi1/Library/Python/3.9/lib/python/site-packages/urllib3/__init__.py:35: NotOpenSSLWarning: urllib3 v2 only supports OpenSSL 1.1.1+, currently the 'ssl' module is compiled with 'LibreSSL 2.8.3'. See: https://github.com/urllib3/urllib3/issues/3020
  warnings.warn(
Fetching all products from Shopify...
  Fetched 500 products...
  Fetched 1000 products...
  Fetched 1500 products...
  Fetched 2000 products...
  Fetched 2500 products...
  Fetched 3000 products...
  Fetched 3500 products...
  Fetched 4000 products...
  Fetched 4500 products...
  Fetched 5000 products...
  Fetched 5500 products...
  Fetched 6000 products...
  Fetched 6500 products...
  Fetched 7000 products...
  Fetched 7500 products...
  Found 7689 products

  Updated 100 products...
  Updated 200 products...
  Updated 300 products...
  Updated 400 products...
  Updated 500 products...
  Updated 600 products...
  Updated 700 products...
  Updated 800 products...
  Updated 900 products...
  Updated 1000 products...
  Updated 1100 products...
  Updated 1200 products...
  Updated 1300 products...
  Updated 1400 products...
  Updated 1500 products...
  Updated 1600 products...
  Updated 1700 products...
  Updated 1800 products...
  Updated 1900 products...
  Updated 2000 products...
  Updated 2100 products...
  Updated 2200 products...
  Updated 2300 products...
  Updated 2400 products...
  Updated 2500 products...
  Updated 2600 products...
  Updated 2700 products...
  Updated 2800 products...
  Updated 2900 products...
  Updated 3000 products...
  Updated 3100 products...
  Updated 3200 products...
  Updated 3300 products...
  Updated 3400 products...
  Updated 3500 products...
  Updated 3600 products...
  Updated 3700 products...
  Updated 3800 products...
  Updated 3900 products...
  Updated 4000 products...
  Updated 4100 products...
  Updated 4200 products...
  Updated 4300 products...
  Updated 4400 products...
  Updated 4500 products...
  Updated 4600 products...
  Updated 4700 products...
  Updated 4800 products...
  Updated 4900 products...
  Updated 5000 products...
  Updated 5100 products...
  Updated 5200 products...
  Updated 5300 products...
  Updated 5400 products...
  Updated 5500 products...
  Updated 5600 products...
  Updated 5700 products...
  Updated 5800 products...
  Updated 5900 products...
  Updated 6000 products...
  Updated 6100 products...
  Updated 6200 products...
  Updated 6300 products...
  Updated 6400 products...
  Updated 6500 products...
  Updated 6600 products...
  Updated 6700 products...
  Updated 6800 products...
  Updated 6900 products...
  Updated 7000 products...
  Updated 7100 products...
  Updated 7200 products...
  Updated 7300 products...
  Updated 7400 products...
  Updated 7500 products...
  Updated 7600 products...

============================================================
  RESULTS
============================================================
  Total products: 7689
  Updated:        7689
  Skipped:        0
  Failed:         0
