Fetching all products from Shopify...
  Fetched 500 products...
  Fetched 1000 products...
  Fetched 1500 products...
  Fetched 2000 products...
  Fetched 2500 products...
  Fetched 3000 products...
  Fetched 3500 products...
  Fetched 4000 products...
  Fetched 4500 products...
  Fetched 5000 products...
  Fetched 5500 products...
  Fetched 6000 products...
  Fetched 6500 products...
  Fetched 7000 products...
  Fetched 7500 products...
  Found 7689 products

  Updated 100 products...
  Updated 200 products...
  Updated 300 products...
  Updated 400 products...

============================================================
  RESULTS
============================================================
  Total products: 7689
  Updated:        409
  Skipped:        7280
  Failed:         0
