
  === DRY RUN — no changes will be made ===

Fetching all products from Shopify...
  Throttled, waiting 1s...
  Fetched 500 products...
  Fetched 1000 products...
  Fetched 1500 products...
  Fetched 2000 products...
  Fetched 2500 products...
  Fetched 3000 products...
  Fetched 3500 products...
  Fetched 4000 products...
  Fetched 4500 products...
  Fetched 5000 products...
  Fetched 5500 products...
  Fetched 6000 products...
  Fetched 6500 products...
  Fetched 7000 products...
  Fetched 7500 products...
  Found 7600 products

  [1] .hack GU Rebirth - PS2 Game
       tags +['margin:medium', 'console:ps1', 'category:game', 'price_tier:under_20'], seo: '.hack GU Rebirth - PS2 Game | 8-Bit Legacy'
  [2] .hack Infection - PS2 Game
       tags +['margin:medium', 'console:ps1', 'category:game', 'price_tier:under_20'], seo: '.hack Infection - PS2 Game | 8-Bit Legacy'
  [3] .hack Mutation - PS2 Game
       tags +['price_tier:20_to_50', 'margin:medium', 'console:ps1', 'category:game'], seo: '.hack Mutation - PS2 Game | 8-Bit Legacy'
  [4] .hack Outbreak - PS2 Game
       tags +['price_tier:20_to_50', 'margin:medium', 'console:ps1', 'category:game'], seo: '.hack Outbreak - PS2 Game | 8-Bit Legacy'
  [5] 007 Agent Under Fire - Gamecube Game
       tags +['margin:medium', 'console:gamecube', 'category:game', 'price_tier:under_20'], seo: '007 Agent Under Fire - Gamecube Game | 8-Bit Legacy'
  [6] 007 Agent Under Fire - PS2 Game
       tags +['margin:medium', 'console:ps1', 'category:game', 'price_tier:under_20'], seo: '007 Agent Under Fire - PS2 Game | 8-Bit Legacy'
  [7] 007 Everything or Nothing - Gamecube Game
       tags +['margin:medium', 'console:gamecube', 'category:game', 'price_tier:under_20'], seo: '007 Everything or Nothing - Gamecube Game | 8-Bit Legacy'
  [8] 007 Everything or Nothing - Xbox Game
       tags +['console:xbox', 'margin:medium', 'category:game', 'price_tier:under_20'], seo: '007 Everything or Nothing - Xbox Game | 8-Bit Legacy'
  [9] 007 From Russia With Love - Gamecube Game
       tags +['price_tier:20_to_50', 'margin:medium', 'category:game', 'console:gamecube'], seo: '007 From Russia With Love - Gamecube Game | 8-Bit Legacy'
  [10] 007 From Russia With Love - PSP Game
       tags +['price_tier:20_to_50', 'margin:medium', 'category:game', 'console:psp'], seo: '007 From Russia With Love - PSP Game | 8-Bit Legacy'

============================================================
  RESULTS
============================================================
  Total products: 7600
  Updated:        7600
  Skipped:        0
  Failed:         0

  (dry run — no changes made. Run without --dry-run to apply)
