Scanning loose variants for price updatedAt distribution...
  scanned 500 | multi=500 | stale_may_2025=32
  scanned 1000 | multi=1000 | stale_may_2025=79
  scanned 1500 | multi=1500 | stale_may_2025=119
  scanned 2000 | multi=2000 | stale_may_2025=148
  scanned 2500 | multi=2500 | stale_may_2025=197
  scanned 3000 | multi=3000 | stale_may_2025=236
  scanned 3500 | multi=3500 | stale_may_2025=281
  scanned 4000 | multi=4000 | stale_may_2025=313
  scanned 4500 | multi=4500 | stale_may_2025=354
  scanned 5000 | multi=5000 | stale_may_2025=382
  scanned 5500 | multi=5500 | stale_may_2025=416
  scanned 6000 | multi=6000 | stale_may_2025=448
  scanned 6500 | multi=6112 | stale_may_2025=477
  scanned 7000 | multi=6112 | stale_may_2025=477

============================================================
  Total active products:        7290
  Multi-variant retro games:    6112
  Loose stale (May 2025):       477
  Loose stale (pre-2026):       482
  Loose == CIB (should be 36):  53
============================================================

Loose variant updatedAt by month (top 20):
  2026-04   5626
  2025-05    477
  2026-01      2
  2025-09      2
  2025-08      1
  2025-12      1
  2025-06      1
  2026-02      1
  2026-03      1

Sample of stale (May 2025) loose variants:
  2025-05-25  $  14.38  007 GoldenEye - Wii Game
  2025-05-25  $   8.30  007 Quantum of Solace - Wii Game
  2025-05-25  $  18.98  102 Dalmatians Puppies to the Rescue - PS1 Game
  2025-05-25  $   9.54  4 in 1 Fun Pak - Gameboy Game
  2025-05-25  $   8.54  720 - Gameboy Color Game

Sample of recently-refreshed (Apr 2026) loose variants:
  2026-04-06  $  13.99  .hack GU Rebirth - PS2 Game
  2026-04-06  $  17.99  .hack Infection - PS2 Game
  2026-04-06  $  36.99  .hack Mutation - PS2 Game

Wrote 482 stale product IDs to /home/tristan/Projects/8bit-legacy/data/stale-loose-product-ids.json
