
  Multiplier: 1.15x | Min profit: $3.00 | Price range: $5.00 — $500.00

============================================================
  SET: Scarlet & Violet (sv1)
============================================================

  Fetching cards for set: sv1
  Found 258 cards
  ✓ Dolliv (200/198) - Scarlet & Violet — $6.99
  ✓ Tarountula (199/198) - Scarlet & Violet — $11.99
  ✓ Armarouge (203/198) - Scarlet & Violet — $16.99
  ✓ Wiglett (206/198) - Scarlet & Violet — $13.99
  ✓ Slowpoke (204/198) - Scarlet & Violet — $39.99
  ✓ Clauncher (205/198) - Scarlet & Violet — $6.99
  ✓ Pawmot (209/198) - Scarlet & Violet — $10.99
  ✓ Pachirisu (208/198) - Scarlet & Violet — $16.99
  ✓ Drowzee (210/198) - Scarlet & Violet — $59.99
  ✓ Dondozo (207/198) - Scarlet & Violet — $13.99
  ✓ Greavard (214/198) - Scarlet & Violet — $19.99
  ✓ Riolu (215/198) - Scarlet & Violet — $41.99
  ✓ Ralts (211/198) - Scarlet & Violet — $47.99
  ✓ Kirlia (212/198) - Scarlet & Violet — $52.99
  ✓ Fidough (213/198) - Scarlet & Violet — $21.99
  ✓ Klawf (217/198) - Scarlet & Violet — $5.99
  ✓ Mabosstiff (218/198) - Scarlet & Violet — $6.99
  ✓ Sandile (216/198) - Scarlet & Violet — $6.99
  ✓ Kingambit (220/198) - Scarlet & Violet — $8.99
  ✓ Starly (221/198) - Scarlet & Violet — $11.99
  ✓ Skwovet (222/198) - Scarlet & Violet — $6.99
  ✓ Arcanine ex (224/198) - Scarlet & Violet — $16.99
  ✓ Gyarados ex (225/198) - Scarlet & Violet — $9.99
  ✓ Miriam (238/198) - Scarlet & Violet — $6.99
  ✓ Spidops ex (243/198) - Scarlet & Violet — $8.99
  ✓ Miraidon ex (244/198) - Scarlet & Violet — $27.99
  ✓ Gardevoir ex (245/198) - Scarlet & Violet — $96.99
  ✓ Great Tusk ex (246/198) - Scarlet & Violet — $12.99
  ✓ Koraidon ex (247/198) - Scarlet & Violet — $24.99
  ✓ Penny (252/198) - Scarlet & Violet — $7.99
  ✓ Miriam (251/198) - Scarlet & Violet — $28.99
  ✓ Miraidon ex (253/198) - Scarlet & Violet — $8.99
  ✓ Rare Candy (256/198) - Scarlet & Violet — $7.99
  ✓ Koraidon ex (254/198) - Scarlet & Violet — $6.99
  ✓ Basic Fighting Energy (258/198) - Scarlet & Violet — $9.99

  Set results: 35 created, 0 no price, 223 below min, 0 above max, 28 low profit, 0 failed

============================================================
  SET: Paldea Evolved (sv2)
============================================================

  Fetching cards for set: sv2
  Found 279 cards
  ✓ Tropius (195/193) - Paldea Evolved — $11.99
  ✓ Bramblin (198/193) - Paldea Evolved — $9.99
  ✓ Heracross (194/193) - Paldea Evolved — $25.99
  ✓ Fletchinder (199/193) - Paldea Evolved — $14.99
  ✓ Pyroar (200/193) - Paldea Evolved — $11.99
  ✓ Fuecoco (201/193) - Paldea Evolved — $56.99
  ✓ Crocalor (202/193) - Paldea Evolved — $17.99
  ✓ Magikarp (203/193) - Paldea Evolved — $395.99
  ✓ Sprigatito (196/193) - Paldea Evolved — $50.99
  ✓ Floragato (197/193) - Paldea Evolved — $18.99
  ✓ Frigibax (208/193) - Paldea Evolved — $18.99
  ✓ Raichu (211/193) - Paldea Evolved — $108.99
  ✓ Arctibax (209/193) - Paldea Evolved — $16.99
  ✓ Tinkatink (216/193) - Paldea Evolved — $26.99
  ✓ Tinkatuff (217/193) - Paldea Evolved — $31.99
  ✓ Nacli (220/193) - Paldea Evolved — $6.99
  ✓ Tyranitar (222/193) - Paldea Evolved — $80.99
  ✓ Orthworm (224/193) - Paldea Evolved — $6.99
  ✓ Rookidee (225/193) - Paldea Evolved — $10.99
  ✓ Eiscue (205/193) - Paldea Evolved — $18.99
  ✓ Quaxwell (207/193) - Paldea Evolved — $9.99
  ✓ Mismagius (212/193) - Paldea Evolved — $38.99
  ✓ Sandygast (214/193) - Paldea Evolved — $9.99
  ✓ Sudowoodo (219/193) - Paldea Evolved — $21.99
  ✓ Grafaiai (223/193) - Paldea Evolved — $7.99
  ✓ Maushold (226/193) - Paldea Evolved — $85.99
  ✓ Marill (204/193) - Paldea Evolved — $45.99
  ✓ Quaxly (206/193) - Paldea Evolved — $15.99
  ✓ Baxcalibur (210/193) - Paldea Evolved — $30.99
  ✓ Gothorita (213/193) - Paldea Evolved — $11.99
  ✓ Rabsca (215/193) - Paldea Evolved — $6.99
  ✓ Paldean Tauros (218/193) - Paldea Evolved — $14.99
  ✓ Paldean Wooper (221/193) - Paldea Evolved — $11.99
  ✓ Dedenne ex (239/193) - Paldea Evolved — $16.99
  ✓ Iono (254/193) - Paldea Evolved — $11.99
  ✓ Wo-Chien ex (257/193) - Paldea Evolved — $14.99
  ✓ Meowscarada ex (256/193) - Paldea Evolved — $29.99
  ✓ Quaquaval ex (260/193) - Paldea Evolved — $14.99
  ✓ Chien-Pao ex (261/193) - Paldea Evolved — $25.99
  ✓ Ting-Lu ex (263/193) - Paldea Evolved — $12.99
  ✓ Boss's Orders (Ghetsis) (265/193) - Paldea Evolved — $21.99
  ✓ Dendra (266/193) - Paldea Evolved — $9.99
  ✓ Farigiraf (228/193) - Paldea Evolved — $9.99
  ✓ Boss's Orders (Ghetsis) (248/193) - Paldea Evolved — $13.99
  ✓ Squawkabilly ex (264/193) - Paldea Evolved — $9.99
  ✓ Flamigo (227/193) - Paldea Evolved — $10.99
  ✓ Dudunsparce (229/193) - Paldea Evolved — $8.99
  ✓ Tinkaton ex (240/193) - Paldea Evolved — $9.99
  ✓ Skeledirge ex (258/193) - Paldea Evolved — $32.99
  ✓ Chi-Yu ex (259/193) - Paldea Evolved — $53.99
  ✓ Tinkaton ex (262/193) - Paldea Evolved — $52.99
  ✓ Grusha (268/193) - Paldea Evolved — $17.99
  ✓ Iono (269/193) - Paldea Evolved — $59.99
  ✓ Saguaro (270/193) - Paldea Evolved — $15.99
  ✓ Quaquaval ex (273/193) - Paldea Evolved — $5.99
  ✓ Skeledirge ex (272/193) - Paldea Evolved — $6.99
  ✓ Meowscarada ex (271/193) - Paldea Evolved — $7.99
  ✓ Super Rod (276/193) - Paldea Evolved — $5.99
  ✓ Chien-Pao ex (274/193) - Paldea Evolved — $6.99
  ✓ Basic Water Energy (279/193) - Paldea Evolved — $9.99
  ✓ Basic Grass Energy (278/193) - Paldea Evolved — $13.99

  Set results: 61 created, 0 no price, 218 below min, 0 above max, 47 low profit, 0 failed

============================================================
  SET: Obsidian Flames (sv3)
============================================================

  Fetching cards for set: sv3
  Found 230 cards
  ✓ Charizard ex (125/197) - Obsidian Flames — $5.99
  ✓ Ninetales (199/197) - Obsidian Flames — $45.99
  ✓ Charizard ex (215/197) - Obsidian Flames — $25.99
  ✓ Cleffa (202/197) - Obsidian Flames — $46.99
  ✓ Larvitar (203/197) - Obsidian Flames — $8.99
  ✓ Houndour (204/197) - Obsidian Flames — $9.99
  ✓ Eiscue ex (222/197) - Obsidian Flames — $5.99
  ✓ Pidgeot ex (225/197) - Obsidian Flames — $23.99
  ✓ Pidgey (207/197) - Obsidian Flames — $17.99
  ✓ Charizard ex (228/197) - Obsidian Flames — $46.99
  ✓ Pidgeotto (208/197) - Obsidian Flames — $10.99
  ✓ Lechonk (209/197) - Obsidian Flames — $9.99
  ✓ Tyranitar ex (211/197) - Obsidian Flames — $7.99
  ✓ Gloom (198/197) - Obsidian Flames — $23.99
  ✓ Scizor (205/197) - Obsidian Flames — $18.99
  ✓ Charizard ex (223/197) - Obsidian Flames — $139.99
  ✓ Revavroom ex (224/197) - Obsidian Flames — $6.99

  Set results: 17 created, 0 no price, 213 below min, 0 above max, 12 low profit, 0 failed

============================================================
  SET: 151 (sv3pt5)
============================================================

  Fetching cards for set: sv3pt5
  Found 207 cards
  ✓ Charizard ex (6/165) - 151 — $9.99
  ✓ Caterpie (172/165) - 151 — $19.99
  ✓ Pikachu (173/165) - 151 — $93.99
  ✓ Charmander (168/165) - 151 — $126.99
  ✓ Bulbasaur (166/165) - 151 — $95.99
  ✓ Charmeleon (169/165) - 151 — $91.99
  ✓ Wartortle (171/165) - 151 — $76.99
  ✓ Mew ex (151/165) - 151 — $8.99
  ✓ Ivysaur (167/165) - 151 — $61.99
  ✓ Squirtle (170/165) - 151 — $117.99
  ✓ Machoke (177/165) - 151 — $29.99
  ✓ Golem ex (189/165) - 151 — $10.99
  ✓ Mr. Mime (179/165) - 151 — $17.99
  ✓ Omanyte (180/165) - 151 — $17.99
  ✓ Arbok ex (185/165) - 151 — $9.99
  ✓ Wigglytuff ex (187/165) - 151 — $10.99
  ✓ Alakazam ex (188/165) - 151 — $16.99
  ✓ Zapdos ex (192/165) - 151 — $15.99
  ✓ Mew ex (193/165) - 151 — $52.99
  ✓ Nidoking (174/165) - 151 — $23.99
  ✓ Dragonair (181/165) - 151 — $61.99
  ✓ Venusaur ex (182/165) - 151 — $18.99
  ✓ Ninetales ex (186/165) - 151 — $17.99
  ✓ Jynx ex (191/165) - 151 — $9.99
  ✓ Psyduck (175/165) - 151 — $66.99
  ✓ Poliwhirl (176/165) - 151 — $47.99
  ✓ Tangela (178/165) - 151 — $19.99
  ✓ Charizard ex (183/165) - 151 — $55.99
  ✓ Blastoise ex (184/165) - 151 — $32.99
  ✓ Kangaskhan ex (190/165) - 151 — $8.99
  ✓ Erika's Invitation (196/165) - 151 — $12.99
  ✓ Giovanni's Charisma (197/165) - 151 — $6.99
  ✓ Venusaur ex (198/165) - 151 — $148.99
  ✓ Charizard ex (199/165) - 151 — $479.99
  ✓ Blastoise ex (200/165) - 151 — $185.99
  ✓ Alakazam ex (201/165) - 151 — $96.99
  ✓ Zapdos ex (202/165) - 151 — $127.99
  ✓ Erika's Invitation (203/165) - 151 — $25.99
  ✓ Giovanni's Charisma (204/165) - 151 — $25.99
  ✓ Mew ex (205/165) - 151 — $36.99
  ✓ Basic Psychic Energy (207/165) - 151 — $7.99

  Set results: 41 created, 0 no price, 166 below min, 0 above max, 20 low profit, 0 failed

============================================================
  SET: Paradox Rift (sv4)
============================================================

  Fetching cards for set: sv4
  Found 266 cards
  ✓ Toedscruel (185/182) - Paradox Rift — $7.99
  ✓ Magby (186/182) - Paradox Rift — $18.99
  ✓ Iron Moth (187/182) - Paradox Rift — $6.99
  ✓ Snorunt (188/182) - Paradox Rift — $9.99
  ✓ Mantyke (189/182) - Paradox Rift — $27.99
  ✓ Vanillish (190/182) - Paradox Rift — $9.99
  ✓ Wimpod (191/182) - Paradox Rift — $9.99
  ✓ Veluza (192/182) - Paradox Rift — $8.99
  ✓ Plusle (193/182) - Paradox Rift — $47.99
  ✓ Minun (194/182) - Paradox Rift — $45.99
  ✓ Blitzle (195/182) - Paradox Rift — $7.99
  ✓ Joltik (196/182) - Paradox Rift — $21.99
  ✓ Espathra (197/182) - Paradox Rift — $7.99
  ✓ Gimmighoul (198/182) - Paradox Rift — $12.99
  ✓ Groudon (199/182) - Paradox Rift — $117.99
  ✓ Mienshao (200/182) - Paradox Rift — $6.99
  ✓ Minior (201/182) - Paradox Rift — $18.99
  ✓ Garbodor (204/182) - Paradox Rift — $13.99
  ✓ Yveltal (205/182) - Paradox Rift — $22.99
  ✓ Morpeko (206/182) - Paradox Rift — $33.99
  ✓ Brute Bonnet (207/182) - Paradox Rift — $11.99
  ✓ Steelix (208/182) - Paradox Rift — $32.99
  ✓ Aegislash (210/182) - Paradox Rift — $8.99
  ✓ Aipom (211/182) - Paradox Rift — $15.99
  ✓ Loudred (212/182) - Paradox Rift — $13.99
  ✓ Swablu (213/182) - Paradox Rift — $26.99
  ✓ Porygon-Z (214/182) - Paradox Rift — $10.99
  ✓ Cyclizar (215/182) - Paradox Rift — $5.99
  ✓ Iron Jugulis (216/182) - Paradox Rift — $9.99
  ✓ Garchomp ex (219/182) - Paradox Rift — $7.99
  ✓ Maushold ex (233/182) - Paradox Rift — $12.99
  ✓ Garchomp ex (245/182) - Paradox Rift — $35.99
  ✓ Golisopod ex (246/182) - Paradox Rift — $21.99
  ✓ Tapu Koko ex (247/182) - Paradox Rift — $17.99
  ✓ Iron Hands ex (248/182) - Paradox Rift — $13.99
  ✓ Iron Valiant ex (249/182) - Paradox Rift — $25.99
  ✓ Sandy Shocks ex (250/182) - Paradox Rift — $8.99
  ✓ Roaring Moon ex (251/182) - Paradox Rift — $45.99
  ✓ Gholdengo ex (252/182) - Paradox Rift — $26.99
  ✓ Altaria ex (253/182) - Paradox Rift — $57.99
  ✓ Mela (254/182) - Paradox Rift — $8.99
  ✓ Parasol Lady (255/182) - Paradox Rift — $13.99
  ✓ Professor Sada's Vitality (256/182) - Paradox Rift — $8.99
  ✓ Professor Turo's Scenario (257/182) - Paradox Rift — $6.99
  ✓ Rika (258/182) - Paradox Rift — $7.99
  ✓ Tulip (259/182) - Paradox Rift — $7.99
  ✓ Garchomp ex (260/182) - Paradox Rift — $14.99
  ✓ Roaring Moon ex (262/182) - Paradox Rift — $6.99

  Set results: 48 created, 0 no price, 218 below min, 0 above max, 39 low profit, 0 failed

============================================================
  SET: Paldean Fates (sv4pt5)
============================================================

  Fetching cards for set: sv4pt5
  Found 245 cards
  ✓ Scyther (95/91) - Paldean Fates — $8.99
  ✓ Oddish (92/91) - Paldean Fates — $8.99
  ✓ Vileplume (94/91) - Paldean Fates — $6.99
  ✓ Charmander (109/91) - Paldean Fates — $30.99
  ✓ Entei (112/91) - Paldean Fates — $11.99
  ✓ Charcadet (114/91) - Paldean Fates — $5.99
  ✓ Slowpoke (116/91) - Paldean Fates — $9.99
  ✓ Slowbro (117/91) - Paldean Fates — $7.99
  ✓ Charmeleon (110/91) - Paldean Fates — $16.99
  ✓ Starmie (119/91) - Paldean Fates — $6.99
  ✓ Tatsugiri (127/91) - Paldean Fates — $6.99
  ✓ Pikachu (131/91) - Paldean Fates — $62.99
  ✓ Pachirisu (138/91) - Paldean Fates — $6.99
  ✓ Raichu (132/91) - Paldean Fates — $15.99
  ✓ Shinx (135/91) - Paldean Fates — $10.99
  ✓ Luxray (137/91) - Paldean Fates — $10.99
  ✓ Abra (148/91) - Paldean Fates — $8.99
  ✓ Ralts (153/91) - Paldean Fates — $9.99
  ✓ Kirlia (154/91) - Paldean Fates — $7.99
  ✓ Paldean Wooper (180/91) - Paldean Fates — $9.99
  ✓ Tinkaton (167/91) - Paldean Fates — $7.99
  ✓ Scizor (191/91) - Paldean Fates — $8.99
  ✓ Mimikyu (160/91) - Paldean Fates — $29.99
  ✓ Dachsbun (161/91) - Paldean Fates — $6.99
  ✓ Ceruledge (162/91) - Paldean Fates — $8.99
  ✓ Hawlucha (175/91) - Paldean Fates — $10.99
  ✓ Sableye (184/91) - Paldean Fates — $6.99
  ✓ Riolu (173/91) - Paldean Fates — $11.99
  ✓ Lucario (174/91) - Paldean Fates — $22.99
  ✓ Pidgey (196/91) - Paldean Fates — $7.99
  ✓ Jigglypuff (198/91) - Paldean Fates — $12.99
  ✓ Pidgeotto (197/91) - Paldean Fates — $6.99
  ✓ Ditto (201/91) - Paldean Fates — $36.99
  ✓ Snorlax (202/91) - Paldean Fates — $52.99
  ✓ Maushold (210/91) - Paldean Fates — $22.99
  ✓ Tandemaus (209/91) - Paldean Fates — $25.99
  ✓ Nemona (238/91) - Paldean Fates — $7.99
  ✓ Arven (235/91) - Paldean Fates — $10.99
  ✓ Miraidon ex (243/91) - Paldean Fates — $13.99
  ✓ Alakazam ex (215/91) - Paldean Fates — $6.99
  ✓ Mew ex (216/91) - Paldean Fates — $38.99
  ✓ Gardevoir ex (217/91) - Paldean Fates — $9.99
  ✓ Gardevoir ex (233/91) - Paldean Fates — $164.99
  ✓ Clive (236/91) - Paldean Fates — $18.99
  ✓ Chien-Pao ex (242/91) - Paldean Fates — $9.99
  ✓ Ting-Lu ex (244/91) - Paldean Fates — $5.99
  ✓ Lechonk (207/91) - Paldean Fates — $8.99
  ✓ Charizard ex (234/91) - Paldean Fates — $322.99
  ✓ Iono (237/91) - Paldean Fates — $32.99
  ✓ Penny (239/91) - Paldean Fates — $24.99
  ✓ Wo-Chien ex (240/91) - Paldean Fates — $7.99
  ✓ Chi-Yu ex (241/91) - Paldean Fates — $10.99
  ✓ Koraidon ex (245/91) - Paldean Fates — $14.99

  Set results: 53 created, 1 no price, 190 below min, 1 above max, 44 low profit, 0 failed

============================================================
  SET: Temporal Forces (sv5)
============================================================

  Fetching cards for set: sv5
  Found 218 cards
  ✓ Gengar ex (104/162) - Temporal Forces — $6.99
  ✓ Hero's Cape (152/162) - Temporal Forces — $14.99
  ✓ Neo Upper Energy (162/162) - Temporal Forces — $18.99
  ✓ Shiftry (163/162) - Temporal Forces — $9.99
  ✓ Grotle (164/162) - Temporal Forces — $12.99
  ✓ Deerling (165/162) - Temporal Forces — $39.99
  ✓ Sawsbuck (166/162) - Temporal Forces — $44.99
  ✓ Litten (167/162) - Temporal Forces — $29.99
  ✓ Snom (168/162) - Temporal Forces — $11.99
  ✓ Charjabug (169/162) - Temporal Forces — $6.99
  ✓ Bronzor (170/162) - Temporal Forces — $6.99
  ✓ Reuniclus (171/162) - Temporal Forces — $12.99
  ✓ Cutiefly (172/162) - Temporal Forces — $7.99
  ✓ Relicanth (173/162) - Temporal Forces — $7.99
  ✓ Excadrill (174/162) - Temporal Forces — $7.99
  ✓ Mudsdale (175/162) - Temporal Forces — $7.99
  ✓ Arbok (176/162) - Temporal Forces — $19.99
  ✓ Gastly (177/162) - Temporal Forces — $107.99
  ✓ Metagross (178/162) - Temporal Forces — $28.99
  ✓ Lickitung (180/162) - Temporal Forces — $22.99
  ✓ Chatot (181/162) - Temporal Forces — $10.99
  ✓ Minccino (182/162) - Temporal Forces — $16.99
  ✓ Cinccino (183/162) - Temporal Forces — $29.99
  ✓ Drampa (184/162) - Temporal Forces — $21.99
  ✓ Gengar ex (193/162) - Temporal Forces — $49.99
  ✓ Ciphermaniac's Codebreaking (198/162) - Temporal Forces — $6.99
  ✓ Iron Leaves ex (203/162) - Temporal Forces — $26.99
  ✓ Gouging Fire ex (204/162) - Temporal Forces — $35.99
  ✓ Walking Wake ex (205/162) - Temporal Forces — $42.99
  ✓ Iron Boulder ex (207/162) - Temporal Forces — $18.99
  ✓ Iron Crown ex (206/162) - Temporal Forces — $42.99
  ✓ Raging Bolt ex (208/162) - Temporal Forces — $73.99
  ✓ Bianca's Devotion (209/162) - Temporal Forces — $23.99
  ✓ Eri (210/162) - Temporal Forces — $17.99
  ✓ Morty's Conviction (211/162) - Temporal Forces — $85.99
  ✓ Salvatore (212/162) - Temporal Forces — $14.99
  ✓ Iron Leaves ex (213/162) - Temporal Forces — $9.99
  ✓ Gouging Fire ex (214/162) - Temporal Forces — $12.99
  ✓ Walking Wake ex (215/162) - Temporal Forces — $11.99
  ✓ Iron Crown ex (216/162) - Temporal Forces — $9.99
  ✓ Iron Boulder ex (217/162) - Temporal Forces — $10.99
  ✓ Raging Bolt ex (218/162) - Temporal Forces — $14.99

  Set results: 42 created, 0 no price, 176 below min, 0 above max, 30 low profit, 0 failed

============================================================
  GRAND TOTAL
============================================================
  Cards processed:  1703
  Created:          297
  No price data:    1
  Below min price:  1404
  Above max price:  1
  Low profit:       220
  Failed:           0
