[11:16:28] ============================================================
[11:16:28] FULL PRICE REFRESH — REPORT MODE
[11:16:28] Multiplier: 1.35x | Min profit: $3.00
[11:16:28] Log: /Users/tristanaddi1/Projects/8bit-legacy/data/logs/price-refresh-20260406_111628.log
[11:16:28] ============================================================
[11:16:28] Fetching all Shopify products...
[11:16:36]   Fetched 500 products so far (page 10)...
[11:16:45]   Fetched 1000 products so far (page 20)...
[11:16:56]   Fetched 1500 products so far (page 30)...
[11:17:04]   Fetched 2000 products so far (page 40)...
[11:17:12]   Fetched 2500 products so far (page 50)...
[11:17:20]   Fetched 3000 products so far (page 60)...
[11:17:29]   Fetched 3500 products so far (page 70)...
[11:17:37]   Fetched 4000 products so far (page 80)...
[11:17:45]   Fetched 4500 products so far (page 90)...
[11:17:53]   Fetched 5000 products so far (page 100)...
[11:18:01]   Fetched 5500 products so far (page 110)...
[11:18:09]   Fetched 6000 products so far (page 120)...
[11:18:18]   Fetched 6121 products so far (page 130)...
[11:18:23]   Fetched 6121 game products total
[11:18:23] 
Scraping nintendo-64...
[11:18:23]   Scraping nintendo-64 page 1...
[11:18:26]   Scraping nintendo-64 page 2...
[11:18:29]   Scraping nintendo-64 page 3...
[11:18:31]   Found 117 items
[11:18:31] 
Total PriceCharting items scraped: 117
[11:18:31] 
Matching 117 PriceCharting items to 6121 Shopify products...
[11:18:31]   ↓ 007 GoldenEye - Nintendo 64 Game [LOOSE]: $44.99 → $42.99 (market: $31.19, profit: $10.25)
[11:18:31]   ↑ 007 World Is Not Enough - Nintendo 64 Game [LOOSE]: $22.65 → $24.99 (market: $18.26, profit: $5.71)
[11:18:31]   ↑ A Bug's Life - Nintendo 64 Game [LOOSE]: $16.95 → $18.99 (market: $13.97, profit: $4.17)
[11:18:31]   ↑ Aerofighters Assault - Nintendo 64 Game [LOOSE]: $18.84 → $21.99 (market: $15.75, profit: $5.30)
[11:18:31]   ↓ Aidyn Chronicles - Nintendo 64 Game [LOOSE]: $79.99 → $60.99 (market: $44.99, profit: $13.93)
[11:18:31]   ↑ Armori - NES Game Project SWARM - Nintendo 64 Game [LOOSE]: $17.84 → $18.99 (market: $13.40, profit: $4.74)
[11:18:31]   ↓ Army Men Sarge's Heroes - Nintendo 64 Game [LOOSE]: $25.65 → $22.99 (market: $16.49, profit: $5.53)
[11:18:31]   ↓ Army Men Sarge's Heroes - Sega Dreamcast Game [LOOSE]: $31.49 → $22.99 (market: $16.49, profit: $5.53)
[11:18:31]   ↑ Army Men Sarge's Heroes 2 - PS1 Game [LOOSE]: $18.98 → $22.99 (market: $16.49, profit: $5.53)
[11:18:31] 
CSV report saved: /Users/tristanaddi1/Projects/8bit-legacy/data/logs/price-refresh-20260406_111628.csv
[11:18:31] 
============================================================
[11:18:31] RESULTS
[11:18:31] ============================================================
[11:18:31]   PriceCharting items scraped: 117
[11:18:31]   Shopify products checked:    6121
[11:18:31]   Matched:                     36
[11:18:31]   Loose prices updated:        0
[11:18:31]   CIB prices updated:          0
[11:18:31]   No match found:              6085
[11:18:31]   No significant change:       2
[11:18:31]   Safety limit (>30%):         60
[11:18:31]   Total changes in CSV:        69
