[11:12:55] ============================================================
[11:12:55] FULL PRICE REFRESH — REPORT MODE
[11:12:55] Multiplier: 1.35x | Min profit: $3.00
[11:12:55] Log: /Users/tristanaddi1/Projects/8bit-legacy/data/logs/price-refresh-20260406_111255.log
[11:12:55] ============================================================
[11:12:55] Fetching all Shopify products...
[11:13:03]   Fetched 500 products so far (page 10)...
[11:13:12]   Fetched 1000 products so far (page 20)...
[11:13:20]   Fetched 1500 products so far (page 30)...
[11:13:28]   Fetched 2000 products so far (page 40)...
[11:13:37]   Fetched 2500 products so far (page 50)...
[11:13:45]   Fetched 3000 products so far (page 60)...
[11:13:53]   Fetched 3500 products so far (page 70)...
[11:14:02]   Fetched 4000 products so far (page 80)...
[11:14:10]   Fetched 4500 products so far (page 90)...
[11:14:18]   Fetched 5000 products so far (page 100)...
[11:14:27]   Fetched 5500 products so far (page 110)...
[11:14:35]   Fetched 6000 products so far (page 120)...
[11:14:43]   Fetched 6121 products so far (page 130)...
[11:14:49]   Fetched 6121 game products total
[11:14:49] 
Scraping nintendo-64...
[11:14:49]   Scraping nintendo-64 page 1...
[11:14:52]   Scraping nintendo-64 page 2...
[11:14:54]   Scraping nintendo-64 page 3...
[11:14:57]   Scraping nintendo-64 page 4...
[11:14:59]   Scraping nintendo-64 page 5...
[11:15:02]   Found 0 items
[11:15:02] 
Total PriceCharting items scraped: 0
[11:15:02] 
Matching 0 PriceCharting items to 6121 Shopify products...
[11:15:02] 
============================================================
[11:15:02] RESULTS
[11:15:02] ============================================================
[11:15:02]   PriceCharting items scraped: 0
[11:15:02]   Shopify products checked:    6121
[11:15:02]   Matched:                     0
[11:15:02]   Loose prices updated:        0
[11:15:02]   CIB prices updated:          0
[11:15:02]   No match found:              6121
[11:15:02]   No significant change:       0
[11:15:02]   Safety limit (>30%):         0
[11:15:02]   Total changes in CSV:        0
