[12:00:05] ============================================================
[12:00:05] FULL PRICE REFRESH — APPLY MODE (INITIAL RUN — safety limit raised to 80%)
[12:00:05] Multiplier: 1.35x | Min profit: $3.00
[12:00:05] Log: /Users/tristanaddi1/Projects/8bit-legacy/data/logs/price-refresh-20260406_120005.log
[12:00:05] ============================================================
[12:00:05] Fetching all Shopify products...
[12:00:14]   Fetched 500 products so far (page 10)...
[12:00:22]   Fetched 1000 products so far (page 20)...
[12:00:31]   Fetched 1500 products so far (page 30)...
[12:00:39]   Fetched 2000 products so far (page 40)...
[12:00:47]   Fetched 2500 products so far (page 50)...
[12:00:55]   Fetched 3000 products so far (page 60)...
[12:01:03]   Fetched 3500 products so far (page 70)...
[12:01:12]   Fetched 4000 products so far (page 80)...
[12:01:21]   Fetched 4500 products so far (page 90)...
[12:01:31]   Fetched 5000 products so far (page 100)...
[12:01:39]   Fetched 5500 products so far (page 110)...
[12:01:47]   Fetched 6000 products so far (page 120)...
[12:01:55]   Fetched 6121 products so far (page 130)...
[12:02:01]   Fetched 6121 game products total
[12:02:01] 
Scraping nes...
[12:02:01]   Scraping nes page 1...
[12:02:04]   Scraping nes page 2...
[12:02:07]   Scraping nes page 3...
[12:02:09]   Scraping nes page 4...
[12:02:12]   Scraping nes page 5...
[12:02:14]   Scraping nes page 6...
[12:02:17]   Scraping nes page 7...
[12:02:20]   Scraping nes page 8...
[12:02:22]   Scraping nes page 9...
[12:02:24]   Scraping nes page 10...
[12:02:27]   Scraping nes page 11...
[12:02:29]   Scraping nes page 12...
[12:02:32]   Scraping nes page 13...
[12:02:34]   Scraping nes page 14...
[12:02:37]   Scraping nes page 15...
[12:02:39]   Scraping nes page 16...
[12:02:42]   Scraping nes page 17...
[12:02:44]   Scraping nes page 18...
[12:02:47]   Scraping nes page 19...
[12:02:50]   Scraping nes page 20...
[12:02:52]   Scraping nes page 21...
[12:02:55]   Scraping nes page 22...
[12:02:57]   Scraping nes page 23...
[12:03:00]   Scraping nes page 24...
[12:03:02]   Scraping nes page 25...
[12:03:05]   Scraping nes page 26...
[12:03:07]   Scraping nes page 27...
[12:03:10]   Scraping nes page 28...
[12:03:12]   Scraping nes page 29...
[12:03:15]   Scraping nes page 30...
[12:03:17]   Scraping nes page 31...
[12:03:19]   Scraping nes page 32...
[12:03:22]   Scraping nes page 33...
[12:03:25]   Scraping nes page 34...
[12:03:27]   Scraping nes page 35...
[12:03:30]   Scraping nes page 36...
[12:03:32]   Scraping nes page 37...
[12:03:35]   Scraping nes page 38...
[12:03:37]   Scraping nes page 39...
[12:03:39]   Scraping nes page 40...
[12:03:42]   Scraping nes page 41...
[12:03:44]   Scraping nes page 42...
[12:03:47]   Scraping nes page 43...
[12:03:49]   Scraping nes page 44...
[12:03:52]   Scraping nes page 45...
[12:03:54]   Scraping nes page 46...
[12:03:57]   Scraping nes page 47...
[12:04:00]   Scraping nes page 48...
[12:04:02]   Scraping nes page 49...
[12:04:04]   Scraping nes page 50...
[12:04:07]   Found 2100 items
[12:04:07] 
Scraping super-nintendo...
[12:04:07]   Scraping super-nintendo page 1...
[12:04:09]   Scraping super-nintendo page 2...
[12:04:12]   Scraping super-nintendo page 3...
[12:04:14]   Scraping super-nintendo page 4...
[12:04:17]   Scraping super-nintendo page 5...
[12:04:20]   Scraping super-nintendo page 6...
[12:04:22]   Scraping super-nintendo page 7...
[12:04:24]   Scraping super-nintendo page 8...
[12:04:27]   Scraping super-nintendo page 9...
[12:04:30]   Scraping super-nintendo page 10...
[12:04:32]   Scraping super-nintendo page 11...
[12:04:35]   Scraping super-nintendo page 12...
[12:04:37]   Scraping super-nintendo page 13...
[12:04:40]   Scraping super-nintendo page 14...
[12:04:42]   Scraping super-nintendo page 15...
[12:04:45]   Scraping super-nintendo page 16...
[12:04:47]   Scraping super-nintendo page 17...
[12:04:50]   Scraping super-nintendo page 18...
[12:04:52]   Scraping super-nintendo page 19...
[12:04:55]   Scraping super-nintendo page 20...
[12:04:57]   Scraping super-nintendo page 21...
[12:04:59]   Scraping super-nintendo page 22...
[12:05:02]   Scraping super-nintendo page 23...
[12:05:04]   Scraping super-nintendo page 24...
[12:05:07]   Scraping super-nintendo page 25...
[12:05:09]   Scraping super-nintendo page 26...
[12:05:11]   Scraping super-nintendo page 27...
[12:05:14]   Scraping super-nintendo page 28...
[12:05:16]   Scraping super-nintendo page 29...
[12:05:19]   Scraping super-nintendo page 30...
[12:05:22]   Scraping super-nintendo page 31...
[12:05:24]   Scraping super-nintendo page 32...
[12:05:27]   Scraping super-nintendo page 33...
[12:05:29]   Scraping super-nintendo page 34...
[12:05:32]   Scraping super-nintendo page 35...
[12:05:34]   Scraping super-nintendo page 36...
[12:05:37]   Scraping super-nintendo page 37...
[12:05:39]   Scraping super-nintendo page 38...
[12:05:41]   Scraping super-nintendo page 39...
[12:05:44]   Scraping super-nintendo page 40...
[12:05:46]   Scraping super-nintendo page 41...
[12:05:49]   Scraping super-nintendo page 42...
[12:05:51]   Scraping super-nintendo page 43...
[12:05:54]   Scraping super-nintendo page 44...
[12:05:56]   Scraping super-nintendo page 45...
[12:05:58]   Scraping super-nintendo page 46...
[12:06:01]   Scraping super-nintendo page 47...
[12:06:03]   Scraping super-nintendo page 48...
[12:06:06]   Scraping super-nintendo page 49...
[12:06:08]   Scraping super-nintendo page 50...
[12:06:11]   Found 2050 items
[12:06:11] 
Scraping nintendo-64...
[12:06:11]   Scraping nintendo-64 page 1...
[12:06:13]   Scraping nintendo-64 page 2...
[12:06:16]   Scraping nintendo-64 page 3...
[12:06:19]   Scraping nintendo-64 page 4...
[12:06:21]   Scraping nintendo-64 page 5...
[12:06:24]   Scraping nintendo-64 page 6...
[12:06:26]   Scraping nintendo-64 page 7...
[12:06:29]   Scraping nintendo-64 page 8...
[12:06:31]   Scraping nintendo-64 page 9...
[12:06:34]   Scraping nintendo-64 page 10...
[12:06:37]   Scraping nintendo-64 page 11...
[12:06:39]   Scraping nintendo-64 page 12...
[12:06:42]   Scraping nintendo-64 page 13...
[12:06:44]   Scraping nintendo-64 page 14...
[12:06:47]   Scraping nintendo-64 page 15...
[12:06:49]   Scraping nintendo-64 page 16...
[12:06:52]   Scraping nintendo-64 page 17...
[12:06:54]   Scraping nintendo-64 page 18...
[12:06:56]   Scraping nintendo-64 page 19...
[12:06:59]   Scraping nintendo-64 page 20...
[12:07:01]   Scraping nintendo-64 page 21...
[12:07:04]   Scraping nintendo-64 page 22...
[12:07:06]   Scraping nintendo-64 page 23...
[12:07:09]   Scraping nintendo-64 page 24...
[12:07:12]   Scraping nintendo-64 page 25...
[12:07:14]   Scraping nintendo-64 page 26...
[12:07:17]   Scraping nintendo-64 page 27...
[12:07:19]   Scraping nintendo-64 page 28...
[12:07:21]   Scraping nintendo-64 page 29...
[12:07:24]   Scraping nintendo-64 page 30...
[12:07:27]   Scraping nintendo-64 page 31...
[12:07:30]   Scraping nintendo-64 page 32...
[12:07:32]   Scraping nintendo-64 page 33...
[12:07:34]   Scraping nintendo-64 page 34...
[12:07:37]   Scraping nintendo-64 page 35...
[12:07:41]   Scraping nintendo-64 page 36...
[12:07:44]   Scraping nintendo-64 page 37...
[12:07:46]   Scraping nintendo-64 page 38...
[12:07:49]   Scraping nintendo-64 page 39...
[12:07:51]   Scraping nintendo-64 page 40...
[12:07:53]   Scraping nintendo-64 page 41...
[12:07:56]   Scraping nintendo-64 page 42...
[12:07:59]   Scraping nintendo-64 page 43...
[12:08:01]   Scraping nintendo-64 page 44...
[12:08:04]   Scraping nintendo-64 page 45...
[12:08:06]   Scraping nintendo-64 page 46...
[12:08:09]   Scraping nintendo-64 page 47...
[12:08:11]   Scraping nintendo-64 page 48...
[12:08:14]   Scraping nintendo-64 page 49...
[12:08:16]   Scraping nintendo-64 page 50...
[12:08:19]   Found 1950 items
[12:08:19] 
Scraping gamecube...
[12:08:19]   Scraping gamecube page 1...
[12:08:21]   Scraping gamecube page 2...
[12:08:24]   Scraping gamecube page 3...
[12:08:27]   Scraping gamecube page 4...
[12:08:29]   Scraping gamecube page 5...
[12:08:32]   Scraping gamecube page 6...
[12:08:34]   Scraping gamecube page 7...
[12:08:37]   Scraping gamecube page 8...
[12:08:39]   Scraping gamecube page 9...
[12:08:42]   Scraping gamecube page 10...
[12:08:44]   Scraping gamecube page 11...
[12:08:47]   Scraping gamecube page 12...
[12:08:49]   Scraping gamecube page 13...
[12:08:53]   Scraping gamecube page 14...
[12:08:55]   Scraping gamecube page 15...
[12:08:58]   Scraping gamecube page 16...
[12:09:01]   Scraping gamecube page 17...
[12:09:03]   Scraping gamecube page 18...
[12:09:06]   Scraping gamecube page 19...
[12:09:08]   Scraping gamecube page 20...
[12:09:11]   Scraping gamecube page 21...
[12:09:13]   Scraping gamecube page 22...
[12:09:16]   Scraping gamecube page 23...
[12:09:18]   Scraping gamecube page 24...
[12:09:21]   Scraping gamecube page 25...
[12:09:24]   Scraping gamecube page 26...
[12:09:26]   Scraping gamecube page 27...
[12:09:29]   Scraping gamecube page 28...
[12:09:32]   Scraping gamecube page 29...
[12:09:34]   Scraping gamecube page 30...
[12:09:37]   Scraping gamecube page 31...
[12:09:39]   Scraping gamecube page 32...
[12:09:41]   Scraping gamecube page 33...
[12:09:44]   Scraping gamecube page 34...
[12:09:46]   Scraping gamecube page 35...
[12:09:49]   Scraping gamecube page 36...
[12:09:51]   Scraping gamecube page 37...
[12:09:54]   Scraping gamecube page 38...
[12:09:56]   Scraping gamecube page 39...
[12:09:58]   Scraping gamecube page 40...
[12:10:01]   Scraping gamecube page 41...
[12:10:03]   Scraping gamecube page 42...
[12:10:05]   Scraping gamecube page 43...
[12:10:08]   Scraping gamecube page 44...
[12:10:10]   Scraping gamecube page 45...
[12:10:13]   Scraping gamecube page 46...
[12:10:15]   Scraping gamecube page 47...
[12:10:18]   Scraping gamecube page 48...
[12:10:20]   Scraping gamecube page 49...
[12:10:23]   Scraping gamecube page 50...
[12:10:25]   Found 2200 items
[12:10:25] 
Scraping wii...
[12:10:25]   Scraping wii page 1...
[12:10:29]   Scraping wii page 2...
[12:10:32]   Scraping wii page 3...
[12:10:34]   Scraping wii page 4...
[12:10:37]   Scraping wii page 5...
[12:10:39]   Scraping wii page 6...
[12:10:41]   Scraping wii page 7...
[12:10:44]   Scraping wii page 8...
[12:10:46]   Scraping wii page 9...
[12:10:49]   Scraping wii page 10...
[12:10:51]   Scraping wii page 11...
[12:10:53]   Scraping wii page 12...
[12:10:56]   Scraping wii page 13...
[12:10:58]   Scraping wii page 14...
[12:11:01]   Scraping wii page 15...
[12:11:03]   Scraping wii page 16...
[12:11:06]   Scraping wii page 17...
[12:11:08]   Scraping wii page 18...
[12:11:11]   Scraping wii page 19...
[12:11:13]   Scraping wii page 20...
[12:11:16]   Scraping wii page 21...
[12:11:18]   Scraping wii page 22...
[12:11:21]   Scraping wii page 23...
[12:11:23]   Scraping wii page 24...
[12:11:27]   Scraping wii page 25...
[12:11:29]   Scraping wii page 26...
[12:11:32]   Scraping wii page 27...
[12:11:35]   Scraping wii page 28...
[12:11:37]   Scraping wii page 29...
[12:11:40]   Scraping wii page 30...
[12:11:42]   Scraping wii page 31...
[12:11:45]   Scraping wii page 32...
[12:11:47]   Scraping wii page 33...
[12:11:50]   Scraping wii page 34...
[12:11:52]   Scraping wii page 35...
[12:11:55]   Scraping wii page 36...
[12:11:57]   Scraping wii page 37...
[12:12:00]   Scraping wii page 38...
[12:12:02]   Scraping wii page 39...
[12:12:05]   Scraping wii page 40...
[12:12:08]   Scraping wii page 41...
[12:12:10]   Scraping wii page 42...
[12:12:13]   Scraping wii page 43...
[12:12:15]   Scraping wii page 44...
[12:12:18]   Scraping wii page 45...
[12:12:20]   Scraping wii page 46...
[12:12:23]   Scraping wii page 47...
[12:12:25]   Scraping wii page 48...
[12:12:27]   Scraping wii page 49...
[12:12:30]   Scraping wii page 50...
[12:12:32]   Found 2350 items
[12:12:32] 
Scraping wii-u...
[12:12:32]   Scraping wii-u page 1...
[12:12:35]   Scraping wii-u page 2...
[12:12:37]   Scraping wii-u page 3...
[12:12:40]   Scraping wii-u page 4...
[12:12:43]   Scraping wii-u page 5...
[12:12:45]   Scraping wii-u page 6...
[12:12:48]   Scraping wii-u page 7...
[12:12:51]   Scraping wii-u page 8...
[12:12:53]   Scraping wii-u page 9...
[12:12:56]   Scraping wii-u page 10...
[12:12:59]   Scraping wii-u page 11...
[12:13:01]   Scraping wii-u page 12...
[12:13:03]   Scraping wii-u page 13...
[12:13:06]   Scraping wii-u page 14...
[12:13:08]   Scraping wii-u page 15...
[12:13:11]   Scraping wii-u page 16...
[12:13:13]   Scraping wii-u page 17...
[12:13:16]   Scraping wii-u page 18...
[12:13:19]   Scraping wii-u page 19...
[12:13:21]   Scraping wii-u page 20...
[12:13:24]   Scraping wii-u page 21...
[12:13:27]   Scraping wii-u page 22...
[12:13:29]   Scraping wii-u page 23...
[12:13:31]   Scraping wii-u page 24...
[12:13:34]   Scraping wii-u page 25...
[12:13:36]   Scraping wii-u page 26...
[12:13:39]   Scraping wii-u page 27...
[12:13:41]   Scraping wii-u page 28...
[12:13:44]   Scraping wii-u page 29...
[12:13:46]   Scraping wii-u page 30...
[12:13:49]   Scraping wii-u page 31...
[12:13:51]   Scraping wii-u page 32...
[12:13:54]   Scraping wii-u page 33...
[12:13:56]   Scraping wii-u page 34...
[12:13:58]   Scraping wii-u page 35...
[12:14:01]   Scraping wii-u page 36...
[12:14:03]   Scraping wii-u page 37...
[12:14:06]   Scraping wii-u page 38...
[12:14:08]   Scraping wii-u page 39...
[12:14:11]   Scraping wii-u page 40...
[12:14:13]   Scraping wii-u page 41...
[12:14:16]   Scraping wii-u page 42...
[12:14:19]   Scraping wii-u page 43...
[12:14:22]   Scraping wii-u page 44...
[12:14:24]   Scraping wii-u page 45...
[12:14:26]   Scraping wii-u page 46...
[12:14:29]   Scraping wii-u page 47...
[12:14:31]   Scraping wii-u page 48...
[12:14:34]   Scraping wii-u page 49...
[12:14:36]   Scraping wii-u page 50...
[12:14:38]   Found 2350 items
[12:14:38] 
Scraping gameboy...
[12:14:38]   Scraping gameboy page 1...
[12:14:41]   Scraping gameboy page 2...
[12:14:44]   Scraping gameboy page 3...
[12:14:46]   Scraping gameboy page 4...
[12:14:48]   Scraping gameboy page 5...
[12:14:51]   Scraping gameboy page 6...
[12:14:54]   Scraping gameboy page 7...
[12:14:57]   Scraping gameboy page 8...
[12:14:59]   Scraping gameboy page 9...
[12:15:02]   Scraping gameboy page 10...
[12:15:04]   Scraping gameboy page 11...
[12:15:07]   Scraping gameboy page 12...
[12:15:09]   Scraping gameboy page 13...
[12:15:11]   Scraping gameboy page 14...
[12:15:14]   Scraping gameboy page 15...
[12:15:16]   Scraping gameboy page 16...
[12:15:19]   Scraping gameboy page 17...
[12:15:21]   Scraping gameboy page 18...
[12:15:24]   Scraping gameboy page 19...
[12:15:27]   Scraping gameboy page 20...
[12:15:29]   Scraping gameboy page 21...
[12:15:32]   Scraping gameboy page 22...
[12:15:34]   Scraping gameboy page 23...
[12:15:37]   Scraping gameboy page 24...
[12:15:39]   Scraping gameboy page 25...
[12:15:42]   Scraping gameboy page 26...
[12:15:44]   Scraping gameboy page 27...
[12:15:47]   Scraping gameboy page 28...
[12:15:49]   Scraping gameboy page 29...
[12:15:52]   Scraping gameboy page 30...
[12:15:54]   Scraping gameboy page 31...
[12:15:57]   Scraping gameboy page 32...
[12:15:59]   Scraping gameboy page 33...
[12:16:02]   Scraping gameboy page 34...
[12:16:04]   Scraping gameboy page 35...
[12:16:07]   Scraping gameboy page 36...
[12:16:09]   Scraping gameboy page 37...
[12:16:12]   Scraping gameboy page 38...
[12:16:14]   Scraping gameboy page 39...
[12:16:17]   Scraping gameboy page 40...
[12:16:19]   Scraping gameboy page 41...
[12:16:22]   Scraping gameboy page 42...
[12:16:24]   Scraping gameboy page 43...
[12:16:27]   Scraping gameboy page 44...
[12:16:29]   Scraping gameboy page 45...
[12:16:32]   Scraping gameboy page 46...
[12:16:35]   Scraping gameboy page 47...
[12:16:37]   Scraping gameboy page 48...
[12:16:40]   Scraping gameboy page 49...
[12:16:43]   Scraping gameboy page 50...
[12:16:45]   Found 1800 items
[12:16:45] 
Scraping gameboy-color...
[12:16:45]   Scraping gameboy-color page 1...
[12:16:48]   Scraping gameboy-color page 2...
[12:16:50]   Scraping gameboy-color page 3...
[12:16:53]   Scraping gameboy-color page 4...
[12:16:56]   Scraping gameboy-color page 5...
[12:16:58]   Scraping gameboy-color page 6...
[12:17:01]   Scraping gameboy-color page 7...
[12:17:03]   Scraping gameboy-color page 8...
[12:17:06]   Scraping gameboy-color page 9...
[12:17:09]   Scraping gameboy-color page 10...
[12:17:11]   Scraping gameboy-color page 11...
[12:17:13]   Scraping gameboy-color page 12...
[12:17:16]   Scraping gameboy-color page 13...
[12:17:18]   Scraping gameboy-color page 14...
[12:17:21]   Scraping gameboy-color page 15...
[12:17:23]   Scraping gameboy-color page 16...
[12:17:26]   Scraping gameboy-color page 17...
[12:17:28]   Scraping gameboy-color page 18...
[12:17:30]   Scraping gameboy-color page 19...
[12:17:33]   Scraping gameboy-color page 20...
[12:17:36]   Scraping gameboy-color page 21...
[12:17:38]   Scraping gameboy-color page 22...
[12:17:41]   Scraping gameboy-color page 23...
[12:17:43]   Scraping gameboy-color page 24...
[12:17:46]   Scraping gameboy-color page 25...
[12:17:48]   Scraping gameboy-color page 26...
[12:17:50]   Scraping gameboy-color page 27...
[12:17:53]   Scraping gameboy-color page 28...
[12:17:56]   Scraping gameboy-color page 29...
[12:17:58]   Scraping gameboy-color page 30...
[12:18:00]   Scraping gameboy-color page 31...
[12:18:03]   Scraping gameboy-color page 32...
[12:18:06]   Scraping gameboy-color page 33...
[12:18:08]   Scraping gameboy-color page 34...
[12:18:11]   Scraping gameboy-color page 35...
[12:18:13]   Scraping gameboy-color page 36...
[12:18:16]   Scraping gameboy-color page 37...
[12:18:18]   Scraping gameboy-color page 38...
[12:18:21]   Scraping gameboy-color page 39...
[12:18:23]   Scraping gameboy-color page 40...
[12:18:26]   Scraping gameboy-color page 41...
[12:18:28]   Scraping gameboy-color page 42...
[12:18:30]   Scraping gameboy-color page 43...
[12:18:33]   Scraping gameboy-color page 44...
[12:18:35]   Scraping gameboy-color page 45...
[12:18:38]   Scraping gameboy-color page 46...
[12:18:40]   Scraping gameboy-color page 47...
[12:18:43]   Scraping gameboy-color page 48...
[12:18:45]   Scraping gameboy-color page 49...
[12:18:48]   Scraping gameboy-color page 50...
[12:18:50]   Found 2350 items
[12:18:50] 
Scraping gameboy-advance...
[12:18:50]   Scraping gameboy-advance page 1...
[12:18:53]   Scraping gameboy-advance page 2...
[12:18:55]   Scraping gameboy-advance page 3...
[12:18:58]   Scraping gameboy-advance page 4...
[12:19:00]   Scraping gameboy-advance page 5...
[12:19:03]   Scraping gameboy-advance page 6...
[12:19:05]   Scraping gameboy-advance page 7...
[12:19:08]   Scraping gameboy-advance page 8...
[12:19:10]   Scraping gameboy-advance page 9...
[12:19:13]   Scraping gameboy-advance page 10...
[12:19:15]   Scraping gameboy-advance page 11...
[12:19:17]   Scraping gameboy-advance page 12...
[12:19:20]   Scraping gameboy-advance page 13...
[12:19:23]   Scraping gameboy-advance page 14...
[12:19:26]   Scraping gameboy-advance page 15...
[12:19:28]   Scraping gameboy-advance page 16...
[12:19:31]   Scraping gameboy-advance page 17...
[12:19:33]   Scraping gameboy-advance page 18...
[12:19:36]   Scraping gameboy-advance page 19...
[12:19:38]   Scraping gameboy-advance page 20...
[12:19:40]   Scraping gameboy-advance page 21...
[12:19:43]   Scraping gameboy-advance page 22...
[12:19:45]   Scraping gameboy-advance page 23...
[12:19:48]   Scraping gameboy-advance page 24...
[12:19:50]   Scraping gameboy-advance page 25...
[12:19:53]   Scraping gameboy-advance page 26...
[12:19:55]   Scraping gameboy-advance page 27...
[12:19:58]   Scraping gameboy-advance page 28...
[12:20:00]   Scraping gameboy-advance page 29...
[12:20:03]   Scraping gameboy-advance page 30...
[12:20:05]   Scraping gameboy-advance page 31...
[12:20:08]   Scraping gameboy-advance page 32...
[12:20:11]   Scraping gameboy-advance page 33...
[12:20:13]   Scraping gameboy-advance page 34...
[12:20:16]   Scraping gameboy-advance page 35...
[12:20:18]   Scraping gameboy-advance page 36...
[12:20:23]   Scraping gameboy-advance page 37...
[12:20:25]   Scraping gameboy-advance page 38...
[12:20:28]   Scraping gameboy-advance page 39...
[12:20:30]   Scraping gameboy-advance page 40...
[12:20:33]   Scraping gameboy-advance page 41...
[12:20:35]   Scraping gameboy-advance page 42...
[12:20:37]   Scraping gameboy-advance page 43...
[12:20:40]   Scraping gameboy-advance page 44...
[12:20:43]   Scraping gameboy-advance page 45...
[12:20:45]   Scraping gameboy-advance page 46...
[12:20:48]   Scraping gameboy-advance page 47...
[12:20:50]   Scraping gameboy-advance page 48...
[12:20:54]   Scraping gameboy-advance page 49...
[12:20:56]   Scraping gameboy-advance page 50...
[12:20:59]   Found 2400 items
[12:20:59] 
Scraping nintendo-ds...
[12:20:59]   Scraping nintendo-ds page 1...
[12:21:01]   Scraping nintendo-ds page 2...
[12:21:04]   Scraping nintendo-ds page 3...
[12:21:07]   Scraping nintendo-ds page 4...
[12:21:09]   Scraping nintendo-ds page 5...
[12:21:11]   Scraping nintendo-ds page 6...
[12:21:14]   Scraping nintendo-ds page 7...
[12:21:16]   Scraping nintendo-ds page 8...
[12:21:19]   Scraping nintendo-ds page 9...
[12:21:22]   Scraping nintendo-ds page 10...
[12:21:24]   Scraping nintendo-ds page 11...
[12:21:27]   Scraping nintendo-ds page 12...
[12:21:29]   Scraping nintendo-ds page 13...
[12:21:31]   Scraping nintendo-ds page 14...
[12:21:34]   Scraping nintendo-ds page 15...
[12:21:36]   Scraping nintendo-ds page 16...
[12:21:39]   Scraping nintendo-ds page 17...
[12:21:41]   Scraping nintendo-ds page 18...
[12:21:43]   Scraping nintendo-ds page 19...
[12:21:46]   Scraping nintendo-ds page 20...
[12:21:48]   Scraping nintendo-ds page 21...
[12:21:51]   Scraping nintendo-ds page 22...
[12:21:53]   Scraping nintendo-ds page 23...
[12:21:56]   Scraping nintendo-ds page 24...
[12:21:58]   Scraping nintendo-ds page 25...
[12:22:00]   Scraping nintendo-ds page 26...
[12:22:03]   Scraping nintendo-ds page 27...
[12:22:05]   Scraping nintendo-ds page 28...
[12:22:08]   Scraping nintendo-ds page 29...
[12:22:10]   Scraping nintendo-ds page 30...
[12:22:13]   Scraping nintendo-ds page 31...
[12:22:15]   Scraping nintendo-ds page 32...
[12:22:18]   Scraping nintendo-ds page 33...
[12:22:20]   Scraping nintendo-ds page 34...
[12:22:22]   Scraping nintendo-ds page 35...
[12:22:25]   Scraping nintendo-ds page 36...
[12:22:28]   Scraping nintendo-ds page 37...
[12:22:30]   Scraping nintendo-ds page 38...
[12:22:33]   Scraping nintendo-ds page 39...
[12:22:35]   Scraping nintendo-ds page 40...
[12:22:37]   Scraping nintendo-ds page 41...
[12:22:40]   Scraping nintendo-ds page 42...
[12:22:42]   Scraping nintendo-ds page 43...
[12:22:45]   Scraping nintendo-ds page 44...
[12:22:47]   Scraping nintendo-ds page 45...
[12:22:50]   Scraping nintendo-ds page 46...
[12:22:52]   Scraping nintendo-ds page 47...
[12:22:55]   Scraping nintendo-ds page 48...
[12:22:57]   Scraping nintendo-ds page 49...
[12:23:00]   Scraping nintendo-ds page 50...
[12:23:02]   Found 2400 items
[12:23:02] 
Scraping nintendo-3ds...
[12:23:02]   Scraping nintendo-3ds page 1...
[12:23:05]   Scraping nintendo-3ds page 2...
[12:23:07]   Scraping nintendo-3ds page 3...
[12:23:10]   Scraping nintendo-3ds page 4...
[12:23:12]   Scraping nintendo-3ds page 5...
[12:23:15]   Scraping nintendo-3ds page 6...
[12:23:17]   Scraping nintendo-3ds page 7...
[12:23:20]   Scraping nintendo-3ds page 8...
[12:23:22]   Scraping nintendo-3ds page 9...
[12:23:24]   Scraping nintendo-3ds page 10...
[12:23:27]   Scraping nintendo-3ds page 11...
[12:23:30]   Scraping nintendo-3ds page 12...
[12:23:32]   Scraping nintendo-3ds page 13...
[12:23:35]   Scraping nintendo-3ds page 14...
[12:23:37]   Scraping nintendo-3ds page 15...
[12:23:40]   Scraping nintendo-3ds page 16...
[12:23:42]   Scraping nintendo-3ds page 17...
[12:23:44]   Scraping nintendo-3ds page 18...
[12:23:47]   Scraping nintendo-3ds page 19...
[12:23:49]   Scraping nintendo-3ds page 20...
[12:23:52]   Scraping nintendo-3ds page 21...
[12:23:54]   Scraping nintendo-3ds page 22...
[12:23:57]   Scraping nintendo-3ds page 23...
[12:23:59]   Scraping nintendo-3ds page 24...
[12:24:02]   Scraping nintendo-3ds page 25...
[12:24:05]   Scraping nintendo-3ds page 26...
[12:24:07]   Scraping nintendo-3ds page 27...
[12:24:10]   Scraping nintendo-3ds page 28...
[12:24:12]   Scraping nintendo-3ds page 29...
[12:24:15]   Scraping nintendo-3ds page 30...
[12:24:17]   Scraping nintendo-3ds page 31...
[12:24:20]   Scraping nintendo-3ds page 32...
[12:24:23]   Scraping nintendo-3ds page 33...
[12:24:25]   Scraping nintendo-3ds page 34...
[12:24:28]   Scraping nintendo-3ds page 35...
[12:24:30]   Scraping nintendo-3ds page 36...
[12:24:32]   Scraping nintendo-3ds page 37...
[12:24:35]   Scraping nintendo-3ds page 38...
[12:24:37]   Scraping nintendo-3ds page 39...
[12:24:40]   Scraping nintendo-3ds page 40...
[12:24:42]   Scraping nintendo-3ds page 41...
[12:24:45]   Scraping nintendo-3ds page 42...
[12:24:47]   Scraping nintendo-3ds page 43...
[12:24:50]   Scraping nintendo-3ds page 44...
[12:24:52]   Scraping nintendo-3ds page 45...
[12:24:54]   Scraping nintendo-3ds page 46...
[12:24:57]   Scraping nintendo-3ds page 47...
[12:24:59]   Scraping nintendo-3ds page 48...
[12:25:02]   Scraping nintendo-3ds page 49...
[12:25:04]   Scraping nintendo-3ds page 50...
[12:25:07]   Found 2400 items
[12:25:07] 
Scraping sega-genesis...
[12:25:07]   Scraping sega-genesis page 1...
[12:25:09]   Scraping sega-genesis page 2...
[12:25:12]   Scraping sega-genesis page 3...
[12:25:14]   Scraping sega-genesis page 4...
[12:25:16]   Scraping sega-genesis page 5...
[12:25:19]   Scraping sega-genesis page 6...
[12:25:21]   Scraping sega-genesis page 7...
[12:25:24]   Scraping sega-genesis page 8...
[12:25:26]   Scraping sega-genesis page 9...
[12:25:29]   Scraping sega-genesis page 10...
[12:25:31]   Scraping sega-genesis page 11...
[12:25:33]   Scraping sega-genesis page 12...
[12:25:36]   Scraping sega-genesis page 13...
[12:25:38]   Scraping sega-genesis page 14...
[12:25:41]   Scraping sega-genesis page 15...
[12:25:43]   Scraping sega-genesis page 16...
[12:25:46]   Scraping sega-genesis page 17...
[12:25:48]   Scraping sega-genesis page 18...
[12:25:50]   Scraping sega-genesis page 19...
[12:25:53]   Scraping sega-genesis page 20...
[12:25:55]   Scraping sega-genesis page 21...
[12:25:58]   Scraping sega-genesis page 22...
[12:26:00]   Scraping sega-genesis page 23...
[12:26:02]   Scraping sega-genesis page 24...
[12:26:05]   Scraping sega-genesis page 25...
[12:26:07]   Scraping sega-genesis page 26...
[12:26:10]   Scraping sega-genesis page 27...
[12:26:12]   Scraping sega-genesis page 28...
[12:26:15]   Scraping sega-genesis page 29...
[12:26:17]   Scraping sega-genesis page 30...
[12:26:20]   Scraping sega-genesis page 31...
[12:26:22]   Scraping sega-genesis page 32...
[12:26:25]   Scraping sega-genesis page 33...
[12:26:27]   Scraping sega-genesis page 34...
[12:26:29]   Scraping sega-genesis page 35...
[12:26:32]   Scraping sega-genesis page 36...
[12:26:34]   Scraping sega-genesis page 37...
[12:26:36]   Scraping sega-genesis page 38...
[12:26:39]   Scraping sega-genesis page 39...
[12:26:41]   Scraping sega-genesis page 40...
[12:26:44]   Scraping sega-genesis page 41...
[12:26:46]   Scraping sega-genesis page 42...
[12:26:49]   Scraping sega-genesis page 43...
[12:26:51]   Scraping sega-genesis page 44...
[12:26:54]   Scraping sega-genesis page 45...
[12:26:56]   Scraping sega-genesis page 46...
[12:26:59]   Scraping sega-genesis page 47...
[12:27:01]   Scraping sega-genesis page 48...
[12:27:04]   Scraping sega-genesis page 49...
[12:27:06]   Scraping sega-genesis page 50...
[12:27:09]   Found 2300 items
[12:27:09] 
Scraping sega-saturn...
[12:27:09]   Scraping sega-saturn page 1...
[12:27:11]   Scraping sega-saturn page 2...
[12:27:13]   Scraping sega-saturn page 3...
[12:27:17]   Scraping sega-saturn page 4...
[12:27:19]   Scraping sega-saturn page 5...
[12:27:22]   Scraping sega-saturn page 6...
[12:27:24]   Scraping sega-saturn page 7...
[12:27:27]   Scraping sega-saturn page 8...
[12:27:29]   Scraping sega-saturn page 9...
[12:27:31]   Scraping sega-saturn page 10...
[12:27:34]   Scraping sega-saturn page 11...
[12:27:36]   Scraping sega-saturn page 12...
[12:27:38]   Scraping sega-saturn page 13...
[12:27:41]   Scraping sega-saturn page 14...
[12:27:43]   Scraping sega-saturn page 15...
[12:27:46]   Scraping sega-saturn page 16...
[12:27:48]   Scraping sega-saturn page 17...
[12:27:50]   Scraping sega-saturn page 18...
[12:27:53]   Scraping sega-saturn page 19...
[12:27:55]   Scraping sega-saturn page 20...
[12:27:58]   Scraping sega-saturn page 21...
[12:28:00]   Scraping sega-saturn page 22...
[12:28:03]   Scraping sega-saturn page 23...
[12:28:06]   Scraping sega-saturn page 24...
[12:28:08]   Scraping sega-saturn page 25...
[12:28:11]   Scraping sega-saturn page 26...
[12:28:13]   Scraping sega-saturn page 27...
[12:28:16]   Scraping sega-saturn page 28...
[12:28:19]   Scraping sega-saturn page 29...
[12:28:21]   Scraping sega-saturn page 30...
[12:28:24]   Scraping sega-saturn page 31...
[12:28:26]   Scraping sega-saturn page 32...
[12:28:28]   Scraping sega-saturn page 33...
[12:28:31]   Scraping sega-saturn page 34...
[12:28:33]   Scraping sega-saturn page 35...
[12:28:36]   Scraping sega-saturn page 36...
[12:28:38]   Scraping sega-saturn page 37...
[12:28:41]   Scraping sega-saturn page 38...
[12:28:43]   Scraping sega-saturn page 39...
[12:28:46]   Scraping sega-saturn page 40...
[12:28:48]   Scraping sega-saturn page 41...
[12:28:51]   Scraping sega-saturn page 42...
[12:28:53]   Scraping sega-saturn page 43...
[12:28:55]   Scraping sega-saturn page 44...
[12:28:58]   Scraping sega-saturn page 45...
[12:29:00]   Scraping sega-saturn page 46...
[12:29:03]   Scraping sega-saturn page 47...
[12:29:05]   Scraping sega-saturn page 48...
[12:29:07]   Scraping sega-saturn page 49...
[12:29:10]   Scraping sega-saturn page 50...
[12:29:12]   Found 2250 items
[12:29:12] 
Scraping sega-dreamcast...
[12:29:12]   Scraping sega-dreamcast page 1...
[12:29:15]   Scraping sega-dreamcast page 2...
[12:29:18]   Scraping sega-dreamcast page 3...
[12:29:20]   Scraping sega-dreamcast page 4...
[12:29:22]   Scraping sega-dreamcast page 5...
[12:29:25]   Scraping sega-dreamcast page 6...
[12:29:28]   Scraping sega-dreamcast page 7...
[12:29:30]   Scraping sega-dreamcast page 8...
[12:29:32]   Scraping sega-dreamcast page 9...
[12:29:35]   Scraping sega-dreamcast page 10...
[12:29:37]   Scraping sega-dreamcast page 11...
[12:29:40]   Scraping sega-dreamcast page 12...
[12:29:42]   Scraping sega-dreamcast page 13...
[12:29:45]   Scraping sega-dreamcast page 14...
[12:29:47]   Scraping sega-dreamcast page 15...
[12:29:50]   Scraping sega-dreamcast page 16...
[12:29:52]   Scraping sega-dreamcast page 17...
[12:29:55]   Scraping sega-dreamcast page 18...
[12:29:58]   Scraping sega-dreamcast page 19...
[12:30:00]   Scraping sega-dreamcast page 20...
[12:30:03]   Scraping sega-dreamcast page 21...
[12:30:05]   Scraping sega-dreamcast page 22...
[12:30:07]   Scraping sega-dreamcast page 23...
[12:30:10]   Scraping sega-dreamcast page 24...
[12:30:12]   Scraping sega-dreamcast page 25...
[12:30:15]   Scraping sega-dreamcast page 26...
[12:30:17]   Scraping sega-dreamcast page 27...
[12:30:20]   Scraping sega-dreamcast page 28...
[12:30:22]   Scraping sega-dreamcast page 29...
[12:30:24]   Scraping sega-dreamcast page 30...
[12:30:27]   Scraping sega-dreamcast page 31...
[12:30:29]   Scraping sega-dreamcast page 32...
[12:30:31]   Scraping sega-dreamcast page 33...
[12:30:34]   Scraping sega-dreamcast page 34...
[12:30:36]   Scraping sega-dreamcast page 35...
[12:30:39]   Scraping sega-dreamcast page 36...
[12:30:41]   Scraping sega-dreamcast page 37...
[12:30:44]   Scraping sega-dreamcast page 38...
[12:30:46]   Scraping sega-dreamcast page 39...
[12:30:49]   Scraping sega-dreamcast page 40...
[12:30:51]   Scraping sega-dreamcast page 41...
[12:30:54]   Scraping sega-dreamcast page 42...
[12:30:56]   Scraping sega-dreamcast page 43...
[12:30:58]   Scraping sega-dreamcast page 44...
[12:31:01]   Scraping sega-dreamcast page 45...
[12:31:03]   Scraping sega-dreamcast page 46...
[12:31:06]   Scraping sega-dreamcast page 47...
[12:31:08]   Scraping sega-dreamcast page 48...
[12:31:11]   Scraping sega-dreamcast page 49...
[12:31:14]   Scraping sega-dreamcast page 50...
[12:31:16]   Found 2350 items
[12:31:16] 
Scraping sega-cd...
[12:31:16]   Scraping sega-cd page 1...
[12:31:18]   Scraping sega-cd page 2...
[12:31:21]   Scraping sega-cd page 3...
[12:31:24]   Scraping sega-cd page 4...
[12:31:26]   Scraping sega-cd page 5...
[12:31:29]   Scraping sega-cd page 6...
[12:31:31]   Scraping sega-cd page 7...
[12:31:33]   Scraping sega-cd page 8...
[12:31:36]   Scraping sega-cd page 9...
[12:31:38]   Scraping sega-cd page 10...
[12:31:41]   Scraping sega-cd page 11...
[12:31:43]   Scraping sega-cd page 12...
[12:31:46]   Scraping sega-cd page 13...
[12:31:49]   Scraping sega-cd page 14...
[12:31:51]   Scraping sega-cd page 15...
[12:31:54]   Scraping sega-cd page 16...
[12:31:56]   Scraping sega-cd page 17...
[12:31:59]   Scraping sega-cd page 18...
[12:32:01]   Scraping sega-cd page 19...
[12:32:03]   Scraping sega-cd page 20...
[12:32:06]   Scraping sega-cd page 21...
[12:32:08]   Scraping sega-cd page 22...
[12:32:11]   Scraping sega-cd page 23...
[12:32:13]   Scraping sega-cd page 24...
[12:32:15]   Scraping sega-cd page 25...
[12:32:18]   Scraping sega-cd page 26...
[12:32:20]   Scraping sega-cd page 27...
[12:32:22]   Scraping sega-cd page 28...
[12:32:25]   Scraping sega-cd page 29...
[12:32:28]   Scraping sega-cd page 30...
[12:32:30]   Scraping sega-cd page 31...
[12:32:33]   Scraping sega-cd page 32...
[12:32:35]   Scraping sega-cd page 33...
[12:32:38]   Scraping sega-cd page 34...
[12:32:40]   Scraping sega-cd page 35...
[12:32:43]   Scraping sega-cd page 36...
[12:32:45]   Scraping sega-cd page 37...
[12:32:47]   Scraping sega-cd page 38...
[12:32:50]   Scraping sega-cd page 39...
[12:32:52]   Scraping sega-cd page 40...
[12:32:55]   Scraping sega-cd page 41...
[12:32:57]   Scraping sega-cd page 42...
[12:33:00]   Scraping sega-cd page 43...
[12:33:02]   Scraping sega-cd page 44...
[12:33:05]   Scraping sega-cd page 45...
[12:33:07]   Scraping sega-cd page 46...
[12:33:10]   Scraping sega-cd page 47...
[12:33:27]   Scraping sega-cd page 48...
[12:33:30]   Scraping sega-cd page 49...
[12:33:32]   Scraping sega-cd page 50...
[12:33:35]   Found 2300 items
[12:33:35] 
Scraping sega-game-gear...
[12:33:35]   Scraping sega-game-gear page 1...
[12:33:38]   Scraping sega-game-gear page 2...
[12:33:40]   Scraping sega-game-gear page 3...
[12:33:43]   Scraping sega-game-gear page 4...
[12:33:46]   Scraping sega-game-gear page 5...
[12:33:48]   Scraping sega-game-gear page 6...
[12:33:50]   Scraping sega-game-gear page 7...
[12:33:53]   Scraping sega-game-gear page 8...
[12:33:55]   Scraping sega-game-gear page 9...
[12:33:58]   Scraping sega-game-gear page 10...
[12:34:01]   Scraping sega-game-gear page 11...
[12:34:03]   Scraping sega-game-gear page 12...
[12:34:06]   Scraping sega-game-gear page 13...
[12:34:08]   Scraping sega-game-gear page 14...
[12:34:10]   Scraping sega-game-gear page 15...
[12:34:13]   Scraping sega-game-gear page 16...
[12:34:16]   Scraping sega-game-gear page 17...
[12:34:18]   Scraping sega-game-gear page 18...
[12:34:21]   Scraping sega-game-gear page 19...
[12:34:23]   Scraping sega-game-gear page 20...
[12:34:26]   Scraping sega-game-gear page 21...
[12:34:28]   Scraping sega-game-gear page 22...
[12:34:30]   Scraping sega-game-gear page 23...
[12:34:33]   Scraping sega-game-gear page 24...
[12:34:35]   Scraping sega-game-gear page 25...
[12:34:38]   Scraping sega-game-gear page 26...
[12:34:40]   Scraping sega-game-gear page 27...
[12:34:43]   Scraping sega-game-gear page 28...
[12:34:45]   Scraping sega-game-gear page 29...
[12:34:47]   Scraping sega-game-gear page 30...
[12:34:50]   Scraping sega-game-gear page 31...
[12:34:52]   Scraping sega-game-gear page 32...
[12:34:55]   Scraping sega-game-gear page 33...
[12:34:58]   Scraping sega-game-gear page 34...
[12:35:00]   Scraping sega-game-gear page 35...
[12:35:03]   Scraping sega-game-gear page 36...
[12:35:06]   Scraping sega-game-gear page 37...
[12:35:08]   Scraping sega-game-gear page 38...
[12:35:11]   Scraping sega-game-gear page 39...
[12:35:13]   Scraping sega-game-gear page 40...
[12:35:16]   Scraping sega-game-gear page 41...
[12:35:18]   Scraping sega-game-gear page 42...
[12:35:21]   Scraping sega-game-gear page 43...
[12:35:23]   Scraping sega-game-gear page 44...
[12:35:26]   Scraping sega-game-gear page 45...
[12:35:29]   Scraping sega-game-gear page 46...
[12:35:31]   Scraping sega-game-gear page 47...
[12:35:34]   Scraping sega-game-gear page 48...
[12:35:36]   Scraping sega-game-gear page 49...
[12:35:38]   Scraping sega-game-gear page 50...
[12:35:41]   Found 2400 items
[12:35:41] 
Scraping playstation...
[12:35:41]   Scraping playstation page 1...
[12:35:44]   Scraping playstation page 2...
[12:35:47]   Scraping playstation page 3...
[12:35:50]   Scraping playstation page 4...
[12:35:52]   Scraping playstation page 5...
[12:35:55]   Scraping playstation page 6...
[12:35:57]   Scraping playstation page 7...
[12:35:59]   Scraping playstation page 8...
[12:36:02]   Scraping playstation page 9...
[12:36:04]   Scraping playstation page 10...
[12:36:07]   Scraping playstation page 11...
[12:36:09]   Scraping playstation page 12...
[12:36:13]   Scraping playstation page 13...
[12:36:15]   Scraping playstation page 14...
[12:36:17]   Scraping playstation page 15...
[12:36:20]   Scraping playstation page 16...
[12:36:23]   Scraping playstation page 17...
[12:36:25]   Scraping playstation page 18...
[12:36:28]   Scraping playstation page 19...
[12:36:31]   Scraping playstation page 20...
[12:36:33]   Scraping playstation page 21...
[12:36:36]   Scraping playstation page 22...
[12:36:38]   Scraping playstation page 23...
[12:36:41]   Scraping playstation page 24...
[12:36:44]   Scraping playstation page 25...
[12:36:46]   Scraping playstation page 26...
[12:36:49]   Scraping playstation page 27...
[12:36:51]   Scraping playstation page 28...
[12:36:54]   Scraping playstation page 29...
[12:36:56]   Scraping playstation page 30...
[12:36:59]   Scraping playstation page 31...
[12:37:01]   Scraping playstation page 32...
[12:37:04]   Scraping playstation page 33...
[12:37:06]   Scraping playstation page 34...
[12:37:10]   Scraping playstation page 35...
[12:37:12]   Scraping playstation page 36...
[12:37:15]   Scraping playstation page 37...
[12:37:18]   Scraping playstation page 38...
[12:37:20]   Scraping playstation page 39...
[12:37:23]   Scraping playstation page 40...
[12:37:25]   Scraping playstation page 41...
[12:37:28]   Scraping playstation page 42...
[12:37:30]   Scraping playstation page 43...
[12:37:33]   Scraping playstation page 44...
[12:37:35]   Scraping playstation page 45...
[12:37:38]   Scraping playstation page 46...
[12:37:41]   Scraping playstation page 47...
[12:37:43]   Scraping playstation page 48...
[12:37:46]   Scraping playstation page 49...
[12:37:49]   Scraping playstation page 50...
[12:37:52]   Found 2250 items
[12:37:52] 
Scraping playstation-2...
[12:37:52]   Scraping playstation-2 page 1...
[12:37:54]   Scraping playstation-2 page 2...
[12:37:57]   Scraping playstation-2 page 3...
[12:38:00]   Scraping playstation-2 page 4...
[12:38:02]   Scraping playstation-2 page 5...
[12:38:05]   Scraping playstation-2 page 6...
[12:38:08]   Scraping playstation-2 page 7...
[12:38:10]   Scraping playstation-2 page 8...
[12:38:12]   Scraping playstation-2 page 9...
[12:38:15]   Scraping playstation-2 page 10...
[12:38:17]   Scraping playstation-2 page 11...
[12:38:20]   Scraping playstation-2 page 12...
[12:38:22]   Scraping playstation-2 page 13...
[12:38:25]   Scraping playstation-2 page 14...
[12:38:27]   Scraping playstation-2 page 15...
[12:38:30]   Scraping playstation-2 page 16...
[12:38:33]   Scraping playstation-2 page 17...
[12:38:35]   Scraping playstation-2 page 18...
[12:38:38]   Scraping playstation-2 page 19...
[12:38:40]   Scraping playstation-2 page 20...
[12:38:43]   Scraping playstation-2 page 21...
[12:38:45]   Scraping playstation-2 page 22...
[12:38:48]   Scraping playstation-2 page 23...
[12:38:51]   Scraping playstation-2 page 24...
[12:38:53]   Scraping playstation-2 page 25...
[12:38:56]   Scraping playstation-2 page 26...
[12:38:58]   Scraping playstation-2 page 27...
[12:39:01]   Scraping playstation-2 page 28...
[12:39:03]   Scraping playstation-2 page 29...
[12:39:06]   Scraping playstation-2 page 30...
[12:39:08]   Scraping playstation-2 page 31...
[12:39:11]   Scraping playstation-2 page 32...
[12:39:13]   Scraping playstation-2 page 33...
[12:39:16]   Scraping playstation-2 page 34...
[12:39:18]   Scraping playstation-2 page 35...
[12:39:20]   Scraping playstation-2 page 36...
[12:39:23]   Scraping playstation-2 page 37...
[12:39:25]   Scraping playstation-2 page 38...
[12:39:28]   Scraping playstation-2 page 39...
[12:39:30]   Scraping playstation-2 page 40...
[12:39:33]   Scraping playstation-2 page 41...
[12:39:35]   Scraping playstation-2 page 42...
[12:39:38]   Scraping playstation-2 page 43...
[12:39:40]   Scraping playstation-2 page 44...
[12:39:43]   Scraping playstation-2 page 45...
[12:39:45]   Scraping playstation-2 page 46...
[12:39:47]   Scraping playstation-2 page 47...
[12:39:50]   Scraping playstation-2 page 48...
[12:39:52]   Scraping playstation-2 page 49...
[12:39:55]   Scraping playstation-2 page 50...
[12:39:57]   Found 2150 items
[12:39:57] 
Scraping playstation-3...
[12:39:57]   Scraping playstation-3 page 1...
[12:40:00]   Scraping playstation-3 page 2...
[12:40:02]   Scraping playstation-3 page 3...
[12:40:05]   Scraping playstation-3 page 4...
[12:40:07]   Scraping playstation-3 page 5...
[12:40:10]   Scraping playstation-3 page 6...
[12:40:13]   Scraping playstation-3 page 7...
[12:40:15]   Scraping playstation-3 page 8...
[12:40:18]   Scraping playstation-3 page 9...
[12:40:21]   Scraping playstation-3 page 10...
[12:40:23]   Scraping playstation-3 page 11...
[12:40:26]   Scraping playstation-3 page 12...
[12:40:28]   Scraping playstation-3 page 13...
[12:40:30]   Scraping playstation-3 page 14...
[12:40:33]   Scraping playstation-3 page 15...
[12:40:35]   Scraping playstation-3 page 16...
[12:40:38]   Scraping playstation-3 page 17...
[12:40:41]   Scraping playstation-3 page 18...
[12:40:43]   Scraping playstation-3 page 19...
[12:40:46]   Scraping playstation-3 page 20...
[12:40:48]   Scraping playstation-3 page 21...
[12:40:51]   Scraping playstation-3 page 22...
[12:40:55]   Scraping playstation-3 page 23...
[12:40:58]   Scraping playstation-3 page 24...
[12:41:01]   Scraping playstation-3 page 25...
[12:41:03]   Scraping playstation-3 page 26...
[12:41:05]   Scraping playstation-3 page 27...
[12:41:08]   Scraping playstation-3 page 28...
[12:41:10]   Scraping playstation-3 page 29...
[12:41:13]   Scraping playstation-3 page 30...
[12:41:15]   Scraping playstation-3 page 31...
[12:41:17]   Scraping playstation-3 page 32...
[12:41:20]   Scraping playstation-3 page 33...
[12:41:23]   Scraping playstation-3 page 34...
[12:41:25]   Scraping playstation-3 page 35...
[12:41:28]   Scraping playstation-3 page 36...
[12:41:30]   Scraping playstation-3 page 37...
[12:41:33]   Scraping playstation-3 page 38...
[12:41:35]   Scraping playstation-3 page 39...
[12:41:37]   Scraping playstation-3 page 40...
[12:41:40]   Scraping playstation-3 page 41...
[12:41:42]   Scraping playstation-3 page 42...
[12:41:44]   Scraping playstation-3 page 43...
[12:41:48]   Scraping playstation-3 page 44...
[12:41:50]   Scraping playstation-3 page 45...
[12:41:53]   Scraping playstation-3 page 46...
[12:41:55]   Scraping playstation-3 page 47...
[12:41:58]   Scraping playstation-3 page 48...
[12:42:00]   Scraping playstation-3 page 49...
[12:42:03]   Scraping playstation-3 page 50...
[12:42:06]   Found 2200 items
[12:42:06] 
Scraping psp...
[12:42:06]   Scraping psp page 1...
[12:42:08]   Scraping psp page 2...
[12:42:10]   Scraping psp page 3...
[12:42:13]   Scraping psp page 4...
[12:42:16]   Scraping psp page 5...
[12:42:18]   Scraping psp page 6...
[12:42:21]   Scraping psp page 7...
[12:42:23]   Scraping psp page 8...
[12:42:26]   Scraping psp page 9...
[12:42:28]   Scraping psp page 10...
[12:42:31]   Scraping psp page 11...
[12:42:33]   Scraping psp page 12...
[12:42:36]   Scraping psp page 13...
[12:42:39]   Scraping psp page 14...
[12:42:42]   Scraping psp page 15...
[12:42:44]   Scraping psp page 16...
[12:42:47]   Scraping psp page 17...
[12:42:49]   Scraping psp page 18...
[12:42:52]   Scraping psp page 19...
[12:42:54]   Scraping psp page 20...
[12:42:57]   Scraping psp page 21...
[12:42:59]   Scraping psp page 22...
[12:43:02]   Scraping psp page 23...
[12:43:04]   Scraping psp page 24...
[12:43:07]   Scraping psp page 25...
[12:43:09]   Scraping psp page 26...
[12:43:12]   Scraping psp page 27...
[12:43:14]   Scraping psp page 28...
[12:43:17]   Scraping psp page 29...
[12:43:19]   Scraping psp page 30...
[12:43:22]   Scraping psp page 31...
[12:43:24]   Scraping psp page 32...
[12:43:39]   ERROR: Failed to scrape https://www.pricecharting.com/console/psp?sort=name&page=32: HTTPSConnectionPool(host='www.pricecharting.com', port=443): Read timed out. (read timeout=15)
[12:43:39]   Found 1364 items
[12:43:39] 
Scraping xbox...
[12:43:39]   Scraping xbox page 1...
[12:43:54]   ERROR: Failed to scrape https://www.pricecharting.com/console/xbox?sort=name&page=1: HTTPSConnectionPool(host='www.pricecharting.com', port=443): Read timed out. (read timeout=15)
[12:43:54]   Found 0 items
[12:43:54] 
Scraping xbox-360...
[12:43:54]   Scraping xbox-360 page 1...
[12:43:57]   Scraping xbox-360 page 2...
[12:43:59]   Scraping xbox-360 page 3...
[12:44:02]   Scraping xbox-360 page 4...
[12:44:05]   Scraping xbox-360 page 5...
[12:44:07]   Scraping xbox-360 page 6...
[12:44:10]   Scraping xbox-360 page 7...
[12:44:12]   Scraping xbox-360 page 8...
[12:44:15]   Scraping xbox-360 page 9...
[12:44:17]   Scraping xbox-360 page 10...
[12:44:19]   Scraping xbox-360 page 11...
[12:44:22]   Scraping xbox-360 page 12...
[12:44:24]   Scraping xbox-360 page 13...
[12:44:27]   Scraping xbox-360 page 14...
[12:44:29]   Scraping xbox-360 page 15...
[12:44:32]   Scraping xbox-360 page 16...
[12:44:34]   Scraping xbox-360 page 17...
[12:44:36]   Scraping xbox-360 page 18...
[12:44:39]   Scraping xbox-360 page 19...
[12:44:41]   Scraping xbox-360 page 20...
[12:44:44]   Scraping xbox-360 page 21...
[12:44:46]   Scraping xbox-360 page 22...
[12:44:49]   Scraping xbox-360 page 23...
[12:44:51]   Scraping xbox-360 page 24...
[12:44:54]   Scraping xbox-360 page 25...
[12:44:56]   Scraping xbox-360 page 26...
[12:44:58]   Scraping xbox-360 page 27...
[12:45:01]   Scraping xbox-360 page 28...
[12:45:04]   Scraping xbox-360 page 29...
[12:45:06]   Scraping xbox-360 page 30...
[12:45:09]   Scraping xbox-360 page 31...
[12:45:11]   Scraping xbox-360 page 32...
[12:45:14]   Scraping xbox-360 page 33...
[12:45:17]   Scraping xbox-360 page 34...
[12:45:19]   Scraping xbox-360 page 35...
[12:45:22]   Scraping xbox-360 page 36...
[12:45:24]   Scraping xbox-360 page 37...
[12:45:27]   Scraping xbox-360 page 38...
[12:45:29]   Scraping xbox-360 page 39...
[12:45:32]   Scraping xbox-360 page 40...
[12:45:34]   Scraping xbox-360 page 41...
[12:45:37]   Scraping xbox-360 page 42...
[12:45:39]   Scraping xbox-360 page 43...
[12:45:42]   Scraping xbox-360 page 44...
[12:45:45]   Scraping xbox-360 page 45...
[12:45:47]   Scraping xbox-360 page 46...
[12:45:50]   Scraping xbox-360 page 47...
[12:45:53]   Scraping xbox-360 page 48...
[12:45:55]   Scraping xbox-360 page 49...
[12:45:58]   Scraping xbox-360 page 50...
[12:46:00]   Found 2250 items
[12:46:00] 
Scraping atari-2600...
[12:46:00]   Scraping atari-2600 page 1...
[12:46:02]   Scraping atari-2600 page 2...
[12:46:05]   Scraping atari-2600 page 3...
[12:46:07]   Scraping atari-2600 page 4...
[12:46:10]   Scraping atari-2600 page 5...
[12:46:12]   Scraping atari-2600 page 6...
[12:46:15]   Scraping atari-2600 page 7...
[12:46:17]   Scraping atari-2600 page 8...
[12:46:20]   Scraping atari-2600 page 9...
[12:46:22]   Scraping atari-2600 page 10...
[12:46:25]   Scraping atari-2600 page 11...
[12:46:27]   Scraping atari-2600 page 12...
[12:46:30]   Scraping atari-2600 page 13...
[12:46:32]   Scraping atari-2600 page 14...
[12:46:35]   Scraping atari-2600 page 15...
[12:46:38]   Scraping atari-2600 page 16...
[12:46:40]   Scraping atari-2600 page 17...
[12:46:43]   Scraping atari-2600 page 18...
[12:46:45]   Scraping atari-2600 page 19...
[12:46:48]   Scraping atari-2600 page 20...
[12:46:50]   Scraping atari-2600 page 21...
[12:46:53]   Scraping atari-2600 page 22...
[12:46:55]   Scraping atari-2600 page 23...
[12:46:57]   Scraping atari-2600 page 24...
[12:47:00]   Scraping atari-2600 page 25...
[12:47:03]   Scraping atari-2600 page 26...
[12:47:05]   Scraping atari-2600 page 27...
[12:47:08]   Scraping atari-2600 page 28...
[12:47:10]   Scraping atari-2600 page 29...
[12:47:13]   Scraping atari-2600 page 30...
[12:47:15]   Scraping atari-2600 page 31...
[12:47:18]   Scraping atari-2600 page 32...
[12:47:20]   Scraping atari-2600 page 33...
[12:47:22]   Scraping atari-2600 page 34...
[12:47:25]   Scraping atari-2600 page 35...
[12:47:27]   Scraping atari-2600 page 36...
[12:47:30]   Scraping atari-2600 page 37...
[12:47:32]   Scraping atari-2600 page 38...
[12:47:35]   Scraping atari-2600 page 39...
[12:47:38]   Scraping atari-2600 page 40...
[12:47:40]   Scraping atari-2600 page 41...
[12:47:43]   Scraping atari-2600 page 42...
[12:47:45]   Scraping atari-2600 page 43...
[12:47:48]   Scraping atari-2600 page 44...
[12:47:50]   Scraping atari-2600 page 45...
[12:47:52]   Scraping atari-2600 page 46...
[12:47:55]   Scraping atari-2600 page 47...
[12:47:58]   Scraping atari-2600 page 48...
[12:48:01]   Scraping atari-2600 page 49...
[12:48:03]   Scraping atari-2600 page 50...
[12:48:05]   Found 2150 items
[12:48:05] 
Scraping turbografx-16...
[12:48:05]   Scraping turbografx-16 page 1...
[12:48:08]   Scraping turbografx-16 page 2...
[12:48:11]   Scraping turbografx-16 page 3...
[12:48:13]   Scraping turbografx-16 page 4...
[12:48:16]   Scraping turbografx-16 page 5...
[12:48:18]   Scraping turbografx-16 page 6...
[12:48:21]   Scraping turbografx-16 page 7...
[12:48:23]   Scraping turbografx-16 page 8...
[12:48:26]   Scraping turbografx-16 page 9...
[12:48:28]   Scraping turbografx-16 page 10...
[12:48:31]   Scraping turbografx-16 page 11...
[12:48:33]   Scraping turbografx-16 page 12...
[12:48:35]   Scraping turbografx-16 page 13...
[12:48:38]   Scraping turbografx-16 page 14...
[12:48:41]   Scraping turbografx-16 page 15...
[12:48:43]   Scraping turbografx-16 page 16...
[12:48:45]   Scraping turbografx-16 page 17...
[12:48:48]   Scraping turbografx-16 page 18...
[12:48:50]   Scraping turbografx-16 page 19...
[12:48:52]   Scraping turbografx-16 page 20...
[12:48:55]   Scraping turbografx-16 page 21...
[12:48:58]   Scraping turbografx-16 page 22...
[12:49:00]   Scraping turbografx-16 page 23...
[12:49:03]   Scraping turbografx-16 page 24...
[12:49:06]   Scraping turbografx-16 page 25...
[12:49:08]   Scraping turbografx-16 page 26...
[12:49:11]   Scraping turbografx-16 page 27...
[12:49:13]   Scraping turbografx-16 page 28...
[12:49:16]   Scraping turbografx-16 page 29...
[12:49:18]   Scraping turbografx-16 page 30...
[12:49:21]   Scraping turbografx-16 page 31...
[12:49:23]   Scraping turbografx-16 page 32...
[12:49:26]   Scraping turbografx-16 page 33...
[12:49:28]   Scraping turbografx-16 page 34...
[12:49:31]   Scraping turbografx-16 page 35...
[12:49:33]   Scraping turbografx-16 page 36...
[12:49:36]   Scraping turbografx-16 page 37...
[12:49:38]   Scraping turbografx-16 page 38...
[12:49:41]   Scraping turbografx-16 page 39...
[12:49:43]   Scraping turbografx-16 page 40...
[12:49:46]   Scraping turbografx-16 page 41...
[12:49:49]   Scraping turbografx-16 page 42...
[12:49:51]   Scraping turbografx-16 page 43...
[12:49:53]   Scraping turbografx-16 page 44...
[12:49:56]   Scraping turbografx-16 page 45...
[12:49:59]   Scraping turbografx-16 page 46...
[12:50:02]   Scraping turbografx-16 page 47...
[12:50:04]   Scraping turbografx-16 page 48...
[12:50:07]   Scraping turbografx-16 page 49...
[12:50:09]   Scraping turbografx-16 page 50...
[12:50:12]   Found 2300 items
[12:50:12] 
Scraping neo-geo...
[12:50:12]   Scraping neo-geo page 1...
[12:50:12]   ERROR: Failed to scrape https://www.pricecharting.com/console/neo-geo?sort=name&page=1: 404 Client Error: Not Found for url: https://www.pricecharting.com/console/neo-geo?sort=name&page=1
[12:50:12]   Found 0 items
[12:50:12] 
Total PriceCharting items scraped: 50614
[12:50:12] 
Matching 50614 PriceCharting items to 6121 Shopify products...
[12:50:31] 
CSV report saved: /Users/tristanaddi1/Projects/8bit-legacy/data/logs/price-refresh-20260406_120005.csv
[12:50:31] 
============================================================
[12:50:31] RESULTS
[12:50:31] ============================================================
[12:50:31]   PriceCharting items scraped: 50614
[12:50:31]   Shopify products checked:    6121
[12:50:31]   Matched:                     457
[12:50:31]   Loose prices updated:        8
[12:50:31]   CIB prices updated:          5
[12:50:31]   No match found:              5664
[12:50:31]   No significant change:       579
[12:50:31]   Safety limit (>30%):         321
[12:50:31]   Total changes in CSV:        334
