[12:50:45] ============================================================
[12:50:45] FULL PRICE REFRESH — APPLY MODE (INITIAL RUN — safety limit raised to 80%)
[12:50:45] Multiplier: 1.35x | Min profit: $3.00
[12:50:45] Log: /Users/tristanaddi1/Projects/8bit-legacy/data/logs/price-refresh-20260406_125045.log
[12:50:45] ============================================================
[12:50:45] Fetching all Shopify products...
[12:50:53]   Fetched 500 products so far (page 10)...
[12:51:02]   Fetched 1000 products so far (page 20)...
[12:51:10]   Fetched 1500 products so far (page 30)...
[12:51:18]   Fetched 2000 products so far (page 40)...
[12:51:27]   Fetched 2500 products so far (page 50)...
[12:51:36]   Fetched 3000 products so far (page 60)...
[12:51:45]   Fetched 3500 products so far (page 70)...
[12:51:53]   Fetched 4000 products so far (page 80)...
[12:52:01]   Fetched 4500 products so far (page 90)...
[12:52:09]   Fetched 5000 products so far (page 100)...
[12:52:17]   Fetched 5500 products so far (page 110)...
[12:52:25]   Fetched 6000 products so far (page 120)...
[12:52:33]   Fetched 6121 products so far (page 130)...
[12:52:39]   Fetched 6121 game products total
[12:52:39] 
Scraping nes...
[12:52:39]   Scraping nes page 1...
[12:52:42]   Scraping nes page 2...
[12:52:45]   Scraping nes page 3...
[12:52:47]   Scraping nes page 4...
[12:52:50]   Scraping nes page 5...
[12:52:52]   Scraping nes page 6...
[12:52:55]   Scraping nes page 7...
[12:52:58]   Scraping nes page 8...
[12:53:01]   Scraping nes page 9...
[12:53:03]   Scraping nes page 10...
[12:53:06]   Scraping nes page 11...
[12:53:08]   Scraping nes page 12...
[12:53:11]   Scraping nes page 13...
[12:53:13]   Scraping nes page 14...
[12:53:15]   Scraping nes page 15...
[12:53:18]   Scraping nes page 16...
[12:53:20]   Scraping nes page 17...
[12:53:23]   Scraping nes page 18...
[12:53:25]   Scraping nes page 19...
[12:53:28]   Scraping nes page 20...
[12:53:31]   Scraping nes page 21...
[12:53:34]   Scraping nes page 22...
[12:53:36]   Scraping nes page 23...
[12:53:38]   Scraping nes page 24...
[12:53:42]   Scraping nes page 25...
[12:53:44]   Scraping nes page 26...
[12:53:47]   Scraping nes page 27...
[12:53:49]   Scraping nes page 28...
[12:53:52]   Scraping nes page 29...
[12:53:54]   Scraping nes page 30...
[12:53:57]   Scraping nes page 31...
[12:53:59]   Scraping nes page 32...
[12:54:02]   Scraping nes page 33...
[12:54:04]   Scraping nes page 34...
[12:54:07]   Scraping nes page 35...
[12:54:09]   Scraping nes page 36...
[12:54:12]   Scraping nes page 37...
[12:54:14]   Scraping nes page 38...
[12:54:17]   Scraping nes page 39...
[12:54:20]   Scraping nes page 40...
[12:54:22]   Scraping nes page 41...
[12:54:25]   Scraping nes page 42...
[12:54:27]   Scraping nes page 43...
[12:54:30]   Scraping nes page 44...
[12:54:33]   Scraping nes page 45...
[12:54:35]   Scraping nes page 46...
[12:54:38]   Scraping nes page 47...
[12:54:41]   Scraping nes page 48...
[12:54:44]   Scraping nes page 49...
[12:54:46]   Scraping nes page 50...
[12:54:48]   Found 2100 items
[12:54:48] 
Scraping super-nintendo...
[12:54:48]   Scraping super-nintendo page 1...
[12:54:51]   Scraping super-nintendo page 2...
[12:54:53]   Scraping super-nintendo page 3...
[12:54:56]   Scraping super-nintendo page 4...
[12:54:59]   Scraping super-nintendo page 5...
[12:55:01]   Scraping super-nintendo page 6...
[12:55:03]   Scraping super-nintendo page 7...
[12:55:07]   Scraping super-nintendo page 8...
[12:55:10]   Scraping super-nintendo page 9...
[12:55:12]   Scraping super-nintendo page 10...
[12:55:14]   Scraping super-nintendo page 11...
[12:55:17]   Scraping super-nintendo page 12...
[12:55:20]   Scraping super-nintendo page 13...
[12:55:22]   Scraping super-nintendo page 14...
[12:55:25]   Scraping super-nintendo page 15...
[12:55:28]   Scraping super-nintendo page 16...
[12:55:30]   Scraping super-nintendo page 17...
[12:55:32]   Scraping super-nintendo page 18...
[12:55:35]   Scraping super-nintendo page 19...
[12:55:37]   Scraping super-nintendo page 20...
[12:55:40]   Scraping super-nintendo page 21...
[12:55:42]   Scraping super-nintendo page 22...
[12:55:45]   Scraping super-nintendo page 23...
[12:55:48]   Scraping super-nintendo page 24...
[12:55:50]   Scraping super-nintendo page 25...
[12:55:52]   Scraping super-nintendo page 26...
[12:55:55]   Scraping super-nintendo page 27...
[12:55:57]   Scraping super-nintendo page 28...
[12:56:00]   Scraping super-nintendo page 29...
[12:56:02]   Scraping super-nintendo page 30...
[12:56:05]   Scraping super-nintendo page 31...
[12:56:07]   Scraping super-nintendo page 32...
[12:56:10]   Scraping super-nintendo page 33...
[12:56:13]   Scraping super-nintendo page 34...
[12:56:15]   Scraping super-nintendo page 35...
[12:56:18]   Scraping super-nintendo page 36...
[12:56:21]   Scraping super-nintendo page 37...
[12:56:23]   Scraping super-nintendo page 38...
[12:56:26]   Scraping super-nintendo page 39...
[12:56:28]   Scraping super-nintendo page 40...
[12:56:31]   Scraping super-nintendo page 41...
[12:56:34]   Scraping super-nintendo page 42...
[12:56:36]   Scraping super-nintendo page 43...
[12:56:38]   Scraping super-nintendo page 44...
[12:56:41]   Scraping super-nintendo page 45...
[12:56:44]   Scraping super-nintendo page 46...
[12:56:46]   Scraping super-nintendo page 47...
[12:56:49]   Scraping super-nintendo page 48...
[12:56:53]   Scraping super-nintendo page 49...
[12:56:55]   Scraping super-nintendo page 50...
[12:56:58]   Found 2050 items
[12:56:58] 
Scraping nintendo-64...
[12:56:58]   Scraping nintendo-64 page 1...
[12:57:00]   Scraping nintendo-64 page 2...
[12:57:03]   Scraping nintendo-64 page 3...
[12:57:05]   Scraping nintendo-64 page 4...
[12:57:07]   Scraping nintendo-64 page 5...
[12:57:10]   Scraping nintendo-64 page 6...
[12:57:12]   Scraping nintendo-64 page 7...
[12:57:15]   Scraping nintendo-64 page 8...
[12:57:17]   Scraping nintendo-64 page 9...
[12:57:20]   Scraping nintendo-64 page 10...
[12:57:23]   Scraping nintendo-64 page 11...
[12:57:25]   Scraping nintendo-64 page 12...
[12:57:28]   Scraping nintendo-64 page 13...
[12:57:30]   Scraping nintendo-64 page 14...
[12:57:33]   Scraping nintendo-64 page 15...
[12:57:35]   Scraping nintendo-64 page 16...
[12:57:38]   Scraping nintendo-64 page 17...
[12:57:40]   Scraping nintendo-64 page 18...
[12:57:43]   Scraping nintendo-64 page 19...
[12:57:45]   Scraping nintendo-64 page 20...
[12:57:48]   Scraping nintendo-64 page 21...
[12:57:50]   Scraping nintendo-64 page 22...
[12:57:52]   Scraping nintendo-64 page 23...
[12:57:55]   Scraping nintendo-64 page 24...
[12:57:58]   Scraping nintendo-64 page 25...
[12:58:00]   Scraping nintendo-64 page 26...
[12:58:03]   Scraping nintendo-64 page 27...
[12:58:05]   Scraping nintendo-64 page 28...
[12:58:08]   Scraping nintendo-64 page 29...
[12:58:10]   Scraping nintendo-64 page 30...
[12:58:13]   Scraping nintendo-64 page 31...
[12:58:15]   Scraping nintendo-64 page 32...
[12:58:17]   Scraping nintendo-64 page 33...
[12:58:20]   Scraping nintendo-64 page 34...
[12:58:22]   Scraping nintendo-64 page 35...
[12:58:25]   Scraping nintendo-64 page 36...
[12:58:27]   Scraping nintendo-64 page 37...
[12:58:30]   Scraping nintendo-64 page 38...
[12:58:33]   Scraping nintendo-64 page 39...
[12:58:35]   Scraping nintendo-64 page 40...
[12:58:38]   Scraping nintendo-64 page 41...
[12:58:40]   Scraping nintendo-64 page 42...
[12:58:42]   Scraping nintendo-64 page 43...
[12:58:46]   Scraping nintendo-64 page 44...
[12:58:49]   Scraping nintendo-64 page 45...
[12:58:51]   Scraping nintendo-64 page 46...
[12:58:54]   Scraping nintendo-64 page 47...
[12:58:56]   Scraping nintendo-64 page 48...
[12:58:59]   Scraping nintendo-64 page 49...
[12:59:01]   Scraping nintendo-64 page 50...
[12:59:03]   Found 1950 items
[12:59:03] 
Scraping gamecube...
[12:59:03]   Scraping gamecube page 1...
[12:59:06]   Scraping gamecube page 2...
[12:59:08]   Scraping gamecube page 3...
[12:59:11]   Scraping gamecube page 4...
[12:59:13]   Scraping gamecube page 5...
[12:59:16]   Scraping gamecube page 6...
[12:59:18]   Scraping gamecube page 7...
[12:59:21]   Scraping gamecube page 8...
[12:59:23]   Scraping gamecube page 9...
[12:59:26]   Scraping gamecube page 10...
[12:59:28]   Scraping gamecube page 11...
[12:59:31]   Scraping gamecube page 12...
[12:59:33]   Scraping gamecube page 13...
[12:59:36]   Scraping gamecube page 14...
[12:59:38]   Scraping gamecube page 15...
[12:59:41]   Scraping gamecube page 16...
[12:59:43]   Scraping gamecube page 17...
[12:59:46]   Scraping gamecube page 18...
[12:59:49]   Scraping gamecube page 19...
[12:59:51]   Scraping gamecube page 20...
[12:59:54]   Scraping gamecube page 21...
[12:59:56]   Scraping gamecube page 22...
[12:59:58]   Scraping gamecube page 23...
[13:00:01]   Scraping gamecube page 24...
[13:00:04]   Scraping gamecube page 25...
[13:00:06]   Scraping gamecube page 26...
[13:00:08]   Scraping gamecube page 27...
[13:00:11]   Scraping gamecube page 28...
[13:00:13]   Scraping gamecube page 29...
[13:00:16]   Scraping gamecube page 30...
[13:00:18]   Scraping gamecube page 31...
[13:00:21]   Scraping gamecube page 32...
[13:00:23]   Scraping gamecube page 33...
[13:00:26]   Scraping gamecube page 34...
[13:00:29]   Scraping gamecube page 35...
[13:00:31]   Scraping gamecube page 36...
[13:00:33]   Scraping gamecube page 37...
[13:00:36]   Scraping gamecube page 38...
[13:00:38]   Scraping gamecube page 39...
[13:00:41]   Scraping gamecube page 40...
[13:00:44]   Scraping gamecube page 41...
[13:00:47]   Scraping gamecube page 42...
[13:00:50]   Scraping gamecube page 43...
[13:00:52]   Scraping gamecube page 44...
[13:00:55]   Scraping gamecube page 45...
[13:00:57]   Scraping gamecube page 46...
[13:00:59]   Scraping gamecube page 47...
[13:01:02]   Scraping gamecube page 48...
[13:01:05]   Scraping gamecube page 49...
[13:01:07]   Scraping gamecube page 50...
[13:01:10]   Found 2200 items
[13:01:10] 
Scraping wii...
[13:01:10]   Scraping wii page 1...
[13:01:12]   Scraping wii page 2...
[13:01:15]   Scraping wii page 3...
[13:01:17]   Scraping wii page 4...
[13:01:20]   Scraping wii page 5...
[13:01:22]   Scraping wii page 6...
[13:01:25]   Scraping wii page 7...
[13:01:27]   Scraping wii page 8...
[13:01:29]   Scraping wii page 9...
[13:01:32]   Scraping wii page 10...
[13:01:34]   Scraping wii page 11...
[13:01:37]   Scraping wii page 12...
[13:01:39]   Scraping wii page 13...
[13:01:41]   Scraping wii page 14...
[13:01:44]   Scraping wii page 15...
[13:01:47]   Scraping wii page 16...
[13:01:49]   Scraping wii page 17...
[13:01:52]   Scraping wii page 18...
[13:01:55]   Scraping wii page 19...
[13:01:57]   Scraping wii page 20...
[13:02:00]   Scraping wii page 21...
[13:02:02]   Scraping wii page 22...
[13:02:05]   Scraping wii page 23...
[13:02:07]   Scraping wii page 24...
[13:02:10]   Scraping wii page 25...
[13:02:13]   Scraping wii page 26...
[13:02:15]   Scraping wii page 27...
[13:02:17]   Scraping wii page 28...
[13:02:20]   Scraping wii page 29...
[13:02:23]   Scraping wii page 30...
[13:02:25]   Scraping wii page 31...
[13:02:28]   Scraping wii page 32...
[13:02:30]   Scraping wii page 33...
[13:02:33]   Scraping wii page 34...
[13:02:36]   Scraping wii page 35...
[13:02:38]   Scraping wii page 36...
[13:02:40]   Scraping wii page 37...
[13:02:43]   Scraping wii page 38...
[13:02:45]   Scraping wii page 39...
[13:02:47]   Scraping wii page 40...
[13:02:50]   Scraping wii page 41...
[13:02:52]   Scraping wii page 42...
[13:02:55]   Scraping wii page 43...
[13:02:58]   Scraping wii page 44...
[13:03:00]   Scraping wii page 45...
[13:03:03]   Scraping wii page 46...
[13:03:05]   Scraping wii page 47...
[13:03:08]   Scraping wii page 48...
[13:03:10]   Scraping wii page 49...
[13:03:13]   Scraping wii page 50...
[13:03:15]   Found 2350 items
[13:03:15] 
Scraping wii-u...
[13:03:15]   Scraping wii-u page 1...
[13:03:18]   Scraping wii-u page 2...
[13:03:20]   Scraping wii-u page 3...
[13:03:22]   Scraping wii-u page 4...
[13:03:25]   Scraping wii-u page 5...
[13:03:28]   Scraping wii-u page 6...
[13:03:30]   Scraping wii-u page 7...
[13:03:33]   Scraping wii-u page 8...
[13:03:35]   Scraping wii-u page 9...
[13:03:38]   Scraping wii-u page 10...
[13:03:41]   Scraping wii-u page 11...
[13:03:43]   Scraping wii-u page 12...
[13:03:46]   Scraping wii-u page 13...
[13:03:48]   Scraping wii-u page 14...
[13:03:51]   Scraping wii-u page 15...
[13:03:53]   Scraping wii-u page 16...
[13:03:56]   Scraping wii-u page 17...
[13:03:58]   Scraping wii-u page 18...
[13:04:01]   Scraping wii-u page 19...
[13:04:04]   Scraping wii-u page 20...
[13:04:06]   Scraping wii-u page 21...
[13:04:09]   Scraping wii-u page 22...
[13:04:11]   Scraping wii-u page 23...
[13:04:14]   Scraping wii-u page 24...
[13:04:16]   Scraping wii-u page 25...
[13:04:19]   Scraping wii-u page 26...
[13:04:21]   Scraping wii-u page 27...
[13:04:24]   Scraping wii-u page 28...
[13:04:27]   Scraping wii-u page 29...
[13:04:29]   Scraping wii-u page 30...
[13:04:32]   Scraping wii-u page 31...
[13:04:34]   Scraping wii-u page 32...
[13:04:36]   Scraping wii-u page 33...
[13:04:39]   Scraping wii-u page 34...
[13:04:41]   Scraping wii-u page 35...
[13:04:44]   Scraping wii-u page 36...
[13:04:46]   Scraping wii-u page 37...
[13:04:49]   Scraping wii-u page 38...
[13:04:51]   Scraping wii-u page 39...
[13:04:54]   Scraping wii-u page 40...
[13:04:56]   Scraping wii-u page 41...
[13:04:59]   Scraping wii-u page 42...
[13:05:01]   Scraping wii-u page 43...
[13:05:04]   Scraping wii-u page 44...
[13:05:06]   Scraping wii-u page 45...
[13:05:09]   Scraping wii-u page 46...
[13:05:12]   Scraping wii-u page 47...
[13:05:14]   Scraping wii-u page 48...
[13:05:17]   Scraping wii-u page 49...
[13:05:19]   Scraping wii-u page 50...
[13:05:22]   Found 2350 items
[13:05:22] 
Scraping gameboy...
[13:05:22]   Scraping gameboy page 1...
[13:05:24]   Scraping gameboy page 2...
[13:05:27]   Scraping gameboy page 3...
[13:05:29]   Scraping gameboy page 4...
[13:05:32]   Scraping gameboy page 5...
[13:05:34]   Scraping gameboy page 6...
[13:05:37]   Scraping gameboy page 7...
[13:05:39]   Scraping gameboy page 8...
[13:05:41]   Scraping gameboy page 9...
[13:05:44]   Scraping gameboy page 10...
[13:05:47]   Scraping gameboy page 11...
[13:05:49]   Scraping gameboy page 12...
[13:05:52]   Scraping gameboy page 13...
[13:05:54]   Scraping gameboy page 14...
[13:05:56]   Scraping gameboy page 15...
[13:05:59]   Scraping gameboy page 16...
[13:06:01]   Scraping gameboy page 17...
[13:06:04]   Scraping gameboy page 18...
[13:06:06]   Scraping gameboy page 19...
[13:06:08]   Scraping gameboy page 20...
[13:06:11]   Scraping gameboy page 21...
[13:06:13]   Scraping gameboy page 22...
[13:06:16]   Scraping gameboy page 23...
[13:06:19]   Scraping gameboy page 24...
[13:06:21]   Scraping gameboy page 25...
[13:06:24]   Scraping gameboy page 26...
[13:06:26]   Scraping gameboy page 27...
[13:06:28]   Scraping gameboy page 28...
[13:06:31]   Scraping gameboy page 29...
[13:06:33]   Scraping gameboy page 30...
[13:06:36]   Scraping gameboy page 31...
[13:06:39]   Scraping gameboy page 32...
[13:06:41]   Scraping gameboy page 33...
[13:06:44]   Scraping gameboy page 34...
[13:06:46]   Scraping gameboy page 35...
[13:06:49]   Scraping gameboy page 36...
[13:06:51]   Scraping gameboy page 37...
[13:06:54]   Scraping gameboy page 38...
[13:06:56]   Scraping gameboy page 39...
[13:06:59]   Scraping gameboy page 40...
[13:07:01]   Scraping gameboy page 41...
[13:07:04]   Scraping gameboy page 42...
[13:07:06]   Scraping gameboy page 43...
[13:07:09]   Scraping gameboy page 44...
[13:07:11]   Scraping gameboy page 45...
[13:07:14]   Scraping gameboy page 46...
[13:07:17]   Scraping gameboy page 47...
[13:07:19]   Scraping gameboy page 48...
[13:07:22]   Scraping gameboy page 49...
[13:07:25]   Scraping gameboy page 50...
[13:07:28]   Found 1800 items
[13:07:28] 
Scraping gameboy-color...
[13:07:28]   Scraping gameboy-color page 1...
[13:07:30]   Scraping gameboy-color page 2...
[13:07:33]   Scraping gameboy-color page 3...
[13:07:36]   Scraping gameboy-color page 4...
[13:07:38]   Scraping gameboy-color page 5...
[13:07:40]   Scraping gameboy-color page 6...
[13:07:43]   Scraping gameboy-color page 7...
[13:07:46]   Scraping gameboy-color page 8...
[13:07:48]   Scraping gameboy-color page 9...
[13:07:51]   Scraping gameboy-color page 10...
[13:07:53]   Scraping gameboy-color page 11...
[13:07:56]   Scraping gameboy-color page 12...
[13:07:58]   Scraping gameboy-color page 13...
[13:08:00]   Scraping gameboy-color page 14...
[13:08:03]   Scraping gameboy-color page 15...
[13:08:06]   Scraping gameboy-color page 16...
[13:08:08]   Scraping gameboy-color page 17...
[13:08:11]   Scraping gameboy-color page 18...
[13:08:13]   Scraping gameboy-color page 19...
[13:08:16]   Scraping gameboy-color page 20...
[13:08:18]   Scraping gameboy-color page 21...
[13:08:20]   Scraping gameboy-color page 22...
[13:08:23]   Scraping gameboy-color page 23...
[13:08:25]   Scraping gameboy-color page 24...
[13:08:28]   Scraping gameboy-color page 25...
[13:08:30]   Scraping gameboy-color page 26...
[13:08:33]   Scraping gameboy-color page 27...
[13:08:35]   Scraping gameboy-color page 28...
[13:08:38]   Scraping gameboy-color page 29...
[13:08:40]   Scraping gameboy-color page 30...
[13:08:43]   Scraping gameboy-color page 31...
[13:08:45]   Scraping gameboy-color page 32...
[13:08:48]   Scraping gameboy-color page 33...
[13:08:50]   Scraping gameboy-color page 34...
[13:08:53]   Scraping gameboy-color page 35...
[13:08:55]   Scraping gameboy-color page 36...
[13:08:58]   Scraping gameboy-color page 37...
[13:09:00]   Scraping gameboy-color page 38...
[13:09:02]   Scraping gameboy-color page 39...
[13:09:05]   Scraping gameboy-color page 40...
[13:09:07]   Scraping gameboy-color page 41...
[13:09:10]   Scraping gameboy-color page 42...
[13:09:12]   Scraping gameboy-color page 43...
[13:09:15]   Scraping gameboy-color page 44...
[13:09:17]   Scraping gameboy-color page 45...
[13:09:20]   Scraping gameboy-color page 46...
[13:09:22]   Scraping gameboy-color page 47...
[13:09:24]   Scraping gameboy-color page 48...
[13:09:27]   Scraping gameboy-color page 49...
[13:09:29]   Scraping gameboy-color page 50...
[13:09:32]   Found 2350 items
[13:09:32] 
Scraping gameboy-advance...
[13:09:32]   Scraping gameboy-advance page 1...
[13:09:34]   Scraping gameboy-advance page 2...
[13:09:37]   Scraping gameboy-advance page 3...
[13:09:39]   Scraping gameboy-advance page 4...
[13:09:42]   Scraping gameboy-advance page 5...
[13:09:45]   Scraping gameboy-advance page 6...
[13:09:47]   Scraping gameboy-advance page 7...
[13:09:50]   Scraping gameboy-advance page 8...
[13:09:52]   Scraping gameboy-advance page 9...
[13:09:55]   Scraping gameboy-advance page 10...
[13:09:57]   Scraping gameboy-advance page 11...
[13:10:00]   Scraping gameboy-advance page 12...
[13:10:02]   Scraping gameboy-advance page 13...
[13:10:04]   Scraping gameboy-advance page 14...
[13:10:08]   Scraping gameboy-advance page 15...
[13:10:10]   Scraping gameboy-advance page 16...
[13:10:13]   Scraping gameboy-advance page 17...
[13:10:15]   Scraping gameboy-advance page 18...
[13:10:17]   Scraping gameboy-advance page 19...
[13:10:20]   Scraping gameboy-advance page 20...
[13:10:23]   Scraping gameboy-advance page 21...
[13:10:25]   Scraping gameboy-advance page 22...
[13:10:28]   Scraping gameboy-advance page 23...
[13:10:30]   Scraping gameboy-advance page 24...
[13:10:33]   Scraping gameboy-advance page 25...
[13:10:35]   Scraping gameboy-advance page 26...
[13:10:38]   Scraping gameboy-advance page 27...
[13:10:40]   Scraping gameboy-advance page 28...
[13:10:43]   Scraping gameboy-advance page 29...
[13:10:45]   Scraping gameboy-advance page 30...
[13:10:48]   Scraping gameboy-advance page 31...
[13:10:51]   Scraping gameboy-advance page 32...
[13:10:53]   Scraping gameboy-advance page 33...
[13:10:56]   Scraping gameboy-advance page 34...
[13:10:59]   Scraping gameboy-advance page 35...
[13:11:02]   Scraping gameboy-advance page 36...
[13:11:04]   Scraping gameboy-advance page 37...
[13:11:06]   Scraping gameboy-advance page 38...
[13:11:09]   Scraping gameboy-advance page 39...
[13:11:12]   Scraping gameboy-advance page 40...
[13:11:14]   Scraping gameboy-advance page 41...
[13:11:17]   Scraping gameboy-advance page 42...
[13:11:19]   Scraping gameboy-advance page 43...
[13:11:22]   Scraping gameboy-advance page 44...
[13:11:24]   Scraping gameboy-advance page 45...
[13:11:27]   Scraping gameboy-advance page 46...
[13:11:29]   Scraping gameboy-advance page 47...
[13:11:32]   Scraping gameboy-advance page 48...
[13:11:34]   Scraping gameboy-advance page 49...
[13:11:37]   Scraping gameboy-advance page 50...
[13:11:39]   Found 2400 items
[13:11:39] 
Scraping nintendo-ds...
[13:11:39]   Scraping nintendo-ds page 1...
[13:11:41]   Scraping nintendo-ds page 2...
[13:11:44]   Scraping nintendo-ds page 3...
[13:11:46]   Scraping nintendo-ds page 4...
[13:11:49]   Scraping nintendo-ds page 5...
[13:11:51]   Scraping nintendo-ds page 6...
[13:11:54]   Scraping nintendo-ds page 7...
[13:11:56]   Scraping nintendo-ds page 8...
[13:11:59]   Scraping nintendo-ds page 9...
[13:12:01]   Scraping nintendo-ds page 10...
[13:12:03]   Scraping nintendo-ds page 11...
[13:12:06]   Scraping nintendo-ds page 12...
[13:12:08]   Scraping nintendo-ds page 13...
[13:12:11]   Scraping nintendo-ds page 14...
[13:12:13]   Scraping nintendo-ds page 15...
[13:12:16]   Scraping nintendo-ds page 16...
[13:12:18]   Scraping nintendo-ds page 17...
[13:12:21]   Scraping nintendo-ds page 18...
[13:12:23]   Scraping nintendo-ds page 19...
[13:12:26]   Scraping nintendo-ds page 20...
[13:12:29]   Scraping nintendo-ds page 21...
[13:12:31]   Scraping nintendo-ds page 22...
[13:12:34]   Scraping nintendo-ds page 23...
[13:12:36]   Scraping nintendo-ds page 24...
[13:12:39]   Scraping nintendo-ds page 25...
[13:12:41]   Scraping nintendo-ds page 26...
[13:12:44]   Scraping nintendo-ds page 27...
[13:12:46]   Scraping nintendo-ds page 28...
[13:12:49]   Scraping nintendo-ds page 29...
[13:12:51]   Scraping nintendo-ds page 30...
[13:12:53]   Scraping nintendo-ds page 31...
[13:12:56]   Scraping nintendo-ds page 32...
[13:12:58]   Scraping nintendo-ds page 33...
[13:13:01]   Scraping nintendo-ds page 34...
[13:13:03]   Scraping nintendo-ds page 35...
[13:13:05]   Scraping nintendo-ds page 36...
[13:13:08]   Scraping nintendo-ds page 37...
[13:13:10]   Scraping nintendo-ds page 38...
[13:13:13]   Scraping nintendo-ds page 39...
[13:13:15]   Scraping nintendo-ds page 40...
[13:13:18]   Scraping nintendo-ds page 41...
[13:13:20]   Scraping nintendo-ds page 42...
[13:13:23]   Scraping nintendo-ds page 43...
[13:13:25]   Scraping nintendo-ds page 44...
[13:13:28]   Scraping nintendo-ds page 45...
[13:13:31]   Scraping nintendo-ds page 46...
[13:13:33]   Scraping nintendo-ds page 47...
[13:13:36]   Scraping nintendo-ds page 48...
[13:13:38]   Scraping nintendo-ds page 49...
[13:13:41]   Scraping nintendo-ds page 50...
[13:13:43]   Found 2400 items
[13:13:43] 
Scraping nintendo-3ds...
[13:13:43]   Scraping nintendo-3ds page 1...
[13:13:45]   Scraping nintendo-3ds page 2...
[13:13:48]   Scraping nintendo-3ds page 3...
[13:13:50]   Scraping nintendo-3ds page 4...
[13:13:53]   Scraping nintendo-3ds page 5...
[13:13:55]   Scraping nintendo-3ds page 6...
[13:13:57]   Scraping nintendo-3ds page 7...
[13:14:00]   Scraping nintendo-3ds page 8...
[13:14:02]   Scraping nintendo-3ds page 9...
[13:14:05]   Scraping nintendo-3ds page 10...
[13:14:07]   Scraping nintendo-3ds page 11...
[13:14:10]   Scraping nintendo-3ds page 12...
[13:14:12]   Scraping nintendo-3ds page 13...
[13:14:14]   Scraping nintendo-3ds page 14...
[13:14:17]   Scraping nintendo-3ds page 15...
[13:14:19]   Scraping nintendo-3ds page 16...
[13:14:22]   Scraping nintendo-3ds page 17...
[13:14:25]   Scraping nintendo-3ds page 18...
[13:14:27]   Scraping nintendo-3ds page 19...
[13:14:29]   Scraping nintendo-3ds page 20...
[13:14:32]   Scraping nintendo-3ds page 21...
[13:14:35]   Scraping nintendo-3ds page 22...
[13:14:37]   Scraping nintendo-3ds page 23...
[13:14:40]   Scraping nintendo-3ds page 24...
[13:14:42]   Scraping nintendo-3ds page 25...
[13:14:45]   Scraping nintendo-3ds page 26...
[13:14:47]   Scraping nintendo-3ds page 27...
[13:14:50]   Scraping nintendo-3ds page 28...
[13:14:52]   Scraping nintendo-3ds page 29...
[13:14:55]   Scraping nintendo-3ds page 30...
[13:14:57]   Scraping nintendo-3ds page 31...
[13:15:00]   Scraping nintendo-3ds page 32...
[13:15:02]   Scraping nintendo-3ds page 33...
[13:15:05]   Scraping nintendo-3ds page 34...
[13:15:07]   Scraping nintendo-3ds page 35...
[13:15:10]   Scraping nintendo-3ds page 36...
[13:15:13]   Scraping nintendo-3ds page 37...
[13:15:15]   Scraping nintendo-3ds page 38...
[13:15:18]   Scraping nintendo-3ds page 39...
[13:15:20]   Scraping nintendo-3ds page 40...
[13:15:22]   Scraping nintendo-3ds page 41...
[13:15:25]   Scraping nintendo-3ds page 42...
[13:15:27]   Scraping nintendo-3ds page 43...
[13:15:30]   Scraping nintendo-3ds page 44...
[13:15:32]   Scraping nintendo-3ds page 45...
[13:15:35]   Scraping nintendo-3ds page 46...
[13:15:38]   Scraping nintendo-3ds page 47...
[13:15:40]   Scraping nintendo-3ds page 48...
[13:15:42]   Scraping nintendo-3ds page 49...
[13:15:45]   Scraping nintendo-3ds page 50...
[13:15:47]   Found 2400 items
[13:15:47] 
Scraping sega-genesis...
[13:15:47]   Scraping sega-genesis page 1...
[13:15:50]   Scraping sega-genesis page 2...
[13:15:52]   Scraping sega-genesis page 3...
[13:15:54]   Scraping sega-genesis page 4...
[13:15:57]   Scraping sega-genesis page 5...
[13:16:00]   Scraping sega-genesis page 6...
[13:16:02]   Scraping sega-genesis page 7...
[13:16:05]   Scraping sega-genesis page 8...
[13:16:07]   Scraping sega-genesis page 9...
[13:16:10]   Scraping sega-genesis page 10...
[13:16:12]   Scraping sega-genesis page 11...
[13:16:15]   Scraping sega-genesis page 12...
[13:16:17]   Scraping sega-genesis page 13...
[13:16:19]   Scraping sega-genesis page 14...
[13:16:22]   Scraping sega-genesis page 15...
[13:16:25]   Scraping sega-genesis page 16...
[13:16:27]   Scraping sega-genesis page 17...
[13:16:29]   Scraping sega-genesis page 18...
[13:16:32]   Scraping sega-genesis page 19...
[13:16:34]   Scraping sega-genesis page 20...
[13:16:37]   Scraping sega-genesis page 21...
[13:16:40]   Scraping sega-genesis page 22...
[13:16:42]   Scraping sega-genesis page 23...
[13:16:44]   Scraping sega-genesis page 24...
[13:16:47]   Scraping sega-genesis page 25...
[13:16:49]   Scraping sega-genesis page 26...
[13:16:52]   Scraping sega-genesis page 27...
[13:16:54]   Scraping sega-genesis page 28...
[13:16:57]   Scraping sega-genesis page 29...
[13:16:59]   Scraping sega-genesis page 30...
[13:17:01]   Scraping sega-genesis page 31...
[13:17:04]   Scraping sega-genesis page 32...
[13:17:06]   Scraping sega-genesis page 33...
[13:17:08]   Scraping sega-genesis page 34...
[13:17:11]   Scraping sega-genesis page 35...
[13:17:13]   Scraping sega-genesis page 36...
[13:17:16]   Scraping sega-genesis page 37...
[13:17:18]   Scraping sega-genesis page 38...
[13:17:21]   Scraping sega-genesis page 39...
[13:17:23]   Scraping sega-genesis page 40...
[13:17:26]   Scraping sega-genesis page 41...
[13:17:29]   Scraping sega-genesis page 42...
[13:17:31]   Scraping sega-genesis page 43...
[13:17:34]   Scraping sega-genesis page 44...
[13:17:36]   Scraping sega-genesis page 45...
[13:17:39]   Scraping sega-genesis page 46...
[13:17:41]   Scraping sega-genesis page 47...
[13:17:43]   Scraping sega-genesis page 48...
[13:17:46]   Scraping sega-genesis page 49...
[13:17:48]   Scraping sega-genesis page 50...
[13:17:51]   Found 2300 items
[13:17:51] 
Scraping sega-saturn...
[13:17:51]   Scraping sega-saturn page 1...
[13:17:54]   Scraping sega-saturn page 2...
[13:17:57]   Scraping sega-saturn page 3...
[13:17:59]   Scraping sega-saturn page 4...
[13:18:01]   Scraping sega-saturn page 5...
[13:18:04]   Scraping sega-saturn page 6...
[13:18:06]   Scraping sega-saturn page 7...
[13:18:09]   Scraping sega-saturn page 8...
[13:18:11]   Scraping sega-saturn page 9...
[13:18:14]   Scraping sega-saturn page 10...
[13:18:16]   Scraping sega-saturn page 11...
[13:18:19]   Scraping sega-saturn page 12...
[13:18:21]   Scraping sega-saturn page 13...
[13:18:24]   Scraping sega-saturn page 14...
[13:18:26]   Scraping sega-saturn page 15...
[13:18:29]   Scraping sega-saturn page 16...
[13:18:31]   Scraping sega-saturn page 17...
[13:18:34]   Scraping sega-saturn page 18...
[13:18:36]   Scraping sega-saturn page 19...
[13:18:38]   Scraping sega-saturn page 20...
[13:18:41]   Scraping sega-saturn page 21...
[13:18:43]   Scraping sega-saturn page 22...
[13:18:46]   Scraping sega-saturn page 23...
[13:18:48]   Scraping sega-saturn page 24...
[13:18:51]   Scraping sega-saturn page 25...
[13:18:53]   Scraping sega-saturn page 26...
[13:18:55]   Scraping sega-saturn page 27...
[13:18:58]   Scraping sega-saturn page 28...
[13:19:00]   Scraping sega-saturn page 29...
[13:19:03]   Scraping sega-saturn page 30...
[13:19:05]   Scraping sega-saturn page 31...
[13:19:07]   Scraping sega-saturn page 32...
[13:19:10]   Scraping sega-saturn page 33...
[13:19:12]   Scraping sega-saturn page 34...
[13:19:15]   Scraping sega-saturn page 35...
[13:19:18]   Scraping sega-saturn page 36...
[13:19:20]   Scraping sega-saturn page 37...
[13:19:23]   Scraping sega-saturn page 38...
[13:19:25]   Scraping sega-saturn page 39...
[13:19:29]   Scraping sega-saturn page 40...
[13:19:31]   Scraping sega-saturn page 41...
[13:19:35]   Scraping sega-saturn page 42...
[13:19:37]   Scraping sega-saturn page 43...
[13:19:40]   Scraping sega-saturn page 44...
[13:19:42]   Scraping sega-saturn page 45...
[13:19:45]   Scraping sega-saturn page 46...
[13:19:47]   Scraping sega-saturn page 47...
[13:19:50]   Scraping sega-saturn page 48...
[13:19:52]   Scraping sega-saturn page 49...
[13:19:55]   Scraping sega-saturn page 50...
[13:19:57]   Found 2250 items
[13:19:57] 
Scraping sega-dreamcast...
[13:19:57]   Scraping sega-dreamcast page 1...
[13:20:00]   Scraping sega-dreamcast page 2...
[13:20:03]   Scraping sega-dreamcast page 3...
[13:20:05]   Scraping sega-dreamcast page 4...
[13:20:08]   Scraping sega-dreamcast page 5...
[13:20:11]   Scraping sega-dreamcast page 6...
[13:20:13]   Scraping sega-dreamcast page 7...
[13:20:16]   Scraping sega-dreamcast page 8...
[13:20:18]   Scraping sega-dreamcast page 9...
[13:20:21]   Scraping sega-dreamcast page 10...
[13:20:23]   Scraping sega-dreamcast page 11...
[13:20:25]   Scraping sega-dreamcast page 12...
[13:20:28]   Scraping sega-dreamcast page 13...
[13:20:30]   Scraping sega-dreamcast page 14...
[13:20:33]   Scraping sega-dreamcast page 15...
[13:20:35]   Scraping sega-dreamcast page 16...
[13:20:38]   Scraping sega-dreamcast page 17...
[13:20:41]   Scraping sega-dreamcast page 18...
[13:20:43]   Scraping sega-dreamcast page 19...
[13:20:46]   Scraping sega-dreamcast page 20...
[13:20:48]   Scraping sega-dreamcast page 21...
[13:20:51]   Scraping sega-dreamcast page 22...
[13:20:53]   Scraping sega-dreamcast page 23...
[13:20:55]   Scraping sega-dreamcast page 24...
[13:20:58]   Scraping sega-dreamcast page 25...
[13:21:01]   Scraping sega-dreamcast page 26...
[13:21:03]   Scraping sega-dreamcast page 27...
[13:21:06]   Scraping sega-dreamcast page 28...
[13:21:08]   Scraping sega-dreamcast page 29...
[13:21:11]   Scraping sega-dreamcast page 30...
[13:21:13]   Scraping sega-dreamcast page 31...
[13:21:16]   Scraping sega-dreamcast page 32...
[13:21:19]   Scraping sega-dreamcast page 33...
[13:21:21]   Scraping sega-dreamcast page 34...
[13:21:23]   Scraping sega-dreamcast page 35...
[13:21:26]   Scraping sega-dreamcast page 36...
[13:21:28]   Scraping sega-dreamcast page 37...
[13:21:31]   Scraping sega-dreamcast page 38...
[13:21:33]   Scraping sega-dreamcast page 39...
[13:21:35]   Scraping sega-dreamcast page 40...
[13:21:38]   Scraping sega-dreamcast page 41...
[13:21:40]   Scraping sega-dreamcast page 42...
[13:21:42]   Scraping sega-dreamcast page 43...
[13:21:45]   Scraping sega-dreamcast page 44...
[13:21:47]   Scraping sega-dreamcast page 45...
[13:21:50]   Scraping sega-dreamcast page 46...
[13:21:52]   Scraping sega-dreamcast page 47...
[13:21:57]   Scraping sega-dreamcast page 48...
[13:21:59]   Scraping sega-dreamcast page 49...
[13:22:02]   Scraping sega-dreamcast page 50...
[13:22:04]   Found 2350 items
[13:22:04] 
Scraping sega-cd...
[13:22:04]   Scraping sega-cd page 1...
[13:22:07]   Scraping sega-cd page 2...
[13:22:09]   Scraping sega-cd page 3...
[13:22:12]   Scraping sega-cd page 4...
[13:22:15]   Scraping sega-cd page 5...
[13:22:18]   Scraping sega-cd page 6...
[13:22:21]   Scraping sega-cd page 7...
[13:22:23]   Scraping sega-cd page 8...
[13:22:25]   Scraping sega-cd page 9...
[13:22:28]   Scraping sega-cd page 10...
[13:22:30]   Scraping sega-cd page 11...
[13:22:34]   Scraping sega-cd page 12...
[13:22:36]   Scraping sega-cd page 13...
[13:22:39]   Scraping sega-cd page 14...
[13:22:42]   Scraping sega-cd page 15...
[13:22:45]   Scraping sega-cd page 16...
[13:22:47]   Scraping sega-cd page 17...
[13:22:50]   Scraping sega-cd page 18...
[13:22:52]   Scraping sega-cd page 19...
[13:22:55]   Scraping sega-cd page 20...
[13:22:57]   Scraping sega-cd page 21...
[13:22:59]   Scraping sega-cd page 22...
[13:23:01]   Scraping sega-cd page 23...
[13:23:04]   Scraping sega-cd page 24...
[13:23:06]   Scraping sega-cd page 25...
[13:23:09]   Scraping sega-cd page 26...
[13:23:11]   Scraping sega-cd page 27...
[13:23:13]   Scraping sega-cd page 28...
[13:23:16]   Scraping sega-cd page 29...
[13:23:18]   Scraping sega-cd page 30...
[13:23:21]   Scraping sega-cd page 31...
[13:23:23]   Scraping sega-cd page 32...
[13:23:27]   Scraping sega-cd page 33...
[13:23:29]   Scraping sega-cd page 34...
[13:23:31]   Scraping sega-cd page 35...
[13:23:34]   Scraping sega-cd page 36...
[13:23:36]   Scraping sega-cd page 37...
[13:23:39]   Scraping sega-cd page 38...
[13:23:41]   Scraping sega-cd page 39...
[13:23:44]   Scraping sega-cd page 40...
[13:23:46]   Scraping sega-cd page 41...
[13:23:48]   Scraping sega-cd page 42...
[13:23:51]   Scraping sega-cd page 43...
[13:23:53]   Scraping sega-cd page 44...
[13:23:56]   Scraping sega-cd page 45...
[13:23:58]   Scraping sega-cd page 46...
[13:24:01]   Scraping sega-cd page 47...
[13:24:03]   Scraping sega-cd page 48...
[13:24:05]   Scraping sega-cd page 49...
[13:24:08]   Scraping sega-cd page 50...
[13:24:11]   Found 2300 items
[13:24:11] 
Scraping sega-game-gear...
[13:24:11]   Scraping sega-game-gear page 1...
[13:24:13]   Scraping sega-game-gear page 2...
[13:24:16]   Scraping sega-game-gear page 3...
[13:24:18]   Scraping sega-game-gear page 4...
[13:24:20]   Scraping sega-game-gear page 5...
[13:24:23]   Scraping sega-game-gear page 6...
[13:24:25]   Scraping sega-game-gear page 7...
[13:24:28]   Scraping sega-game-gear page 8...
[13:24:30]   Scraping sega-game-gear page 9...
[13:24:32]   Scraping sega-game-gear page 10...
[13:24:35]   Scraping sega-game-gear page 11...
[13:24:37]   Scraping sega-game-gear page 12...
[13:24:39]   Scraping sega-game-gear page 13...
[13:24:42]   Scraping sega-game-gear page 14...
[13:24:44]   Scraping sega-game-gear page 15...
[13:24:47]   Scraping sega-game-gear page 16...
[13:24:49]   Scraping sega-game-gear page 17...
[13:24:52]   Scraping sega-game-gear page 18...
[13:24:55]   Scraping sega-game-gear page 19...
[13:24:57]   Scraping sega-game-gear page 20...
[13:25:00]   Scraping sega-game-gear page 21...
[13:25:02]   Scraping sega-game-gear page 22...
[13:25:05]   Scraping sega-game-gear page 23...
[13:25:07]   Scraping sega-game-gear page 24...
[13:25:10]   Scraping sega-game-gear page 25...
[13:25:12]   Scraping sega-game-gear page 26...
[13:25:15]   Scraping sega-game-gear page 27...
[13:25:17]   Scraping sega-game-gear page 28...
[13:25:20]   Scraping sega-game-gear page 29...
[13:25:23]   Scraping sega-game-gear page 30...
[13:25:25]   Scraping sega-game-gear page 31...
[13:25:28]   Scraping sega-game-gear page 32...
[13:25:30]   Scraping sega-game-gear page 33...
[13:25:33]   Scraping sega-game-gear page 34...
[13:25:35]   Scraping sega-game-gear page 35...
[13:25:37]   Scraping sega-game-gear page 36...
[13:25:40]   Scraping sega-game-gear page 37...
[13:25:42]   Scraping sega-game-gear page 38...
[13:25:45]   Scraping sega-game-gear page 39...
[13:25:47]   Scraping sega-game-gear page 40...
[13:25:49]   Scraping sega-game-gear page 41...
[13:25:52]   Scraping sega-game-gear page 42...
[13:25:54]   Scraping sega-game-gear page 43...
[13:25:56]   Scraping sega-game-gear page 44...
[13:25:59]   Scraping sega-game-gear page 45...
[13:26:01]   Scraping sega-game-gear page 46...
[13:26:04]   Scraping sega-game-gear page 47...
[13:26:06]   Scraping sega-game-gear page 48...
[13:26:08]   Scraping sega-game-gear page 49...
[13:26:11]   Scraping sega-game-gear page 50...
[13:26:13]   Found 2400 items
[13:26:13] 
Scraping sega-master-system...
[13:26:13]   Scraping sega-master-system page 1...
[13:26:15]   Scraping sega-master-system page 2...
[13:26:18]   Scraping sega-master-system page 3...
[13:26:20]   Scraping sega-master-system page 4...
[13:26:23]   Scraping sega-master-system page 5...
[13:26:25]   Scraping sega-master-system page 6...
[13:26:27]   Scraping sega-master-system page 7...
[13:26:30]   Scraping sega-master-system page 8...
[13:26:33]   Scraping sega-master-system page 9...
[13:26:35]   Scraping sega-master-system page 10...
[13:26:37]   Scraping sega-master-system page 11...
[13:26:40]   Scraping sega-master-system page 12...
[13:26:43]   Scraping sega-master-system page 13...
[13:26:45]   Scraping sega-master-system page 14...
[13:26:47]   Scraping sega-master-system page 15...
[13:26:50]   Scraping sega-master-system page 16...
[13:26:52]   Scraping sega-master-system page 17...
[13:26:55]   Scraping sega-master-system page 18...
[13:26:57]   Scraping sega-master-system page 19...
[13:27:00]   Scraping sega-master-system page 20...
[13:27:03]   Scraping sega-master-system page 21...
[13:27:06]   Scraping sega-master-system page 22...
[13:27:08]   Scraping sega-master-system page 23...
[13:27:10]   Scraping sega-master-system page 24...
[13:27:13]   Scraping sega-master-system page 25...
[13:27:15]   Scraping sega-master-system page 26...
[13:27:18]   Scraping sega-master-system page 27...
[13:27:20]   Scraping sega-master-system page 28...
[13:27:22]   Scraping sega-master-system page 29...
[13:27:25]   Scraping sega-master-system page 30...
[13:27:27]   Scraping sega-master-system page 31...
[13:27:30]   Scraping sega-master-system page 32...
[13:27:32]   Scraping sega-master-system page 33...
[13:27:35]   Scraping sega-master-system page 34...
[13:27:37]   Scraping sega-master-system page 35...
[13:27:40]   Scraping sega-master-system page 36...
[13:27:44]   Scraping sega-master-system page 37...
[13:27:47]   Scraping sega-master-system page 38...
[13:27:49]   Scraping sega-master-system page 39...
[13:27:52]   Scraping sega-master-system page 40...
[13:27:54]   Scraping sega-master-system page 41...
[13:27:56]   Scraping sega-master-system page 42...
[13:27:59]   Scraping sega-master-system page 43...
[13:28:01]   Scraping sega-master-system page 44...
[13:28:04]   Scraping sega-master-system page 45...
[13:28:06]   Scraping sega-master-system page 46...
[13:28:09]   Scraping sega-master-system page 47...
[13:28:11]   Scraping sega-master-system page 48...
[13:28:13]   Scraping sega-master-system page 49...
[13:28:16]   Scraping sega-master-system page 50...
[13:28:18]   Found 2400 items
[13:28:18] 
Scraping sega-32x...
[13:28:18]   Scraping sega-32x page 1...
[13:28:20]   Scraping sega-32x page 2...
[13:28:23]   Scraping sega-32x page 3...
[13:28:25]   Scraping sega-32x page 4...
[13:28:28]   Scraping sega-32x page 5...
[13:28:30]   Scraping sega-32x page 6...
[13:28:32]   Scraping sega-32x page 7...
[13:28:35]   Scraping sega-32x page 8...
[13:28:37]   Scraping sega-32x page 9...
[13:28:40]   Scraping sega-32x page 10...
[13:28:43]   Scraping sega-32x page 11...
[13:28:45]   Scraping sega-32x page 12...
[13:28:47]   Scraping sega-32x page 13...
[13:28:50]   Scraping sega-32x page 14...
[13:28:52]   Scraping sega-32x page 15...
[13:28:55]   Scraping sega-32x page 16...
[13:28:57]   Scraping sega-32x page 17...
[13:29:00]   Scraping sega-32x page 18...
[13:29:03]   Scraping sega-32x page 19...
[13:29:05]   Scraping sega-32x page 20...
[13:29:08]   Scraping sega-32x page 21...
[13:29:11]   Scraping sega-32x page 22...
[13:29:14]   Scraping sega-32x page 23...
[13:29:16]   Scraping sega-32x page 24...
[13:29:19]   Scraping sega-32x page 25...
[13:29:21]   Scraping sega-32x page 26...
[13:29:24]   Scraping sega-32x page 27...
[13:29:26]   Scraping sega-32x page 28...
[13:29:29]   Scraping sega-32x page 29...
[13:29:32]   Scraping sega-32x page 30...
[13:29:35]   Scraping sega-32x page 31...
[13:29:37]   Scraping sega-32x page 32...
[13:29:40]   Scraping sega-32x page 33...
[13:29:42]   Scraping sega-32x page 34...
[13:29:45]   Scraping sega-32x page 35...
[13:29:47]   Scraping sega-32x page 36...
[13:29:50]   Scraping sega-32x page 37...
[13:29:52]   Scraping sega-32x page 38...
[13:29:54]   Scraping sega-32x page 39...
[13:29:57]   Scraping sega-32x page 40...
[13:29:59]   Scraping sega-32x page 41...
[13:30:02]   Scraping sega-32x page 42...
[13:30:04]   Scraping sega-32x page 43...
[13:30:07]   Scraping sega-32x page 44...
[13:30:10]   Scraping sega-32x page 45...
[13:30:12]   Scraping sega-32x page 46...
[13:30:15]   Scraping sega-32x page 47...
[13:30:18]   Scraping sega-32x page 48...
[13:30:21]   Scraping sega-32x page 49...
[13:30:23]   Scraping sega-32x page 50...
[13:30:26]   Found 2050 items
[13:30:26] 
Scraping playstation...
[13:30:26]   Scraping playstation page 1...
[13:30:28]   Scraping playstation page 2...
[13:30:30]   Scraping playstation page 3...
[13:30:34]   Scraping playstation page 4...
[13:30:36]   Scraping playstation page 5...
[13:30:38]   Scraping playstation page 6...
[13:30:41]   Scraping playstation page 7...
[13:30:43]   Scraping playstation page 8...
[13:30:46]   Scraping playstation page 9...
[13:30:48]   Scraping playstation page 10...
[13:30:51]   Scraping playstation page 11...
[13:30:53]   Scraping playstation page 12...
[13:30:56]   Scraping playstation page 13...
[13:30:59]   Scraping playstation page 14...
[13:31:02]   Scraping playstation page 15...
[13:31:04]   Scraping playstation page 16...
[13:31:07]   Scraping playstation page 17...
[13:31:09]   Scraping playstation page 18...
[13:31:12]   Scraping playstation page 19...
[13:31:14]   Scraping playstation page 20...
[13:31:17]   Scraping playstation page 21...
[13:31:19]   Scraping playstation page 22...
[13:31:22]   Scraping playstation page 23...
[13:31:25]   Scraping playstation page 24...
[13:31:27]   Scraping playstation page 25...
[13:31:30]   Scraping playstation page 26...
[13:31:32]   Scraping playstation page 27...
[13:31:35]   Scraping playstation page 28...
[13:31:37]   Scraping playstation page 29...
[13:31:39]   Scraping playstation page 30...
[13:31:42]   Scraping playstation page 31...
[13:31:45]   Scraping playstation page 32...
[13:31:47]   Scraping playstation page 33...
[13:31:50]   Scraping playstation page 34...
[13:31:52]   Scraping playstation page 35...
[13:31:55]   Scraping playstation page 36...
[13:31:58]   Scraping playstation page 37...
[13:32:01]   Scraping playstation page 38...
[13:32:03]   Scraping playstation page 39...
[13:32:06]   Scraping playstation page 40...
[13:32:08]   Scraping playstation page 41...
[13:32:10]   Scraping playstation page 42...
[13:32:13]   Scraping playstation page 43...
[13:32:15]   Scraping playstation page 44...
[13:32:18]   Scraping playstation page 45...
[13:32:20]   Scraping playstation page 46...
[13:32:23]   Scraping playstation page 47...
[13:32:25]   Scraping playstation page 48...
[13:32:28]   Scraping playstation page 49...
[13:32:30]   Scraping playstation page 50...
[13:32:33]   Found 2250 items
[13:32:33] 
Scraping playstation-2...
[13:32:33]   Scraping playstation-2 page 1...
[13:32:36]   Scraping playstation-2 page 2...
[13:32:38]   Scraping playstation-2 page 3...
[13:32:40]   Scraping playstation-2 page 4...
[13:32:43]   Scraping playstation-2 page 5...
[13:32:45]   Scraping playstation-2 page 6...
[13:32:48]   Scraping playstation-2 page 7...
[13:32:50]   Scraping playstation-2 page 8...
[13:32:53]   Scraping playstation-2 page 9...
[13:32:55]   Scraping playstation-2 page 10...
[13:32:58]   Scraping playstation-2 page 11...
[13:33:00]   Scraping playstation-2 page 12...
[13:33:02]   Scraping playstation-2 page 13...
[13:33:05]   Scraping playstation-2 page 14...
[13:33:08]   Scraping playstation-2 page 15...
[13:33:10]   Scraping playstation-2 page 16...
[13:33:13]   Scraping playstation-2 page 17...
[13:33:16]   Scraping playstation-2 page 18...
[13:33:18]   Scraping playstation-2 page 19...
[13:33:20]   Scraping playstation-2 page 20...
[13:33:23]   Scraping playstation-2 page 21...
[13:33:26]   Scraping playstation-2 page 22...
[13:33:28]   Scraping playstation-2 page 23...
[13:33:31]   Scraping playstation-2 page 24...
[13:33:33]   Scraping playstation-2 page 25...
[13:33:36]   Scraping playstation-2 page 26...
[13:33:38]   Scraping playstation-2 page 27...
[13:33:40]   Scraping playstation-2 page 28...
[13:33:43]   Scraping playstation-2 page 29...
[13:33:45]   Scraping playstation-2 page 30...
[13:33:48]   Scraping playstation-2 page 31...
[13:33:52]   Scraping playstation-2 page 32...
[13:33:54]   Scraping playstation-2 page 33...
[13:33:57]   Scraping playstation-2 page 34...
[13:33:59]   Scraping playstation-2 page 35...
[13:34:02]   Scraping playstation-2 page 36...
[13:34:04]   Scraping playstation-2 page 37...
[13:34:07]   Scraping playstation-2 page 38...
[13:34:09]   Scraping playstation-2 page 39...
[13:34:11]   Scraping playstation-2 page 40...
[13:34:14]   Scraping playstation-2 page 41...
[13:34:17]   Scraping playstation-2 page 42...
[13:34:19]   Scraping playstation-2 page 43...
[13:34:22]   Scraping playstation-2 page 44...
[13:34:24]   Scraping playstation-2 page 45...
[13:34:27]   Scraping playstation-2 page 46...
[13:34:29]   Scraping playstation-2 page 47...
[13:34:33]   Scraping playstation-2 page 48...
[13:34:36]   Scraping playstation-2 page 49...
[13:34:38]   Scraping playstation-2 page 50...
[13:34:41]   Found 2150 items
[13:34:41] 
Scraping playstation-3...
[13:34:41]   Scraping playstation-3 page 1...
[13:34:43]   Scraping playstation-3 page 2...
[13:34:46]   Scraping playstation-3 page 3...
[13:34:49]   Scraping playstation-3 page 4...
[13:34:51]   Scraping playstation-3 page 5...
[13:34:54]   Scraping playstation-3 page 6...
[13:34:56]   Scraping playstation-3 page 7...
[13:34:59]   Scraping playstation-3 page 8...
[13:35:02]   Scraping playstation-3 page 9...
[13:35:04]   Scraping playstation-3 page 10...
[13:35:07]   Scraping playstation-3 page 11...
[13:35:09]   Scraping playstation-3 page 12...
[13:35:12]   Scraping playstation-3 page 13...
[13:35:14]   Scraping playstation-3 page 14...
[13:35:17]   Scraping playstation-3 page 15...
[13:35:19]   Scraping playstation-3 page 16...
[13:35:21]   Scraping playstation-3 page 17...
[13:35:24]   Scraping playstation-3 page 18...
[13:35:26]   Scraping playstation-3 page 19...
[13:35:29]   Scraping playstation-3 page 20...
[13:35:32]   Scraping playstation-3 page 21...
[13:35:34]   Scraping playstation-3 page 22...
[13:35:37]   Scraping playstation-3 page 23...
[13:35:39]   Scraping playstation-3 page 24...
[13:35:41]   Scraping playstation-3 page 25...
[13:35:45]   Scraping playstation-3 page 26...
[13:35:47]   Scraping playstation-3 page 27...
[13:35:49]   Scraping playstation-3 page 28...
[13:35:52]   Scraping playstation-3 page 29...
[13:35:54]   Scraping playstation-3 page 30...
[13:35:57]   Scraping playstation-3 page 31...
[13:35:59]   Scraping playstation-3 page 32...
[13:36:02]   Scraping playstation-3 page 33...
[13:36:04]   Scraping playstation-3 page 34...
[13:36:07]   Scraping playstation-3 page 35...
[13:36:10]   Scraping playstation-3 page 36...
[13:36:12]   Scraping playstation-3 page 37...
[13:36:14]   Scraping playstation-3 page 38...
[13:36:17]   Scraping playstation-3 page 39...
[13:36:20]   Scraping playstation-3 page 40...
[13:36:22]   Scraping playstation-3 page 41...
[13:36:25]   Scraping playstation-3 page 42...
[13:36:27]   Scraping playstation-3 page 43...
[13:36:30]   Scraping playstation-3 page 44...
[13:36:33]   Scraping playstation-3 page 45...
[13:36:35]   Scraping playstation-3 page 46...
[13:36:38]   Scraping playstation-3 page 47...
[13:36:41]   Scraping playstation-3 page 48...
[13:36:43]   Scraping playstation-3 page 49...
[13:36:46]   Scraping playstation-3 page 50...
[13:36:48]   Found 2200 items
[13:36:48] 
Scraping psp...
[13:36:48]   Scraping psp page 1...
[13:36:50]   Scraping psp page 2...
[13:36:51]   ERROR: Failed to scrape https://www.pricecharting.com/console/psp?sort=name&page=2: 403 Client Error: Forbidden for url: https://www.pricecharting.com/console/psp?sort=name&page=2
[13:36:51]   Found 44 items
[13:36:51] 
Scraping xbox...
[13:36:51]   Scraping xbox page 1...
[13:36:53]   Scraping xbox page 2...
[13:36:55]   Scraping xbox page 3...
[13:36:58]   Scraping xbox page 4...
[13:37:00]   Scraping xbox page 5...
[13:37:03]   Scraping xbox page 6...
[13:37:05]   Scraping xbox page 7...
[13:37:08]   Scraping xbox page 8...
[13:37:10]   Scraping xbox page 9...
[13:37:13]   Scraping xbox page 10...
[13:37:16]   Scraping xbox page 11...
[13:37:19]   Scraping xbox page 12...
[13:37:21]   Scraping xbox page 13...
[13:37:24]   Scraping xbox page 14...
[13:37:26]   Scraping xbox page 15...
[13:37:29]   Scraping xbox page 16...
[13:37:31]   Scraping xbox page 17...
[13:37:34]   Scraping xbox page 18...
[13:37:37]   Scraping xbox page 19...
[13:37:39]   Scraping xbox page 20...
[13:37:42]   Scraping xbox page 21...
[13:37:44]   Scraping xbox page 22...
[13:37:46]   Scraping xbox page 23...
[13:37:49]   Scraping xbox page 24...
[13:37:51]   Scraping xbox page 25...
[13:37:54]   Scraping xbox page 26...
[13:37:56]   Scraping xbox page 27...
[13:37:58]   Scraping xbox page 28...
[13:38:01]   Scraping xbox page 29...
[13:38:03]   Scraping xbox page 30...
[13:38:06]   Scraping xbox page 31...
[13:38:08]   Scraping xbox page 32...
[13:38:10]   Scraping xbox page 33...
[13:38:13]   Scraping xbox page 34...
[13:38:15]   Scraping xbox page 35...
[13:38:18]   Scraping xbox page 36...
[13:38:20]   Scraping xbox page 37...
[13:38:23]   Scraping xbox page 38...
[13:38:25]   Scraping xbox page 39...
[13:38:28]   Scraping xbox page 40...
[13:38:30]   Scraping xbox page 41...
[13:38:33]   Scraping xbox page 42...
[13:38:35]   Scraping xbox page 43...
[13:38:37]   Scraping xbox page 44...
[13:38:40]   Scraping xbox page 45...
[13:38:43]   Scraping xbox page 46...
[13:38:46]   Scraping xbox page 47...
[13:38:48]   Scraping xbox page 48...
[13:38:51]   Scraping xbox page 49...
[13:38:53]   Scraping xbox page 50...
[13:38:55]   Found 2500 items
[13:38:55] 
Scraping xbox-360...
[13:38:55]   Scraping xbox-360 page 1...
[13:38:58]   Scraping xbox-360 page 2...
[13:39:00]   Scraping xbox-360 page 3...
[13:39:03]   Scraping xbox-360 page 4...
[13:39:06]   Scraping xbox-360 page 5...
[13:39:08]   Scraping xbox-360 page 6...
[13:39:12]   Scraping xbox-360 page 7...
[13:39:14]   Scraping xbox-360 page 8...
[13:39:17]   Scraping xbox-360 page 9...
[13:39:19]   Scraping xbox-360 page 10...
[13:39:22]   Scraping xbox-360 page 11...
[13:39:24]   Scraping xbox-360 page 12...
[13:39:26]   Scraping xbox-360 page 13...
[13:39:29]   Scraping xbox-360 page 14...
[13:39:31]   Scraping xbox-360 page 15...
[13:39:33]   Scraping xbox-360 page 16...
[13:39:36]   Scraping xbox-360 page 17...
[13:39:38]   Scraping xbox-360 page 18...
[13:39:41]   Scraping xbox-360 page 19...
[13:39:43]   Scraping xbox-360 page 20...
[13:39:46]   Scraping xbox-360 page 21...
[13:39:48]   Scraping xbox-360 page 22...
[13:39:50]   Scraping xbox-360 page 23...
[13:39:53]   Scraping xbox-360 page 24...
[13:39:55]   Scraping xbox-360 page 25...
[13:39:58]   Scraping xbox-360 page 26...
[13:40:00]   Scraping xbox-360 page 27...
[13:40:03]   Scraping xbox-360 page 28...
[13:40:05]   Scraping xbox-360 page 29...
[13:40:07]   Scraping xbox-360 page 30...
[13:40:10]   Scraping xbox-360 page 31...
[13:40:12]   Scraping xbox-360 page 32...
[13:40:14]   Scraping xbox-360 page 33...
[13:40:17]   Scraping xbox-360 page 34...
[13:40:20]   Scraping xbox-360 page 35...
[13:40:22]   Scraping xbox-360 page 36...
[13:40:25]   Scraping xbox-360 page 37...
[13:40:27]   Scraping xbox-360 page 38...
[13:40:29]   Scraping xbox-360 page 39...
[13:40:32]   Scraping xbox-360 page 40...
[13:40:34]   Scraping xbox-360 page 41...
[13:40:37]   Scraping xbox-360 page 42...
[13:40:39]   Scraping xbox-360 page 43...
[13:40:42]   Scraping xbox-360 page 44...
[13:40:44]   Scraping xbox-360 page 45...
[13:40:47]   Scraping xbox-360 page 46...
[13:40:49]   Scraping xbox-360 page 47...
[13:40:51]   Scraping xbox-360 page 48...
[13:40:54]   Scraping xbox-360 page 49...
[13:40:56]   Scraping xbox-360 page 50...
[13:40:59]   Found 2250 items
[13:40:59] 
Scraping atari-2600...
[13:40:59]   Scraping atari-2600 page 1...
[13:41:01]   Scraping atari-2600 page 2...
[13:41:04]   Scraping atari-2600 page 3...
[13:41:06]   Scraping atari-2600 page 4...
[13:41:09]   Scraping atari-2600 page 5...
[13:41:11]   Scraping atari-2600 page 6...
[13:41:13]   Scraping atari-2600 page 7...
[13:41:16]   Scraping atari-2600 page 8...
[13:41:18]   Scraping atari-2600 page 9...
[13:41:21]   Scraping atari-2600 page 10...
[13:41:23]   Scraping atari-2600 page 11...
[13:41:25]   Scraping atari-2600 page 12...
[13:41:28]   Scraping atari-2600 page 13...
[13:41:31]   Scraping atari-2600 page 14...
[13:41:33]   Scraping atari-2600 page 15...
[13:41:36]   Scraping atari-2600 page 16...
[13:41:38]   Scraping atari-2600 page 17...
[13:41:40]   Scraping atari-2600 page 18...
[13:41:43]   Scraping atari-2600 page 19...
[13:41:46]   Scraping atari-2600 page 20...
[13:41:48]   Scraping atari-2600 page 21...
[13:41:51]   Scraping atari-2600 page 22...
[13:41:54]   Scraping atari-2600 page 23...
[13:41:56]   Scraping atari-2600 page 24...
[13:41:59]   Scraping atari-2600 page 25...
[13:42:01]   Scraping atari-2600 page 26...
[13:42:04]   Scraping atari-2600 page 27...
[13:42:07]   Scraping atari-2600 page 28...
[13:42:09]   Scraping atari-2600 page 29...
[13:42:11]   Scraping atari-2600 page 30...
[13:42:14]   Scraping atari-2600 page 31...
[13:42:17]   Scraping atari-2600 page 32...
[13:42:19]   Scraping atari-2600 page 33...
[13:42:21]   Scraping atari-2600 page 34...
[13:42:24]   Scraping atari-2600 page 35...
[13:42:26]   Scraping atari-2600 page 36...
[13:42:29]   Scraping atari-2600 page 37...
[13:42:31]   Scraping atari-2600 page 38...
[13:42:34]   Scraping atari-2600 page 39...
[13:42:36]   Scraping atari-2600 page 40...
[13:42:39]   Scraping atari-2600 page 41...
[13:42:41]   Scraping atari-2600 page 42...
[13:42:44]   Scraping atari-2600 page 43...
[13:42:46]   Scraping atari-2600 page 44...
[13:42:49]   Scraping atari-2600 page 45...
[13:42:51]   Scraping atari-2600 page 46...
[13:42:53]   Scraping atari-2600 page 47...
[13:42:56]   Scraping atari-2600 page 48...
[13:42:58]   Scraping atari-2600 page 49...
[13:43:01]   Scraping atari-2600 page 50...
[13:43:03]   Found 2150 items
[13:43:03] 
Scraping turbografx-16...
[13:43:03]   Scraping turbografx-16 page 1...
[13:43:06]   Scraping turbografx-16 page 2...
[13:43:08]   Scraping turbografx-16 page 3...
[13:43:11]   Scraping turbografx-16 page 4...
[13:43:13]   Scraping turbografx-16 page 5...
[13:43:16]   Scraping turbografx-16 page 6...
[13:43:18]   Scraping turbografx-16 page 7...
[13:43:21]   Scraping turbografx-16 page 8...
[13:43:23]   Scraping turbografx-16 page 9...
[13:43:25]   Scraping turbografx-16 page 10...
[13:43:28]   Scraping turbografx-16 page 11...
[13:43:30]   Scraping turbografx-16 page 12...
[13:43:33]   Scraping turbografx-16 page 13...
[13:43:35]   Scraping turbografx-16 page 14...
[13:43:38]   Scraping turbografx-16 page 15...
[13:43:41]   Scraping turbografx-16 page 16...
[13:43:43]   Scraping turbografx-16 page 17...
[13:43:45]   Scraping turbografx-16 page 18...
[13:43:48]   Scraping turbografx-16 page 19...
[13:43:50]   Scraping turbografx-16 page 20...
[13:43:53]   Scraping turbografx-16 page 21...
[13:43:55]   Scraping turbografx-16 page 22...
[13:43:58]   Scraping turbografx-16 page 23...
[13:44:00]   Scraping turbografx-16 page 24...
[13:44:03]   Scraping turbografx-16 page 25...
[13:44:05]   Scraping turbografx-16 page 26...
[13:44:08]   Scraping turbografx-16 page 27...
[13:44:10]   Scraping turbografx-16 page 28...
[13:44:13]   Scraping turbografx-16 page 29...
[13:44:15]   Scraping turbografx-16 page 30...
[13:44:18]   Scraping turbografx-16 page 31...
[13:44:20]   Scraping turbografx-16 page 32...
[13:44:23]   Scraping turbografx-16 page 33...
[13:44:26]   Scraping turbografx-16 page 34...
[13:44:28]   Scraping turbografx-16 page 35...
[13:44:31]   Scraping turbografx-16 page 36...
[13:44:33]   Scraping turbografx-16 page 37...
[13:44:36]   Scraping turbografx-16 page 38...
[13:44:38]   Scraping turbografx-16 page 39...
[13:44:41]   Scraping turbografx-16 page 40...
[13:44:43]   Scraping turbografx-16 page 41...
[13:44:45]   Scraping turbografx-16 page 42...
[13:44:48]   Scraping turbografx-16 page 43...
[13:44:51]   Scraping turbografx-16 page 44...
[13:44:53]   Scraping turbografx-16 page 45...
[13:44:55]   Scraping turbografx-16 page 46...
[13:44:58]   Scraping turbografx-16 page 47...
[13:45:01]   Scraping turbografx-16 page 48...
[13:45:03]   Scraping turbografx-16 page 49...
[13:45:06]   Scraping turbografx-16 page 50...
[13:45:08]   Found 2300 items
[13:45:08] 
Scraping neo-geo...
[13:45:08]   Scraping neo-geo page 1...
[13:45:08]   ERROR: Failed to scrape https://www.pricecharting.com/console/neo-geo?sort=name&page=1: 404 Client Error: Not Found for url: https://www.pricecharting.com/console/neo-geo?sort=name&page=1
[13:45:08]   Found 0 items
[13:45:08] 
Total PriceCharting items scraped: 56244
[13:45:08] 
Matching 56244 PriceCharting items to 6121 Shopify products...
[13:46:41] 
CSV report saved: /Users/tristanaddi1/Projects/8bit-legacy/data/logs/price-refresh-20260406_125045.csv
[13:46:41] 
============================================================
[13:46:41] RESULTS
[13:46:41] ============================================================
[13:46:41]   PriceCharting items scraped: 56244
[13:46:41]   Shopify products checked:    6121
[13:46:41]   Matched:                     355
[13:46:41]   Loose prices updated:        56
[13:46:41]   CIB prices updated:          44
[13:46:41]   No match found:              5766
[13:46:41]   No significant change:       435
[13:46:41]   Safety limit (>30%):         174
[13:46:41]   Total changes in CSV:        274
