[11:19:40] ============================================================
[11:19:40] FULL PRICE REFRESH — APPLY MODE (INITIAL RUN — safety limit raised to 80%)
[11:19:40] Multiplier: 1.35x | Min profit: $3.00
[11:19:40] Log: /Users/tristanaddi1/Projects/8bit-legacy/data/logs/price-refresh-20260406_111940.log
[11:19:40] ============================================================
[11:19:40] Fetching all Shopify products...
[11:19:48]   Fetched 500 products so far (page 10)...
[11:19:56]   Fetched 1000 products so far (page 20)...
[11:20:05]   Fetched 1500 products so far (page 30)...
[11:20:13]   Fetched 2000 products so far (page 40)...
[11:20:21]   Fetched 2500 products so far (page 50)...
[11:20:29]   Fetched 3000 products so far (page 60)...
[11:20:37]   Fetched 3500 products so far (page 70)...
[11:20:46]   Fetched 4000 products so far (page 80)...
[11:20:55]   Fetched 4500 products so far (page 90)...
[11:21:03]   Fetched 5000 products so far (page 100)...
[11:21:11]   Fetched 5500 products so far (page 110)...
[11:21:20]   Fetched 6000 products so far (page 120)...
[11:21:28]   Fetched 6121 products so far (page 130)...
[11:21:34]   Fetched 6121 game products total
[11:21:34] 
Scraping nes...
[11:21:34]   Scraping nes page 1...
[11:21:36]   Scraping nes page 2...
[11:21:39]   Scraping nes page 3...
[11:21:41]   Scraping nes page 4...
[11:21:44]   Scraping nes page 5...
[11:21:46]   Scraping nes page 6...
[11:21:49]   Scraping nes page 7...
[11:21:51]   Scraping nes page 8...
[11:21:54]   Scraping nes page 9...
[11:21:56]   Scraping nes page 10...
[11:21:59]   Scraping nes page 11...
[11:22:01]   Scraping nes page 12...
[11:22:04]   Scraping nes page 13...
[11:22:06]   Scraping nes page 14...
[11:22:09]   Scraping nes page 15...
[11:22:11]   Found 630 items
[11:22:11] 
Scraping super-nintendo...
[11:22:11]   Scraping super-nintendo page 1...
[11:22:14]   Scraping super-nintendo page 2...
[11:22:16]   Scraping super-nintendo page 3...
[11:22:18]   Scraping super-nintendo page 4...
[11:22:21]   Scraping super-nintendo page 5...
[11:22:23]   Scraping super-nintendo page 6...
[11:22:26]   Scraping super-nintendo page 7...
[11:22:28]   Scraping super-nintendo page 8...
[11:22:31]   Scraping super-nintendo page 9...
[11:22:33]   Scraping super-nintendo page 10...
[11:22:36]   Scraping super-nintendo page 11...
[11:22:39]   Scraping super-nintendo page 12...
[11:22:41]   Scraping super-nintendo page 13...
[11:22:44]   Scraping super-nintendo page 14...
[11:22:46]   Scraping super-nintendo page 15...
[11:22:49]   Found 615 items
[11:22:49] 
Scraping nintendo-64...
[11:22:49]   Scraping nintendo-64 page 1...
[11:22:51]   Scraping nintendo-64 page 2...
[11:22:54]   Scraping nintendo-64 page 3...
[11:22:57]   Scraping nintendo-64 page 4...
[11:22:59]   Scraping nintendo-64 page 5...
[11:23:02]   Scraping nintendo-64 page 6...
[11:23:04]   Scraping nintendo-64 page 7...
[11:23:07]   Scraping nintendo-64 page 8...
[11:23:09]   Scraping nintendo-64 page 9...
[11:23:12]   Scraping nintendo-64 page 10...
[11:23:14]   Scraping nintendo-64 page 11...
[11:23:16]   Scraping nintendo-64 page 12...
[11:23:19]   Scraping nintendo-64 page 13...
[11:23:21]   Scraping nintendo-64 page 14...
[11:23:24]   Scraping nintendo-64 page 15...
[11:23:26]   Found 585 items
[11:23:26] 
Scraping gamecube...
[11:23:26]   Scraping gamecube page 1...
[11:23:29]   Scraping gamecube page 2...
[11:23:31]   Scraping gamecube page 3...
[11:23:34]   Scraping gamecube page 4...
[11:23:37]   Scraping gamecube page 5...
[11:23:40]   Scraping gamecube page 6...
[11:23:42]   Scraping gamecube page 7...
[11:23:45]   Scraping gamecube page 8...
[11:23:47]   Scraping gamecube page 9...
[11:23:50]   Scraping gamecube page 10...
[11:23:52]   Scraping gamecube page 11...
[11:23:55]   Scraping gamecube page 12...
[11:23:57]   Scraping gamecube page 13...
[11:24:00]   Scraping gamecube page 14...
[11:24:02]   Scraping gamecube page 15...
[11:24:05]   Found 660 items
[11:24:05] 
Scraping wii...
[11:24:05]   Scraping wii page 1...
[11:24:08]   Scraping wii page 2...
[11:24:10]   Scraping wii page 3...
[11:24:13]   Scraping wii page 4...
[11:24:16]   Scraping wii page 5...
[11:24:18]   Scraping wii page 6...
[11:24:21]   Scraping wii page 7...
[11:24:23]   Scraping wii page 8...
[11:24:26]   Scraping wii page 9...
[11:24:28]   Scraping wii page 10...
[11:24:31]   Scraping wii page 11...
[11:24:33]   Scraping wii page 12...
[11:24:36]   Scraping wii page 13...
[11:24:38]   Scraping wii page 14...
[11:24:41]   Scraping wii page 15...
[11:24:43]   Found 705 items
[11:24:43] 
Scraping wii-u...
[11:24:43]   Scraping wii-u page 1...
[11:24:46]   Scraping wii-u page 2...
[11:24:48]   Scraping wii-u page 3...
[11:24:51]   Scraping wii-u page 4...
[11:24:53]   Scraping wii-u page 5...
[11:24:55]   Scraping wii-u page 6...
[11:24:58]   Scraping wii-u page 7...
[11:25:00]   Scraping wii-u page 8...
[11:25:03]   Scraping wii-u page 9...
[11:25:05]   Scraping wii-u page 10...
[11:25:08]   Scraping wii-u page 11...
[11:25:11]   Scraping wii-u page 12...
[11:25:13]   Scraping wii-u page 13...
[11:25:16]   Scraping wii-u page 14...
[11:25:18]   Scraping wii-u page 15...
[11:25:21]   Found 705 items
[11:25:21] 
Scraping gameboy...
[11:25:21]   Scraping gameboy page 1...
[11:25:23]   Scraping gameboy page 2...
[11:25:26]   Scraping gameboy page 3...
[11:25:28]   Scraping gameboy page 4...
[11:25:31]   Scraping gameboy page 5...
[11:25:33]   Scraping gameboy page 6...
[11:25:36]   Scraping gameboy page 7...
[11:25:39]   Scraping gameboy page 8...
[11:25:41]   Scraping gameboy page 9...
[11:25:44]   Scraping gameboy page 10...
[11:25:46]   Scraping gameboy page 11...
[11:25:49]   Scraping gameboy page 12...
[11:25:51]   Scraping gameboy page 13...
[11:25:54]   Scraping gameboy page 14...
[11:25:57]   Scraping gameboy page 15...
[11:25:59]   Found 540 items
[11:25:59] 
Scraping gameboy-color...
[11:25:59]   Scraping gameboy-color page 1...
[11:26:03]   Scraping gameboy-color page 2...
[11:26:05]   Scraping gameboy-color page 3...
[11:26:07]   Scraping gameboy-color page 4...
[11:26:10]   Scraping gameboy-color page 5...
[11:26:12]   Scraping gameboy-color page 6...
[11:26:15]   Scraping gameboy-color page 7...
[11:26:18]   Scraping gameboy-color page 8...
[11:26:20]   Scraping gameboy-color page 9...
[11:26:23]   Scraping gameboy-color page 10...
[11:26:25]   Scraping gameboy-color page 11...
[11:26:28]   Scraping gameboy-color page 12...
[11:26:31]   Scraping gameboy-color page 13...
[11:26:33]   Scraping gameboy-color page 14...
[11:26:36]   Scraping gameboy-color page 15...
[11:26:38]   Found 705 items
[11:26:38] 
Scraping gameboy-advance...
[11:26:38]   Scraping gameboy-advance page 1...
[11:26:41]   Scraping gameboy-advance page 2...
[11:26:43]   Scraping gameboy-advance page 3...
[11:26:46]   Scraping gameboy-advance page 4...
[11:26:48]   Scraping gameboy-advance page 5...
[11:26:51]   Scraping gameboy-advance page 6...
[11:26:53]   Scraping gameboy-advance page 7...
[11:26:56]   Scraping gameboy-advance page 8...
[11:26:58]   Scraping gameboy-advance page 9...
[11:27:01]   Scraping gameboy-advance page 10...
[11:27:03]   Scraping gameboy-advance page 11...
[11:27:06]   Scraping gameboy-advance page 12...
[11:27:08]   Scraping gameboy-advance page 13...
[11:27:11]   Scraping gameboy-advance page 14...
[11:27:13]   Scraping gameboy-advance page 15...
[11:27:15]   Found 720 items
[11:27:15] 
Scraping nintendo-ds...
[11:27:15]   Scraping nintendo-ds page 1...
[11:27:18]   Scraping nintendo-ds page 2...
[11:27:20]   Scraping nintendo-ds page 3...
[11:27:23]   Scraping nintendo-ds page 4...
[11:27:25]   Scraping nintendo-ds page 5...
[11:27:28]   Scraping nintendo-ds page 6...
[11:27:31]   Scraping nintendo-ds page 7...
[11:27:33]   Scraping nintendo-ds page 8...
[11:27:36]   Scraping nintendo-ds page 9...
[11:27:38]   Scraping nintendo-ds page 10...
[11:27:41]   Scraping nintendo-ds page 11...
[11:27:43]   Scraping nintendo-ds page 12...
[11:27:45]   Scraping nintendo-ds page 13...
[11:27:48]   Scraping nintendo-ds page 14...
[11:27:50]   Scraping nintendo-ds page 15...
[11:27:53]   Found 720 items
[11:27:53] 
Scraping nintendo-3ds...
[11:27:53]   Scraping nintendo-3ds page 1...
[11:27:56]   Scraping nintendo-3ds page 2...
[11:27:58]   Scraping nintendo-3ds page 3...
[11:28:01]   Scraping nintendo-3ds page 4...
[11:28:03]   Scraping nintendo-3ds page 5...
[11:28:05]   Scraping nintendo-3ds page 6...
[11:28:08]   Scraping nintendo-3ds page 7...
[11:28:10]   Scraping nintendo-3ds page 8...
[11:28:13]   Scraping nintendo-3ds page 9...
[11:28:15]   Scraping nintendo-3ds page 10...
[11:28:18]   Scraping nintendo-3ds page 11...
[11:28:20]   Scraping nintendo-3ds page 12...
[11:28:23]   Scraping nintendo-3ds page 13...
[11:28:25]   Scraping nintendo-3ds page 14...
[11:28:28]   Scraping nintendo-3ds page 15...
[11:28:30]   Found 720 items
[11:28:30] 
Scraping sega-genesis...
[11:28:30]   Scraping sega-genesis page 1...
[11:28:33]   Scraping sega-genesis page 2...
[11:28:36]   Scraping sega-genesis page 3...
[11:28:38]   Scraping sega-genesis page 4...
[11:28:41]   Scraping sega-genesis page 5...
[11:28:44]   Scraping sega-genesis page 6...
[11:28:46]   Scraping sega-genesis page 7...
[11:28:49]   Scraping sega-genesis page 8...
[11:28:51]   Scraping sega-genesis page 9...
[11:28:54]   Scraping sega-genesis page 10...
[11:28:57]   Scraping sega-genesis page 11...
[11:28:59]   Scraping sega-genesis page 12...
[11:29:02]   Scraping sega-genesis page 13...
[11:29:04]   Scraping sega-genesis page 14...
[11:29:06]   Scraping sega-genesis page 15...
[11:29:09]   Found 690 items
[11:29:09] 
Scraping sega-saturn...
[11:29:09]   Scraping sega-saturn page 1...
[11:29:11]   Scraping sega-saturn page 2...
[11:29:14]   Scraping sega-saturn page 3...
[11:29:16]   Scraping sega-saturn page 4...
[11:29:19]   Scraping sega-saturn page 5...
[11:29:21]   Scraping sega-saturn page 6...
[11:29:23]   Scraping sega-saturn page 7...
[11:29:26]   Scraping sega-saturn page 8...
[11:29:28]   Scraping sega-saturn page 9...
[11:29:31]   Scraping sega-saturn page 10...
[11:29:33]   Scraping sega-saturn page 11...
[11:29:36]   Scraping sega-saturn page 12...
[11:29:38]   Scraping sega-saturn page 13...
[11:29:41]   Scraping sega-saturn page 14...
[11:29:43]   Scraping sega-saturn page 15...
[11:29:45]   Found 675 items
[11:29:45] 
Scraping sega-dreamcast...
[11:29:45]   Scraping sega-dreamcast page 1...
[11:29:48]   Scraping sega-dreamcast page 2...
[11:29:50]   Scraping sega-dreamcast page 3...
[11:29:52]   Scraping sega-dreamcast page 4...
[11:29:55]   Scraping sega-dreamcast page 5...
[11:29:57]   Scraping sega-dreamcast page 6...
[11:30:00]   Scraping sega-dreamcast page 7...
[11:30:02]   Scraping sega-dreamcast page 8...
[11:30:05]   Scraping sega-dreamcast page 9...
[11:30:07]   Scraping sega-dreamcast page 10...
[11:30:10]   Scraping sega-dreamcast page 11...
[11:30:12]   Scraping sega-dreamcast page 12...
[11:30:15]   Scraping sega-dreamcast page 13...
[11:30:17]   Scraping sega-dreamcast page 14...
[11:30:20]   Scraping sega-dreamcast page 15...
[11:30:22]   Found 705 items
[11:30:22] 
Scraping sega-cd...
[11:30:22]   Scraping sega-cd page 1...
[11:30:25]   Scraping sega-cd page 2...
[11:30:27]   Scraping sega-cd page 3...
[11:30:30]   Scraping sega-cd page 4...
[11:30:32]   Scraping sega-cd page 5...
[11:30:35]   Scraping sega-cd page 6...
[11:30:37]   Scraping sega-cd page 7...
[11:30:39]   Scraping sega-cd page 8...
[11:30:42]   Scraping sega-cd page 9...
[11:30:44]   Scraping sega-cd page 10...
[11:30:47]   Scraping sega-cd page 11...
[11:30:49]   Scraping sega-cd page 12...
[11:30:51]   Scraping sega-cd page 13...
[11:30:54]   Scraping sega-cd page 14...
[11:30:57]   Scraping sega-cd page 15...
[11:30:59]   Found 690 items
[11:30:59] 
Scraping sega-game-gear...
[11:30:59]   Scraping sega-game-gear page 1...
[11:31:02]   Scraping sega-game-gear page 2...
[11:31:04]   Scraping sega-game-gear page 3...
[11:31:06]   Scraping sega-game-gear page 4...
[11:31:09]   Scraping sega-game-gear page 5...
[11:31:12]   Scraping sega-game-gear page 6...
[11:31:14]   Scraping sega-game-gear page 7...
[11:31:16]   Scraping sega-game-gear page 8...
[11:31:19]   Scraping sega-game-gear page 9...
[11:31:21]   Scraping sega-game-gear page 10...
[11:31:24]   Scraping sega-game-gear page 11...
[11:31:27]   Scraping sega-game-gear page 12...
[11:31:29]   Scraping sega-game-gear page 13...
[11:31:32]   Scraping sega-game-gear page 14...
[11:31:34]   Scraping sega-game-gear page 15...
[11:31:37]   Found 720 items
[11:31:37] 
Scraping playstation...
[11:31:37]   Scraping playstation page 1...
[11:31:39]   Scraping playstation page 2...
[11:31:42]   Scraping playstation page 3...
[11:31:44]   Scraping playstation page 4...
[11:31:47]   Scraping playstation page 5...
[11:31:50]   Scraping playstation page 6...
[11:31:52]   Scraping playstation page 7...
[11:31:55]   Scraping playstation page 8...
[11:31:57]   Scraping playstation page 9...
[11:32:00]   Scraping playstation page 10...
[11:32:03]   Scraping playstation page 11...
[11:32:05]   Scraping playstation page 12...
[11:32:08]   Scraping playstation page 13...
[11:32:10]   Scraping playstation page 14...
[11:32:13]   Scraping playstation page 15...
[11:32:15]   Found 675 items
[11:32:15] 
Scraping playstation-2...
[11:32:15]   Scraping playstation-2 page 1...
[11:32:18]   Scraping playstation-2 page 2...
[11:32:20]   Scraping playstation-2 page 3...
[11:32:23]   Scraping playstation-2 page 4...
[11:32:25]   Scraping playstation-2 page 5...
[11:32:27]   Scraping playstation-2 page 6...
[11:32:30]   Scraping playstation-2 page 7...
[11:32:33]   Scraping playstation-2 page 8...
[11:32:36]   Scraping playstation-2 page 9...
[11:32:38]   Scraping playstation-2 page 10...
[11:32:41]   Scraping playstation-2 page 11...
[11:32:43]   Scraping playstation-2 page 12...
[11:32:46]   Scraping playstation-2 page 13...
[11:32:48]   Scraping playstation-2 page 14...
[11:32:50]   Scraping playstation-2 page 15...
[11:32:53]   Found 645 items
[11:32:53] 
Scraping playstation-3...
[11:32:53]   Scraping playstation-3 page 1...
[11:32:55]   Scraping playstation-3 page 2...
[11:32:58]   Scraping playstation-3 page 3...
[11:33:00]   Scraping playstation-3 page 4...
[11:33:02]   Scraping playstation-3 page 5...
[11:33:05]   Scraping playstation-3 page 6...
[11:33:07]   Scraping playstation-3 page 7...
[11:33:10]   Scraping playstation-3 page 8...
[11:33:15]   Scraping playstation-3 page 9...
[11:33:17]   Scraping playstation-3 page 10...
[11:33:20]   Scraping playstation-3 page 11...
[11:33:22]   Scraping playstation-3 page 12...
[11:33:24]   Scraping playstation-3 page 13...
[11:33:27]   Scraping playstation-3 page 14...
[11:33:29]   Scraping playstation-3 page 15...
[11:33:32]   Found 660 items
[11:33:32] 
Scraping psp...
[11:33:32]   Scraping psp page 1...
[11:33:35]   Scraping psp page 2...
[11:33:37]   Scraping psp page 3...
[11:33:40]   Scraping psp page 4...
[11:33:42]   Scraping psp page 5...
[11:33:44]   Scraping psp page 6...
[11:33:47]   Scraping psp page 7...
[11:33:49]   Scraping psp page 8...
[11:33:52]   Scraping psp page 9...
[11:33:54]   Scraping psp page 10...
[11:33:57]   Scraping psp page 11...
[11:33:59]   Scraping psp page 12...
[11:34:01]   Scraping psp page 13...
[11:34:05]   Scraping psp page 14...
[11:34:07]   Scraping psp page 15...
[11:34:09]   Found 660 items
[11:34:09] 
Scraping xbox...
[11:34:09]   Scraping xbox page 1...
[11:34:12]   Scraping xbox page 2...
[11:34:14]   Scraping xbox page 3...
[11:34:17]   Scraping xbox page 4...
[11:34:19]   Scraping xbox page 5...
[11:34:21]   Scraping xbox page 6...
[11:34:24]   Scraping xbox page 7...
[11:34:26]   Scraping xbox page 8...
[11:34:29]   Scraping xbox page 9...
[11:34:32]   Scraping xbox page 10...
[11:34:34]   Scraping xbox page 11...
[11:34:37]   Scraping xbox page 12...
[11:34:39]   Scraping xbox page 13...
[11:34:42]   Scraping xbox page 14...
[11:34:44]   Scraping xbox page 15...
[11:34:47]   Found 750 items
[11:34:47] 
Scraping xbox-360...
[11:34:47]   Scraping xbox-360 page 1...
[11:34:49]   Scraping xbox-360 page 2...
[11:34:52]   Scraping xbox-360 page 3...
[11:34:54]   Scraping xbox-360 page 4...
[11:34:57]   Scraping xbox-360 page 5...
[11:34:59]   Scraping xbox-360 page 6...
[11:35:02]   Scraping xbox-360 page 7...
[11:35:04]   Scraping xbox-360 page 8...
[11:35:07]   Scraping xbox-360 page 9...
[11:35:09]   Scraping xbox-360 page 10...
[11:35:11]   Scraping xbox-360 page 11...
[11:35:14]   Scraping xbox-360 page 12...
[11:35:16]   Scraping xbox-360 page 13...
[11:35:19]   Scraping xbox-360 page 14...
[11:35:21]   Scraping xbox-360 page 15...
[11:35:24]   Found 675 items
[11:35:24] 
Scraping atari-2600...
[11:35:24]   Scraping atari-2600 page 1...
[11:35:27]   Scraping atari-2600 page 2...
[11:35:29]   Scraping atari-2600 page 3...
[11:35:31]   Scraping atari-2600 page 4...
[11:35:34]   Scraping atari-2600 page 5...
[11:35:36]   Scraping atari-2600 page 6...
[11:35:39]   Scraping atari-2600 page 7...
[11:35:41]   Scraping atari-2600 page 8...
[11:35:44]   Scraping atari-2600 page 9...
[11:35:46]   Scraping atari-2600 page 10...
[11:35:49]   Scraping atari-2600 page 11...
[11:35:51]   Scraping atari-2600 page 12...
[11:35:54]   Scraping atari-2600 page 13...
[11:35:57]   Scraping atari-2600 page 14...
[11:35:59]   Scraping atari-2600 page 15...
[11:36:01]   Found 645 items
[11:36:01] 
Scraping turbografx-16...
[11:36:01]   Scraping turbografx-16 page 1...
[11:36:04]   Scraping turbografx-16 page 2...
[11:36:06]   Scraping turbografx-16 page 3...
[11:36:09]   Scraping turbografx-16 page 4...
[11:36:11]   Scraping turbografx-16 page 5...
[11:36:14]   Scraping turbografx-16 page 6...
[11:36:16]   Scraping turbografx-16 page 7...
[11:36:18]   Scraping turbografx-16 page 8...
[11:36:22]   Scraping turbografx-16 page 9...
[11:36:24]   Scraping turbografx-16 page 10...
[11:36:27]   Scraping turbografx-16 page 11...
[11:36:29]   Scraping turbografx-16 page 12...
[11:36:32]   Scraping turbografx-16 page 13...
[11:36:34]   Scraping turbografx-16 page 14...
[11:36:37]   Scraping turbografx-16 page 15...
[11:36:39]   Found 690 items
[11:36:39] 
Scraping neo-geo...
[11:36:39]   Scraping neo-geo page 1...
[11:36:40]   ERROR: Failed to scrape https://www.pricecharting.com/console/neo-geo?sort=name&page=1: 404 Client Error: Not Found for url: https://www.pricecharting.com/console/neo-geo?sort=name&page=1
[11:36:40]   Found 0 items
[11:36:40] 
Total PriceCharting items scraped: 16185
[11:36:40] 
Matching 16185 PriceCharting items to 6121 Shopify products...
[11:46:29] 
CSV report saved: /Users/tristanaddi1/Projects/8bit-legacy/data/logs/price-refresh-20260406_111940.csv
[11:46:29] 
============================================================
[11:46:29] RESULTS
[11:46:29] ============================================================
[11:46:29]   PriceCharting items scraped: 16185
[11:46:29]   Shopify products checked:    6121
[11:46:29]   Matched:                     474
[11:46:29]   Loose prices updated:        387
[11:46:29]   CIB prices updated:          195
[11:46:29]   No match found:              5647
[11:46:29]   No significant change:       44
[11:46:29]   Safety limit (>30%):         321
[11:46:29]   Total changes in CSV:        903
