[20:24:24] ============================================================
[20:24:24] UNIFIED PRICE REFRESH — REPORT
[20:24:24] Multiplier: 1.35× | Round to: $X.99 | Min profit: $3.00
[20:24:24] eBay fallback: ON (active×0.85 trimmed median, min 6 comps)
[20:24:24] Log: /home/tristan/Projects/8bit-legacy/data/logs/refresh-unified-20260413_202424.log
[20:24:24] CSV: /home/tristan/Projects/8bit-legacy/data/logs/refresh-unified-20260413_202424.csv
[20:24:24] ============================================================
[20:24:24] Fetching all Shopify products…
[20:24:38]   Fetched 1000 products (page 20)…
[20:24:53]   Fetched 2000 products (page 40)…
[20:25:08]   Fetched 3000 products (page 60)…
[20:25:23]   Fetched 4000 products (page 80)…
[20:25:38]   Fetched 5000 products (page 100)…
[20:25:53]   Fetched 6000 products (page 120)…
[20:26:08]   Fetched 6121 products (page 140)…
[20:26:17]   Total: 6121 game products
[20:26:17] Filtered to --ids-file list: 1678/6121 match
[20:26:17] Limited to first 30 products
[20:28:26]   Progress: 25/30 | PC: 11 | eBay: 3 | No match: 11 | ETA: 0min
[20:28:54] 
============================================================
[20:28:54] RESULTS
[20:28:54] ============================================================
[20:28:54]   Total products:       30
[20:28:54]   PC matches:           11
[20:28:54]   eBay matches:         3
[20:28:54]   No match (both failed): 16
[20:28:54]   Loose prices updated: 0
[20:28:54]   CIB prices updated:   0
[20:28:54]   No change (<$0.50):   21
[20:28:54]   Errors:               0
[20:28:54]   Skipped (resume):     0
[20:28:54]   Time: 2.6 min
[20:28:54]   Match rate: 46.7%
