/Users/tristanaddi1/Library/Python/3.9/lib/python/site-packages/urllib3/__init__.py:35: NotOpenSSLWarning: urllib3 v2 only supports OpenSSL 1.1.1+, currently the 'ssl' module is compiled with 'LibreSSL 2.8.3'. See: https://github.com/urllib3/urllib3/issues/3020
  warnings.warn(
Fetching products...
  Fetched 500 products so far...
  Fetched 1000 products so far...
  Fetched 1500 products so far...
  Fetched 2000 products so far...
  Fetched 2500 products so far...
  Fetched 3000 products so far...
  Fetched 3500 products so far...
  Fetched 4000 products so far...
  Fetched 4500 products so far...
  Fetched 5000 products so far...
  Fetched 5500 products so far...
  Fetched 6000 products so far...
  Fetched 6500 products so far...
  Fetched 7000 products so far...
  Found 7290 products

  Mode: DRY RUN

  Deals of the Week — 20.0% off 10 products:

  Product                                                  Original      Sale    Save
  ------------------------------------------------------- --------- --------- -------
  Steel Battalion - Xbox Game                             $ 529.99 $ 423.99 $106.00
  Superman - Sega Genesis Game                            $  95.99 $  76.99 $19.00
  Venusaur (18/110) - Legendary Collection                $ 104.99 $  83.99 $21.00
  Worldwide Soccer 98 - Sega Saturn Game                  $  22.99 $  18.99 $ 4.00
  Super Mario Advance 2 - GBA Game                        $  26.99 $  21.99 $ 5.00
  Bloodmoon Ursaluna ex (168/131) - Prismatic Evolutions  $  71.99 $  57.99 $14.00
  WWF Royal Rumble - Sega Dreamcast Game                  $  15.99 $  12.99 $ 3.00
  El Tigre - PS2 Game                                     $  12.99 $  10.99 $ 2.00
  Spy Hunter Nowhere to Run - PS2 Game                    $  10.99 $   8.99 $ 2.00
  Dave Mirra Freestyle BMX 2 - Gamecube Game              $   7.99 $   6.99 $ 1.00

  Would update 10 products
  Total customer savings: $389.00
